LJMD version 1.0
Starting simulation with 78732 atoms for 20 steps, nPEs = 32, Thds = 1.
	NFI		TEMP		EKIN			EPOT			ETOT
       0          71.96990686       16890.05291324     -122097.78543733     -105207.73252409
       5          70.75285384       16604.43228639     -121809.07486244     -105204.64257605
      10          68.54614858       16086.55793729     -121291.84036390     -105205.28242661
      15          66.28981949       15557.03776251     -120761.98955692     -105204.95179440
      20          64.75450416       15196.72665073     -120405.58768951     -105208.86103878
Simulation Done.

- TIMING RESULTS -
Force: 20
32397 32947 32951 32969 32947 32968 32970 32975 32948 32970 32968 32973 32970 32971 32972 32972 32949 32949 32949 32953 32947 32974 32969 32959 32947 32951 32951 32969 32952 32972 32972 32973 
KineticEnergy: 20
0 0 0 0 0 0 0 0 0 0 0 0 0 0 0 0 0 0 0 0 0 0 0 0 0 0 0 0 0 0 0 0 
Propagate: 20
17 20 2 17 19 7 6 0 19 0 19 0 6 0 0 0 17 2 5 0 19 0 2 1 19 0 2 0 2 0 0 0 
RunTime: 1
32861 33027 33027 33049 33026 33048 33048 33047 33027 33047 33048 33051 33047 33050 33050 33051 33027 33027 33027 33026 33027 33047 33047 33032 33027 33026 33026 33044 33026 33043 33043 33045 
Startup Time: 1
1920 1919 1919 1897 1920 1898 1898 1896 1920 1898 1898 1894 1898 1895 1895 1893 1920 1919 1919 1917 1919 1897 1897 1893 1919 1918 1919 1895 1919 1895 1896 1893 
Velverlet: 20
21 20 20 20 20 20 20 20 20 20 20 20 20 20 20 20 20 20 20 20 20 20 22 20 20 20 20 20 20 20 20 20 
