LJMD version 1.0
Starting simulation with 108 atoms for 10000 steps, nPEs = 2, Thds = 1.
	NFI		TEMP		EKIN			EPOT			ETOT
       0          72.64160016          23.16879686        -160.48438434        -137.31558748
     100          65.43323663          20.86971328        -158.26635748        -137.39664420
     200          59.79291673          19.07075200        -156.47936252        -137.40861052
     300          57.64514280          18.38572665        -155.78652892        -137.40080228
     400          60.30123889          19.23287966        -156.54009116        -137.30721150
     500          61.72762728          19.68782150        -157.10161687        -137.41379537
     600          57.14347223          18.22572049        -155.66135485        -137.43563437
     700          59.33906643          18.92599796        -156.26728969        -137.34129173
     800          59.75647587          19.05912931        -156.36554426        -137.30641495
     900          54.35607344          17.33668891        -154.79957079        -137.46288188
    1000          58.38087656          18.62038648        -155.96230669        -137.34192021
    1100          59.80933564          19.07598876        -156.35932099        -137.28333224
    1200          59.35800355          18.93203789        -156.26587665        -137.33383876
    1300          62.28306286          19.86497583        -157.10909906        -137.24412324
    1400          56.93168792          18.15817258        -155.44501733        -137.28684474
    1500          58.26383349          18.58305599        -155.91700555        -137.33394956
    1600          57.40448498          18.30896964        -155.68941538        -137.38044574
    1700          62.93329516          20.07236526        -157.42260553        -137.35024027
    1800          53.45890134          17.05053885        -154.52525666        -137.47471781
    1900          59.48052540          18.97111582        -156.30527788        -137.33416206
    2000          62.75114395          20.01426874        -157.30132634        -137.28705761
    2100          57.86465886          18.45574056        -155.66814504        -137.21240447
    2200          60.48709290          19.29215718        -156.59447068        -137.30231349
    2300          53.81193894          17.16313902        -154.43944723        -137.27630821
    2400          59.52572193          18.98553111        -156.33952786        -137.35399675
    2500          58.92686590          18.79452797        -156.03041542        -137.23588745
    2600          61.65941059          19.66606401        -156.94491184        -137.27884783
    2700          58.81987810          18.76040457        -156.07031127        -137.30990671
    2800          53.15475427          16.95353216        -154.26693027        -137.31339812
    2900          54.95193251          17.52673618        -154.82877232        -137.30203614
    3000          55.99963402          17.86089709        -155.23428901        -137.37339192
    3100          56.97369940          18.17157201        -155.46229970        -137.29072770
    3200          54.82661059          17.48676517        -154.82426024        -137.33749508
    3300          58.17829359          18.55577332        -155.99088434        -137.43511102
    3400          57.28760333          18.27169062        -155.64131902        -137.36962839
    3500          55.43525536          17.68089039        -155.09612935        -137.41523896
    3600          55.08691849          17.56978951        -155.00143207        -137.43164256
    3700          56.84781657          18.13142210        -155.56342592        -137.43200383
    3800          51.62377623          16.46523180        -153.98186590        -137.51663410
    3900          52.18990863          16.64579785        -154.10783595        -137.46203810
    4000          52.04653878          16.60007051        -153.99307210        -137.39300160
    4100          56.74200549          18.09767400        -155.56855069        -137.47087668
    4200          51.99598812          16.58394754        -154.04210549        -137.45815795
    4300          51.52505128          16.43374380        -153.89623111        -137.46248731
    4400          53.08972975          16.93279280        -154.37626101        -137.44346821
    4500          55.29164837          17.63508742        -154.99617443        -137.36108701
    4600          50.50839492          16.10948464        -153.46985049        -137.36036585
    4700          54.84563097          17.49283165        -154.82946605        -137.33663440
    4800          51.62670636          16.46616635        -153.92031314        -137.45414679
    4900          44.16394141          14.08594228        -151.44052616        -137.35458388
    5000          51.49613665          16.42452158        -153.85966948        -137.43514790
    5100          51.66634048          16.47880752        -153.90955748        -137.43074996
    5200          52.10157295          16.61762347        -153.90702650        -137.28940302
    5300          55.55598330          17.71939617        -155.10665639        -137.38726022
    5400          51.19980381          16.33000720        -153.69355121        -137.36354401
    5500          52.87761337          16.86513899        -154.20205064        -137.33691166
    5600          52.47135709          16.73556489        -154.07671452        -137.34114962
    5700          50.39876526          16.07451862        -153.42277805        -137.34825942
    5800          53.25785039          16.98641432        -154.33435710        -137.34794278
    5900          51.65492924          16.47516795        -153.87439380        -137.39922586
    6000          52.29392774          16.67897439        -154.09756652        -137.41859213
    6100          49.21155780          15.69586275        -153.15666580        -137.46080305
    6200          51.67981615          16.48310554        -153.90956174        -137.42645620
    6300          44.45003191          14.17718990        -151.58282909        -137.40563919
    6400          55.84378411          17.81118928        -155.15841079        -137.34722151
    6500          51.07190917          16.28921563        -153.56660098        -137.27738534
    6600          53.29305520          16.99764277        -154.33697613        -137.33933336
    6700          52.49757496          16.74392700        -154.13456587        -137.39063887
    6800          46.77214259          14.91781938        -152.32379947        -137.40598009
    6900          53.03712092          16.91601339        -154.32584595        -137.40983257
    7000          51.19950256          16.32991112        -153.63832019        -137.30840907
    7100          50.15674659          15.99732757        -153.39924428        -137.40191671
    7200          54.80554196          17.48004540        -155.00346786        -137.52342246
    7300          51.66047439          16.47693655        -153.89000511        -137.41306855
    7400          56.49320808          18.01832090        -155.42086239        -137.40254149
    7500          57.57915928          18.36468142        -155.79757440        -137.43289298
    7600          56.79707205          18.11523730        -155.61864430        -137.50340699
    7700          53.85000998          17.17528165        -154.55714496        -137.38186331
    7800          52.55275525          16.76152657        -154.30355914        -137.54203257
    7900          49.23523928          15.70341588        -153.09651513        -137.39309925
    8000          49.77827930          15.87661669        -153.36445005        -137.48783337
    8100          53.80956426          17.16238162        -154.58727178        -137.42489016
    8200          56.46603180          18.00965311        -155.40373827        -137.39408515
    8300          54.38542595          17.34605080        -154.73971753        -137.39366673
    8400          54.24298872          17.30062091        -154.59345027        -137.29282935
    8500          52.10197571          16.61775193        -154.00790629        -137.39015436
    8600          57.94240181          18.48053642        -156.01584867        -137.53531225
    8700          53.76882322          17.14938740        -154.62566145        -137.47627405
    8800          57.86912833          18.45716608        -155.85960859        -137.40244251
    8900          55.32187197          17.64472714        -155.01573323        -137.37100609
    9000          51.75177843          16.50605767        -153.95436722        -137.44830955
    9100          52.61963914          16.78285896        -154.23100065        -137.44814168
    9200          51.25776119          16.34849252        -153.76903409        -137.42054158
    9300          57.82733340          18.44383573        -155.85010929        -137.40627356
    9400          48.34396284          15.41914622        -152.76165795        -137.34251173
    9500          55.36453424          17.65833413        -155.03978410        -137.38144997
    9600          55.29040929          17.63469222        -155.11503731        -137.48034508
    9700          49.75877135          15.87039469        -153.30294114        -137.43254645
    9800          55.22411222          17.61354699        -155.07768929        -137.46414229
    9900          49.62331839          15.82719242        -153.20477992        -137.37758751
   10000          49.88093249          15.90935758        -153.32128033        -137.41192275
Simulation Done.

- TIMING RESULTS -
Force: 10000
0 137 
KineticEnergy: 10000
0 0 
Propagate: 10000
0 0 
RunTime: 1
1112 1119 
Startup Time: 1
10 1 
Velverlet: 10000
0 0 
