LJMD version 1.0
Starting simulation with 78732 atoms for 20 steps, nPEs = 16, Thds = 1.
	NFI		TEMP		EKIN			EPOT			ETOT
       0          71.96990686       16890.05291324     -122097.78543733     -105207.73252410
       5          70.75285384       16604.43228639     -121809.07486244     -105204.64257605
      10          68.54614858       16086.55793729     -121291.84036390     -105205.28242661
      15          66.28981949       15557.03776251     -120761.98955692     -105204.95179440
      20          64.75450416       15196.72665073     -120405.58768951     -105208.86103878
Simulation Done.

- TIMING RESULTS -
Force: 20
58991 59416 59418 59417 59418 59416 59419 59420 59418 59417 59419 59418 59415 59416 59416 59446 
KineticEnergy: 20
0 0 0 0 0 0 0 0 0 0 0 0 0 0 0 0 
Propagate: 20
0 0 0 0 0 0 0 0 0 0 0 0 0 0 0 0 
RunTime: 1
59386 59486 59486 59487 59486 59486 59486 59487 59486 59486 59486 59487 59485 59486 59486 59512 
Startup Time: 1
3077 3077 3077 3076 3077 3070 3077 3075 3078 3077 3077 3075 3077 3076 3076 2988 
Velverlet: 20
20 20 20 20 20 20 20 20 20 20 20 20 20 20 20 20 
