LJMD version 1.0
Starting simulation with 78732 atoms for 20 steps, nPEs = 8, Thds = 4.
	NFI		TEMP		EKIN			EPOT			ETOT
       0          71.96990686       16890.05291324     -122097.78543733     -105207.73252409
       5          70.75285384       16604.43228639     -121809.07486244     -105204.64257605
      10          68.54614858       16086.55793729     -121291.84036390     -105205.28242661
      15          66.28981949       15557.03776251     -120761.98955692     -105204.95179440
      20          64.75450416       15196.72665073     -120405.58768951     -105208.86103878
Simulation Done.

- TIMING RESULTS -
Force: 20
31622 31960 31958 31964 31958 31961 31960 31962 
KineticEnergy: 20
0 120 120 120 120 120 120 120 
Propagate: 20
4 0 0 0 3 0 0 0 
RunTime: 1
32024 32118 32119 32119 32119 32118 32119 32119 
Startup Time: 1
1760 1765 1766 1765 1766 1765 1765 1765 
Velverlet: 20
0 0 2 0 0 0 0 0 
