LJMD version 1.0
Starting simulation with 78732 atoms for 20 steps, nPEs = 32, Thds = 2.
	NFI		TEMP		EKIN			EPOT			ETOT
       0          71.96990686       16890.05291324     -122097.78543733     -105207.73252409
       5          70.75285384       16604.43228639     -121809.07486244     -105204.64257605
      10          68.54614858       16086.55793729     -121291.84036390     -105205.28242661
      15          66.28981949       15557.03776251     -120761.98955692     -105204.95179440
      20          64.75450416       15196.72665073     -120405.58768951     -105208.86103879
Simulation Done.

- TIMING RESULTS -
Force: 20
14904 15270 15270 15271 15268 15275 15272 15303 15271 15275 15269 15275 15269 15274 15271 15254 15276 15272 15272 15311 15271 15312 15311 15309 15274 15313 15314 15324 15311 15326 15328 15329 
KineticEnergy: 20
0 0 0 0 0 0 0 0 0 0 0 0 0 0 0 0 0 0 0 0 0 0 0 0 0 0 0 0 0 0 0 0 
Propagate: 20
0 0 0 0 5 0 0 0 0 0 0 0 0 0 0 0 0 0 0 0 0 0 0 0 0 0 0 0 0 0 0 0 
RunTime: 1
15244 15318 15318 15319 15318 15318 15319 15346 15318 15318 15318 15318 15318 15318 15318 15297 15318 15318 15318 15357 15318 15356 15356 15351 15318 15356 15355 15372 15356 15372 15372 15373 
Startup Time: 1
913 912 913 911 913 912 912 862 913 912 912 911 912 912 912 911 912 911 911 861 911 862 862 855 911 861 861 843 861 844 844 843 
Velverlet: 20
0 0 0 1 0 0 0 0 1 0 0 0 0 1 0 1 0 0 0 0 0 0 0 0 0 0 0 0 0 0 0 0 
