LJMD version 1.0
Starting simulation with 78732 atoms for 20 steps, nPEs = 16, Thds = 2.
	NFI		TEMP		EKIN			EPOT			ETOT
       0          71.96990686       16890.05291324     -122097.78543733     -105207.73252409
       5          70.75285384       16604.43228639     -121809.07486244     -105204.64257605
      10          68.54614858       16086.55793729     -121291.84036390     -105205.28242661
      15          66.28981949       15557.03776251     -120761.98955692     -105204.95179440
      20          64.75450416       15196.72665073     -120405.58768951     -105208.86103878
Simulation Done.

- TIMING RESULTS -
Force: 20
32029 32468 32464 32473 32463 32467 32467 32397 32470 32466 32469 32474 32476 32477 32477 32432 
KineticEnergy: 20
0 0 0 0 0 0 0 0 0 0 0 0 0 0 0 0 
Propagate: 20
0 0 0 0 1 0 0 0 0 0 0 0 0 0 0 0 
RunTime: 1
32389 32512 32509 32518 32508 32512 32513 32443 32513 32512 32512 32518 32518 32518 32518 32476 
Startup Time: 1
1880 1877 1881 1870 1881 1877 1876 1801 1877 1877 1878 1870 1871 1871 1871 1754 
Velverlet: 20
0 0 0 0 0 0 0 0 0 0 0 0 0 0 0 0 
