LJMD version 1.0
Starting simulation with 78732 atoms for 20 steps, nPEs = 64, Thds = 4.
	NFI		TEMP		EKIN			EPOT			ETOT
       0          71.96990686       16890.05291324     -122097.78543733     -105207.73252409
       5          70.75285384       16604.43228639     -121809.07486244     -105204.64257605
      10          68.54614858       16086.55793729     -121291.84036390     -105205.28242661
      15          66.28981949       15557.03776251     -120761.98955692     -105204.95179440
      20          64.75450416       15196.72665073     -120405.58768951     -105208.86103878
Simulation Done.

- TIMING RESULTS -
Force: 20
4181 4732 4731 4733 4730 4735 4734 4742 4734 4735 4735 4731 4735 4730 4728 4734 4733 4735 4735 4736 4734 4736 4735 4732 4736 4736 4736 4730 4737 4731 4730 4733 4734 4734 4734 4735 4734 4733 4735 4730 4732 4734 4734 4727 4734 4727 4726 4730 4734 4734 4734 4726 4735 4729 4733 4737 4735 4728 4726 4737 4728 4736 4738 4749 
KineticEnergy: 20
0 0 0 0 0 0 0 0 0 0 0 0 0 0 0 0 0 0 0 0 0 0 0 0 0 0 0 0 0 0 0 0 0 0 0 0 0 0 0 0 0 0 0 0 0 0 0 0 0 0 0 0 0 0 0 0 0 0 0 0 0 0 0 0 
Propagate: 20
6 0 0 0 5 0 0 0 0 0 0 0 0 0 0 0 0 0 0 0 0 0 0 0 0 0 0 0 0 0 0 0 0 0 0 0 0 0 0 0 0 0 0 0 0 0 0 0 0 0 0 0 0 0 0 0 0 0 1 0 0 0 0 0 
RunTime: 1
4674 4770 4770 4771 4770 4771 4771 4775 4770 4771 4771 4766 4771 4766 4766 4767 4770 4771 4771 4773 4771 4772 4772 4767 4771 4772 4772 4764 4772 4764 4764 4766 4770 4770 4770 4771 4770 4770 4770 4763 4770 4770 4770 4763 4770 4763 4763 4764 4771 4770 4770 4765 4771 4765 4764 4773 4771 4765 4765 4773 4765 4773 4773 4780 
Startup Time: 1
448 447 447 445 447 446 446 441 447 446 446 441 446 442 442 437 447 446 446 444 446 444 445 441 446 445 445 443 445 444 444 442 447 446 447 446 447 446 447 445 447 446 447 445 447 446 446 440 447 446 446 445 447 446 446 437 447 446 446 434 446 434 434 423 
Velverlet: 20
0 0 0 0 0 0 0 0 0 0 0 0 0 0 0 0 0 0 0 0 0 0 0 0 0 0 0 0 0 0 0 0 0 0 0 0 0 0 0 0 0 0 0 0 0 0 0 0 0 0 0 0 0 0 0 0 0 0 0 0 0 0 0 0 
