LJMD version 1.0
Starting simulation with 78732 atoms for 20 steps, nPEs = 16, Thds = 4.
	NFI		TEMP		EKIN			EPOT			ETOT
       0          71.96990686       16890.05291324     -122097.78543733     -105207.73252409
       5          70.75285384       16604.43228639     -121809.07486244     -105204.64257605
      10          68.54614858       16086.55793729     -121291.84036390     -105205.28242661
      15          66.28981949       15557.03776251     -120761.98955692     -105204.95179440
      20          64.75450416       15196.72665073     -120405.58768951     -105208.86103879
Simulation Done.

- TIMING RESULTS -
Force: 20
16256 16676 16675 16683 16676 16676 16677 16683 16671 16676 16676 16686 16682 16690 16690 16691 
KineticEnergy: 20
0 0 0 0 0 0 0 0 0 0 0 0 0 0 0 0 
Propagate: 20
4 0 0 0 0 0 0 0 4 0 0 0 0 0 0 0 
RunTime: 1
16640 16713 16714 16720 16714 16713 16713 16719 16712 16713 16713 16725 16719 16725 16725 16726 
Startup Time: 1
1068 1068 1068 1061 1068 1068 1068 1061 1070 1068 1068 1055 1062 1055 1056 1054 
Velverlet: 20
0 0 0 0 0 0 0 0 0 0 0 0 0 0 0 0 
