LJMD version 1.0
Starting simulation with 108 atoms for 10000 steps, nPEs = 32, Thds = 8.
	NFI		TEMP		EKIN			EPOT			ETOT
       0          72.64160016          23.16879686        -160.48438434        -137.31558748
     100          65.43323663          20.86971328        -158.26635748        -137.39664420
     200          59.79291673          19.07075200        -156.47936252        -137.40861052
     300          57.64514280          18.38572665        -155.78652892        -137.40080228
     400          60.30123889          19.23287966        -156.54009116        -137.30721150
     500          61.72762728          19.68782150        -157.10161687        -137.41379537
     600          57.14347223          18.22572049        -155.66135485        -137.43563437
     700          59.33906643          18.92599796        -156.26728969        -137.34129173
     800          59.75647587          19.05912931        -156.36554426        -137.30641495
     900          54.35607344          17.33668891        -154.79957079        -137.46288188
    1000          58.38087656          18.62038648        -155.96230669        -137.34192021
    1100          59.80933564          19.07598876        -156.35932099        -137.28333224
    1200          59.35800355          18.93203789        -156.26587665        -137.33383876
    1300          62.28306286          19.86497583        -157.10909906        -137.24412324
    1400          56.93168792          18.15817258        -155.44501733        -137.28684474
    1500          58.26383349          18.58305599        -155.91700555        -137.33394956
    1600          57.40448498          18.30896964        -155.68941538        -137.38044574
    1700          62.93329516          20.07236526        -157.42260553        -137.35024027
    1800          53.45890134          17.05053885        -154.52525666        -137.47471781
    1900          59.48052540          18.97111582        -156.30527788        -137.33416206
    2000          62.75114395          20.01426874        -157.30132634        -137.28705761
    2100          57.86465886          18.45574056        -155.66814504        -137.21240447
    2200          60.48709290          19.29215718        -156.59447068        -137.30231349
    2300          53.81193894          17.16313902        -154.43944722        -137.27630821
    2400          59.52572193          18.98553111        -156.33952786        -137.35399675
    2500          58.92686582          18.79452794        -156.03041540        -137.23588745
    2600          61.65941061          19.66606402        -156.94491184        -137.27884783
    2700          58.81987814          18.76040458        -156.07031129        -137.30990671
    2800          53.15475450          16.95353223        -154.26693034        -137.31339812
    2900          54.95193287          17.52673629        -154.82877243        -137.30203614
    3000          55.99963572          17.86089763        -155.23428955        -137.37339192
    3100          56.97370007          18.17157222        -155.46229994        -137.29072771
    3200          54.82661072          17.48676521        -154.82426031        -137.33749510
    3300          58.17829039          18.55577230        -155.99088331        -137.43511102
    3400          57.28760983          18.27169270        -155.64132109        -137.36962839
    3500          55.43527917          17.68089799        -155.09613695        -137.41523896
    3600          55.08688618          17.56977920        -155.00142197        -137.43164277
    3700          56.84772877          18.13139409        -155.56340371        -137.43200962
    3800          51.62382859          16.46524850        -153.98189971        -137.51665122
    3900          52.18960298          16.64570036        -154.10775463        -137.46205427
    4000          52.04645673          16.60004434        -153.99306900        -137.39302466
    4100          56.74203088          18.09768210        -155.56861876        -137.47093665
    4200          51.99628642          16.58404268        -154.04224762        -137.45820494
    4300          51.52598979          16.43404314        -153.89662653        -137.46258339
    4400          53.08869732          16.93246351        -154.37595847        -137.44349496
    4500          55.28627572          17.63337383        -154.99866451        -137.36529067
    4600          50.51888499          16.11283041        -153.47744261        -137.36461220
    4700          54.83051373          17.48801006        -154.82910379        -137.34109372
    4800          51.56632862          16.44690907        -153.90950061        -137.46259154
    4900          44.25715125          14.11567125        -151.47105169        -137.35538044
    5000          51.60629938          16.45965761        -153.89529922        -137.43564160
    5100          52.00489499          16.58678836        -154.02206874        -137.43528038
    5200          52.51490903          16.74945564        -154.10201724        -137.35256160
    5300          55.63611699          17.74495454        -155.11753955        -137.37258501
    5400          53.17168179          16.95893113        -154.36266165        -137.40373052
    5500          50.96474723          16.25503669        -153.60031891        -137.34528222
    5600          53.35874121          17.01859311        -154.52101088        -137.50241777
    5700          50.28228412          16.03736735        -153.46906738        -137.43170003
    5800          55.91236478          17.83306286        -155.23402180        -137.40095894
    5900          56.93126100          18.15803642        -155.53976471        -137.38172829
    6000          53.98326602          17.21778322        -154.67308999        -137.45530677
    6100          54.49292537          17.38033738        -154.85167579        -137.47133842
    6200          50.76562938          16.19152871        -153.62694425        -137.43541554
    6300          51.86366023          16.54174200        -153.92592624        -137.38418424
    6400          50.43235071          16.08523059        -153.41155381        -137.32632322
    6500          49.51225099          15.79176784        -153.11394649        -137.32217865
    6600          53.21134785          16.97158249        -154.38487342        -137.41329094
    6700          51.02959417          16.27571941        -153.66446772        -137.38874831
    6800          55.11158955          17.57765826        -154.89687443        -137.31921617
    6900          52.38205491          16.70708226        -154.07724925        -137.37016698
    7000          61.43531249          19.59458867        -156.93732735        -137.34273868
    7100          50.90369486          16.23556424        -153.66426793        -137.42870369
    7200          56.13256802          17.90329595        -155.26164673        -137.35835078
    7300          53.81279992          17.16341363        -154.53259224        -137.36917862
    7400          51.30308026          16.36294688        -153.65441346        -137.29146657
    7500          55.77260235          17.78848609        -155.10764106        -137.31915497
    7600          54.01447730          17.22773796        -154.58563106        -137.35789311
    7700          54.30692101          17.32101190        -154.65556655        -137.33455465
    7800          57.76936291          18.42534624        -155.81130599        -137.38595975
    7900          49.68557256          15.84704818        -153.23551324        -137.38846506
    8000          53.50490128          17.06521038        -154.40659983        -137.34138945
    8100          54.10722546          17.25731967        -154.54007634        -137.28275667
    8200          54.63399108          17.42532982        -154.75938781        -137.33405799
    8300          51.16783596          16.31981117        -153.63368332        -137.31387216
    8400          52.51120867          16.74827542        -154.14476318        -137.39648776
    8500          50.46022599          16.09412132        -153.38905409        -137.29493277
    8600          50.08329823          15.97390146        -153.42953436        -137.45563289
    8700          50.07063160          15.96986148        -153.34704162        -137.37718014
    8800          49.40781746          15.75845911        -153.10783842        -137.34937931
    8900          54.31760747          17.32442032        -154.54932625        -137.22490594
    9000          48.31657985          15.41041251        -152.68882716        -137.27841465
    9100          48.91566825          15.60148976        -152.94709507        -137.34560531
    9200          54.89699084          17.50921271        -154.83937445        -137.33016174
    9300          46.44457943          14.81334420        -152.10436976        -137.29102557
    9400          53.07913029          16.92941214        -154.15340034        -137.22398821
    9500          50.23740369          16.02305289        -153.30548531        -137.28243242
    9600          48.79733498          15.56374776        -152.93705554        -137.37330778
    9700          50.05154154          15.96377277        -153.28943047        -137.32565770
    9800          48.61215838          15.50468630        -152.81084391        -137.30615761
    9900          51.91547608          16.55826849        -153.92373931        -137.36547082
   10000          48.65249285          15.51755084        -152.83140523        -137.31385439
Simulation Done.

- TIMING RESULTS -
Force: 10000
105 450 452 451 449 449 449 449 441 445 445 449 444 445 445 444 446 451 447 452 444 448 444 448 446 452 447 451 446 449 445 449 
KineticEnergy: 10000
0 0 0 0 0 0 0 0 0 0 0 0 0 0 0 0 0 0 0 0 0 0 0 0 0 0 0 0 0 0 0 0 
Propagate: 10000
3 0 0 0 0 0 0 0 4 4 0 0 1 0 0 0 0 0 0 0 0 0 0 0 0 0 0 0 0 0 0 0 
RunTime: 1
939 960 957 960 960 961 960 961 957 962 958 962 957 958 957 958 956 962 957 962 957 961 957 961 956 961 957 961 957 962 957 962 
Startup Time: 1
28 24 27 24 24 24 24 24 27 23 27 23 27 26 27 26 28 22 27 22 28 24 28 24 29 24 28 24 27 23 27 23 
Velverlet: 10000
0 0 0 0 0 0 0 0 0 0 0 0 0 0 0 1 0 0 0 0 0 0 0 0 0 0 0 0 0 0 0 0 
