LJMD version 1.0
Starting simulation with 78732 atoms for 20 steps, nPEs = 16, Thds = 4.
	NFI		TEMP		EKIN			EPOT			ETOT
       0          71.96990686       16890.05291324     -122097.78543733     -105207.73252409
       5          70.75285384       16604.43228639     -121809.07486244     -105204.64257605
      10          68.54614858       16086.55793729     -121291.84036390     -105205.28242661
      15          66.28981949       15557.03776251     -120761.98955692     -105204.95179440
      20          64.75450416       15196.72665073     -120405.58768951     -105208.86103879
Simulation Done.

- TIMING RESULTS -
Force: 20
15103 15598 15596 15605 15598 15597 15599 15604 15601 15596 15599 15609 15604 15606 15608 15604 
KineticEnergy: 20
0 0 0 0 0 0 0 0 0 0 0 0 0 0 0 0 
Propagate: 20
0 0 0 0 0 0 0 0 0 0 0 0 0 0 0 0 
RunTime: 1
15506 15633 15630 15638 15630 15633 15634 15638 15633 15633 15634 15643 15638 15643 15643 15639 
Startup Time: 1
1050 1046 1050 1040 1050 1046 1044 1039 1045 1045 1045 1030 1041 1030 1030 1029 
Velverlet: 20
0 0 0 0 0 0 0 0 0 0 0 0 0 0 0 0 
