LJMD version 1.0
Starting simulation with 108 atoms for 10000 steps, nPEs = 16, Thds = 8.
	NFI		TEMP		EKIN			EPOT			ETOT
       0          72.64160016          23.16879686        -160.48438434        -137.31558748
     100          65.43323663          20.86971328        -158.26635748        -137.39664420
     200          59.79291673          19.07075200        -156.47936252        -137.40861052
     300          57.64514280          18.38572665        -155.78652892        -137.40080228
     400          60.30123889          19.23287966        -156.54009116        -137.30721150
     500          61.72762728          19.68782150        -157.10161687        -137.41379537
     600          57.14347223          18.22572049        -155.66135485        -137.43563437
     700          59.33906643          18.92599796        -156.26728969        -137.34129173
     800          59.75647587          19.05912931        -156.36554426        -137.30641495
     900          54.35607344          17.33668891        -154.79957079        -137.46288188
    1000          58.38087656          18.62038648        -155.96230669        -137.34192021
    1100          59.80933564          19.07598876        -156.35932099        -137.28333224
    1200          59.35800355          18.93203789        -156.26587665        -137.33383876
    1300          62.28306286          19.86497583        -157.10909906        -137.24412324
    1400          56.93168792          18.15817258        -155.44501733        -137.28684474
    1500          58.26383349          18.58305599        -155.91700555        -137.33394956
    1600          57.40448498          18.30896964        -155.68941538        -137.38044574
    1700          62.93329516          20.07236526        -157.42260553        -137.35024027
    1800          53.45890134          17.05053885        -154.52525666        -137.47471781
    1900          59.48052540          18.97111582        -156.30527788        -137.33416206
    2000          62.75114395          20.01426874        -157.30132634        -137.28705761
    2100          57.86465886          18.45574056        -155.66814504        -137.21240447
    2200          60.48709290          19.29215718        -156.59447068        -137.30231349
    2300          53.81193894          17.16313902        -154.43944723        -137.27630821
    2400          59.52572192          18.98553111        -156.33952786        -137.35399675
    2500          58.92686584          18.79452795        -156.03041540        -137.23588745
    2600          61.65941060          19.66606402        -156.94491184        -137.27884783
    2700          58.81987811          18.76040457        -156.07031128        -137.30990671
    2800          53.15475435          16.95353218        -154.26693029        -137.31339812
    2900          54.95193262          17.52673621        -154.82877235        -137.30203614
    3000          55.99963497          17.86089739        -155.23428932        -137.37339192
    3100          56.97369962          18.17157208        -155.46229979        -137.29072772
    3200          54.82660971          17.48676489        -154.82425999        -137.33749510
    3300          58.17829104          18.55577251        -155.99088353        -137.43511103
    3400          57.28761280          18.27169364        -155.64132205        -137.36962840
    3500          55.43527103          17.68089539        -155.09613440        -137.41523901
    3600          55.08690677          17.56978577        -155.00142860        -137.43164283
    3700          56.84772416          18.13139262        -155.56340247        -137.43200985
    3800          51.62385243          16.46525610        -153.98189493        -137.51663883
    3900          52.18967972          16.64572484        -154.10776688        -137.46204205
    4000          52.04650815          16.60006074        -153.99307143        -137.39301069
    4100          56.74295900          18.09797812        -155.56889334        -137.47091522
    4200          51.99571341          16.58385993        -154.04207654        -137.45821662
    4300          51.52437830          16.43352916        -153.89603965        -137.46251049
    4400          53.09391159          16.93412658        -154.37744630        -137.44331971
    4500          55.28670790          17.63351168        -154.99864098        -137.36512930
    4600          50.51955564          16.11304431        -153.48152667        -137.36848235
    4700          54.85371352          17.49540956        -154.83648013        -137.34107057
    4800          51.58347096          16.45237657        -153.90696718        -137.45459061
    4900          44.15353632          14.08262361        -151.42974068        -137.34711707
    5000          51.70596416          16.49144537        -153.92687515        -137.43542978
    5100          52.22029416          16.65548921        -154.07110102        -137.41561182
    5200          51.68407257          16.48446312        -153.82160678        -137.33714367
    5300          54.38068296          17.34453803        -154.75589344        -137.41135540
    5400          49.30754001          15.72647596        -153.07865374        -137.35217779
    5500          46.08250009          14.69786020        -151.96778540        -137.26992520
    5600          49.59736379          15.81891429        -153.15055916        -137.33164488
    5700          52.56042396          16.76397248        -154.20233147        -137.43835900
    5800          50.93997975          16.24713718        -153.53682896        -137.28969177
    5900          48.13322021          15.35193056        -152.60603043        -137.25409987
    6000          48.24690902          15.38819123        -152.68133094        -137.29313971
    6100          56.29864792          17.95626658        -155.37157745        -137.41531087
    6200          51.86957186          16.54362750        -153.99406873        -137.45044124
    6300          51.21323665          16.33429156        -153.73317725        -137.39888569
    6400          54.79115919          17.47545806        -154.93701366        -137.46155560
    6500          51.12904250          16.30743812        -153.75307010        -137.44563198
    6600          50.76094296          16.19003400        -153.61177638        -137.42174239
    6700          57.61608767          18.37645961        -155.79953026        -137.42307065
    6800          57.41512052          18.31236180        -155.75463501        -137.44227321
    6900          55.50283229          17.70244383        -155.03869941        -137.33625558
    7000          54.62592213          17.42275625        -154.73900772        -137.31625147
    7100          54.04256374          17.23669603        -154.59284742        -137.35615139
    7200          52.60893576          16.77944515        -154.19362831        -137.41418315
    7300          58.19001298          18.55951118        -156.03266801        -137.47315683
    7400          52.79066940          16.83740849        -154.30300277        -137.46559427
    7500          53.99446326          17.22135454        -154.68708644        -137.46573190
    7600          54.13500097          17.26617858        -154.66172587        -137.39554729
    7700          54.28294363          17.31336440        -154.76340295        -137.45003856
    7800          52.12035727          16.62361467        -154.05024999        -137.42663532
    7900          56.05631342          17.87897480        -155.28969699        -137.41072219
    8000          54.38672972          17.34646663        -154.73068583        -137.38421920
    8100          52.92243031          16.87943320        -154.29397179        -137.41453859
    8200          51.06660492          16.28752386        -153.62721682        -137.33969296
    8300          50.77813359          16.19551689        -153.55515077        -137.35963388
    8400          50.60533111          16.14040211        -153.45740308        -137.31700097
    8500          51.31326079          16.36619393        -153.74959007        -137.38339614
    8600          51.46757957          16.41541339        -153.71385117        -137.29843777
    8700          53.32380626          17.00745072        -154.41824872        -137.41079799
    8800          52.05697867          16.60340028        -153.89682219        -137.29342191
    8900          54.25384887          17.30408472        -154.62100984        -137.31692512
    9000          52.83663310          16.85206847        -154.09424117        -137.24217270
    9100          50.91502813          16.23917895        -153.57907031        -137.33989136
    9200          48.02051882          15.31598482        -152.72146901        -137.40548419
    9300          50.87983845          16.22795532        -153.58322585        -137.35527053
    9400          47.18907607          15.05079892        -152.35100146        -137.30020253
    9500          52.53171900          16.75481713        -154.10294446        -137.34812734
    9600          51.44452108          16.40805896        -153.74743736        -137.33937840
    9700          47.70245667          15.21453996        -152.52271075        -137.30817079
    9800          56.53148076          18.03052784        -155.34292098        -137.31239314
    9900          47.99225671          15.30697072        -152.65434611        -137.34737539
   10000          54.66620551          17.43560450        -154.86188063        -137.42627613
Simulation Done.

- TIMING RESULTS -
Force: 10000
58 237 238 237 238 236 247 245 246 235 245 246 250 236 247 247 
KineticEnergy: 10000
0 0 0 0 0 0 0 0 0 0 0 0 0 0 0 0 
Propagate: 10000
8 0 2 8 5 0 0 0 0 0 0 0 0 4 0 0 
RunTime: 1
794 797 803 805 803 797 805 805 808 797 806 806 811 802 807 806 
Startup Time: 1
35 35 29 27 29 35 26 26 22 33 24 23 20 29 23 24 
Velverlet: 10000
2 0 2 0 0 0 0 0 0 0 0 0 0 0 0 0 
