LJMD version 1.0
Starting simulation with 108 atoms for 10000 steps, nPEs = 2, Thds = 2.
	NFI		TEMP		EKIN			EPOT			ETOT
       0          72.64160016          23.16879686        -160.48438434        -137.31558748
     100          65.43323663          20.86971328        -158.26635748        -137.39664420
     200          59.79291673          19.07075200        -156.47936252        -137.40861052
     300          57.64514280          18.38572665        -155.78652892        -137.40080228
     400          60.30123889          19.23287966        -156.54009116        -137.30721150
     500          61.72762728          19.68782150        -157.10161687        -137.41379537
     600          57.14347223          18.22572049        -155.66135485        -137.43563437
     700          59.33906643          18.92599796        -156.26728969        -137.34129173
     800          59.75647587          19.05912931        -156.36554426        -137.30641495
     900          54.35607344          17.33668891        -154.79957079        -137.46288188
    1000          58.38087656          18.62038648        -155.96230669        -137.34192021
    1100          59.80933564          19.07598876        -156.35932099        -137.28333224
    1200          59.35800355          18.93203789        -156.26587665        -137.33383876
    1300          62.28306286          19.86497583        -157.10909906        -137.24412324
    1400          56.93168792          18.15817258        -155.44501733        -137.28684474
    1500          58.26383349          18.58305599        -155.91700555        -137.33394956
    1600          57.40448498          18.30896964        -155.68941538        -137.38044574
    1700          62.93329516          20.07236526        -157.42260553        -137.35024027
    1800          53.45890134          17.05053885        -154.52525666        -137.47471781
    1900          59.48052540          18.97111582        -156.30527788        -137.33416206
    2000          62.75114395          20.01426874        -157.30132634        -137.28705761
    2100          57.86465887          18.45574057        -155.66814504        -137.21240447
    2200          60.48709290          19.29215718        -156.59447068        -137.30231349
    2300          53.81193894          17.16313902        -154.43944723        -137.27630821
    2400          59.52572194          18.98553111        -156.33952786        -137.35399675
    2500          58.92686582          18.79452794        -156.03041540        -137.23588745
    2600          61.65941058          19.66606401        -156.94491183        -137.27884783
    2700          58.81987816          18.76040458        -156.07031129        -137.30990671
    2800          53.15475457          16.95353225        -154.26693037        -137.31339812
    2900          54.95193262          17.52673621        -154.82877235        -137.30203614
    3000          55.99963546          17.86089755        -155.23428948        -137.37339193
    3100          56.97369986          18.17157215        -155.46229988        -137.29072772
    3200          54.82660819          17.48676440        -154.82425952        -137.33749512
    3300          58.17829133          18.55577260        -155.99088364        -137.43511104
    3400          57.28761592          18.27169464        -155.64132305        -137.36962842
    3500          55.43527254          17.68089588        -155.09613493        -137.41523906
    3600          55.08690680          17.56978578        -155.00142869        -137.43164291
    3700          56.84771333          18.13138917        -155.56339908        -137.43200991
    3800          51.62382315          16.46524676        -153.98188568        -137.51663892
    3900          52.18961656          16.64570469        -154.10774707        -137.46204238
    4000          52.04659030          16.60008694        -153.99309930        -137.39301236
    4100          56.74251017          18.09783497        -155.56875107        -137.47091611
    4200          51.99534745          16.58374320        -154.04193625        -137.45819304
    4300          51.52559882          16.43391844        -153.89643045        -137.46251201
    4400          53.09404323          16.93416857        -154.37761819        -137.44344963
    4500          55.28921879          17.63431251        -154.99555143        -137.36123891
    4600          50.52583746          16.11504788        -153.48352851        -137.36848063
    4700          54.83144887          17.48830832        -154.82535220        -137.33704388
    4800          51.59576168          16.45629665        -153.91102511        -137.45472846
    4900          44.19448669          14.09568460        -151.44345006        -137.34776547
    5000          51.67163968          16.48049768        -153.91273672        -137.43223904
    5100          52.09045615          16.61407781        -154.02637809        -137.41230028
    5200          51.98478080          16.58037300        -153.91051699        -137.33014399
    5300          54.96611907          17.53126094        -154.93246770        -137.40120676
    5400          50.23237766          16.02144985        -153.40650143        -137.38505159
    5500          49.96915060          15.93749446        -153.21294329        -137.27544883
    5600          49.65881545          15.83851409        -153.17598863        -137.33747455
    5700          48.46245117          15.45693768        -152.84109762        -137.38415994
    5800          51.75908398          16.50838775        -153.90976906        -137.40138131
    5900          53.23178835          16.97810192        -154.38717546        -137.40907354
    6000          50.42425063          16.08264709        -153.39333566        -137.31068856
    6100          49.06416096          15.64885102        -152.95229430        -137.30344328
    6200          54.35574781          17.33658505        -154.63242619        -137.29584114
    6300          53.30993071          17.00302516        -154.34562951        -137.34260434
    6400          52.54931930          16.76043068        -154.15343002        -137.39299934
    6500          54.56773909          17.40419896        -154.82498408        -137.42078511
    6600          54.66684053          17.43580704        -154.83814180        -137.40233476
    6700          56.74358108          18.09817653        -155.47322632        -137.37504978
    6800          58.01014421          18.50214263        -155.87697676        -137.37483413
    6900          49.05567247          15.64614364        -153.12978710        -137.48364346
    7000          56.40926866          17.99154870        -155.44464839        -137.45309969
    7100          54.81959596          17.48452788        -154.89033065        -137.40580277
    7200          50.16010228          15.99839786        -153.39186683        -137.39346897
    7300          50.73749812          16.18255634        -153.64615604        -137.46359970
    7400          53.24195021          16.98134301        -154.40633786        -137.42499485
    7500          55.68514666          17.76059239        -155.20867840        -137.44808601
    7600          53.72575632          17.13565136        -154.50043515        -137.36478379
    7700          49.51431611          15.79242651        -153.22388004        -137.43145353
    7800          52.85647752          16.85839777        -154.32171842        -137.46332064
    7900          55.60135030          17.73386582        -155.13075201        -137.39688619
    8000          48.86626337          15.58573224        -152.99777955        -137.41204731
    8100          46.10695621          14.70566039        -152.02401758        -137.31835718
    8200          53.67778949          17.12035250        -154.56044361        -137.44009111
    8300          54.85431867          17.49560257        -154.99107184        -137.49546927
    8400          51.86809264          16.54315570        -153.91255315        -137.36939744
    8500          53.26137676          16.98753904        -154.39187799        -137.40433895
    8600          54.35209008          17.33541843        -154.76334261        -137.42792418
    8700          51.21781819          16.33575283        -153.77172803        -137.43597520
    8800          53.51213043          17.06751609        -154.48388166        -137.41636557
    8900          51.70770709          16.49200127        -153.91225729        -137.42025603
    9000          53.16472632          16.95671271        -154.27886176        -137.32214905
    9100          52.98285903          16.89870674        -154.20955013        -137.31084339
    9200          47.01187926          14.99428259        -152.43820392        -137.44392133
    9300          54.90501288          17.51177132        -154.97232161        -137.46055029
    9400          52.10503668          16.61872822        -153.96912517        -137.35039695
    9500          49.97922007          15.94070608        -153.19634026        -137.25563418
    9600          51.04025968          16.27912113        -153.63727668        -137.35815554
    9700          51.44394411          16.40787494        -153.82555427        -137.41767933
    9800          49.04111194          15.64149961        -152.93730986        -137.29581025
    9900          49.49486213          15.78622172        -153.09773643        -137.31151471
   10000          51.19260326          16.32771061        -153.65488932        -137.32717871
Simulation Done.

- TIMING RESULTS -
Force: 10000
0 134 
KineticEnergy: 10000
0 0 
Propagate: 10000
0 0 
RunTime: 1
655 669 
Startup Time: 1
4 4 
Velverlet: 10000
0 0 
