LJMD version 1.0
Starting simulation with 108 atoms for 10000 steps, nPEs = 8, Thds = 4.
	NFI		TEMP		EKIN			EPOT			ETOT
       0          72.64160016          23.16879686        -160.48438434        -137.31558748
     100          65.43323663          20.86971328        -158.26635748        -137.39664420
     200          59.79291673          19.07075200        -156.47936252        -137.40861052
     300          57.64514280          18.38572665        -155.78652892        -137.40080228
     400          60.30123889          19.23287966        -156.54009116        -137.30721150
     500          61.72762728          19.68782150        -157.10161687        -137.41379537
     600          57.14347223          18.22572049        -155.66135485        -137.43563437
     700          59.33906643          18.92599796        -156.26728969        -137.34129173
     800          59.75647587          19.05912931        -156.36554426        -137.30641495
     900          54.35607344          17.33668891        -154.79957079        -137.46288188
    1000          58.38087656          18.62038648        -155.96230669        -137.34192021
    1100          59.80933564          19.07598876        -156.35932099        -137.28333224
    1200          59.35800355          18.93203789        -156.26587665        -137.33383876
    1300          62.28306286          19.86497583        -157.10909906        -137.24412324
    1400          56.93168792          18.15817258        -155.44501733        -137.28684474
    1500          58.26383349          18.58305599        -155.91700555        -137.33394956
    1600          57.40448498          18.30896964        -155.68941538        -137.38044574
    1700          62.93329516          20.07236526        -157.42260553        -137.35024027
    1800          53.45890134          17.05053885        -154.52525666        -137.47471781
    1900          59.48052540          18.97111582        -156.30527788        -137.33416206
    2000          62.75114395          20.01426874        -157.30132634        -137.28705761
    2100          57.86465886          18.45574056        -155.66814504        -137.21240447
    2200          60.48709291          19.29215718        -156.59447068        -137.30231349
    2300          53.81193894          17.16313902        -154.43944722        -137.27630821
    2400          59.52572193          18.98553111        -156.33952786        -137.35399675
    2500          58.92686585          18.79452795        -156.03041541        -137.23588745
    2600          61.65941061          19.66606402        -156.94491184        -137.27884783
    2700          58.81987806          18.76040455        -156.07031126        -137.30990671
    2800          53.15475430          16.95353216        -154.26693028        -137.31339812
    2900          54.95193284          17.52673628        -154.82877242        -137.30203614
    3000          55.99963507          17.86089743        -155.23428935        -137.37339192
    3100          56.97369938          18.17157200        -155.46229971        -137.29072771
    3200          54.82661104          17.48676531        -154.82426041        -137.33749510
    3300          58.17829292          18.55577310        -155.99088413        -137.43511103
    3400          57.28761062          18.27169294        -155.64132137        -137.36962842
    3500          55.43528099          17.68089857        -155.09613758        -137.41523901
    3600          55.08688739          17.56977959        -155.00142244        -137.43164285
    3700          56.84773536          18.13139619        -155.56340597        -137.43200978
    3800          51.62383796          16.46525149        -153.98190290        -137.51665142
    3900          52.18971958          16.64573755        -154.10779202        -137.46205448
    4000          52.04644533          16.60004070        -153.99306601        -137.39302531
    4100          56.74223319          18.09774663        -155.56867859        -137.47093196
    4200          51.99707076          16.58429285        -154.04251330        -137.45822045
    4300          51.52500939          16.43373044        -153.89628517        -137.46255473
    4400          53.08828523          16.93233207        -154.37578025        -137.44344817
    4500          55.28397212          17.63263911        -154.99770398        -137.36506487
    4600          50.51959660          16.11305738        -153.47759171        -137.36453433
    4700          54.85491730          17.49579350        -154.84468097        -137.34888747
    4800          51.57474909          16.44959476        -153.90047713        -137.45088238
    4900          44.22241809          14.10459323        -151.45604500        -137.35145177
    5000          51.64821985          16.47302801        -153.90887902        -137.43585101
    5100          52.30859240          16.68365164        -154.11910602        -137.43545438
    5200          52.06764330          16.60680172        -153.92467095        -137.31786923
    5300          55.11777210          17.57963016        -154.96006430        -137.38043413
    5400          51.05235689          16.28297950        -153.70587851        -137.42289901
    5500          46.48085422          14.82491392        -152.07615957        -137.25124565
    5600          55.75409021          17.78258171        -155.20637921        -137.42379750
    5700          50.59627062          16.13751230        -153.47835172        -137.34083942
    5800          55.66166391          17.75310265        -155.05902384        -137.30592119
    5900          49.38859979          15.75232970        -153.09646996        -137.34414025
    6000          58.78516661          18.74933345        -156.02044008        -137.27110663
    6100          45.44012510          14.49297683        -151.73471816        -137.24174133
    6200          47.12570859          15.03058808        -152.36329486        -137.33270678
    6300          53.08128729          16.93010010        -154.29414593        -137.36404583
    6400          52.13522550          16.62835684        -154.05202746        -137.42367062
    6500          52.46063460          16.73214499        -154.16297580        -137.43083081
    6600          50.45062507          16.09105914        -153.42785905        -137.33679992
    6700          52.80508015          16.84200475        -154.19094578        -137.34894102
    6800          49.25386106          15.70935523        -153.06538380        -137.35602857
    6900          51.50053040          16.42592295        -153.85241628        -137.42649333
    7000          54.34676301          17.33371938        -154.73303641        -137.39931703
    7100          50.86698366          16.22385532        -153.54553906        -137.32168374
    7200          50.77145793          16.19338771        -153.53071761        -137.33732990
    7300          54.60854122          17.41721267        -154.83658671        -137.41937404
    7400          57.24433031          18.25788883        -155.74066022        -137.48277138
    7500          49.18071397          15.68602521        -153.18306943        -137.49704422
    7600          50.01294437          15.95146233        -153.46381882        -137.51235649
    7700          52.00550967          16.58698441        -154.09620682        -137.50922241
    7800          50.77241899          16.19369423        -153.55014467        -137.35645043
    7900          52.94687026          16.88722824        -154.38074365        -137.49351541
    8000          50.09183998          15.97662583        -153.38768931        -137.41106348
    8100          52.69152612          16.80578707        -154.12238936        -137.31660229
    8200          56.46263615          18.00857008        -155.40406550        -137.39549542
    8300          51.28888320          16.35841878        -153.76928568        -137.41086690
    8400          53.17305076          16.95936776        -154.50730408        -137.54793633
    8500          56.28171455          17.95086574        -155.33092758        -137.38006184
    8600          50.73237708          16.18092300        -153.64644331        -137.46552030
    8700          55.10653207          17.57604519        -154.96841465        -137.39236946
    8800          53.23869037          16.98030329        -154.37152298        -137.39121969
    8900          52.08565866          16.61254766        -153.93764524        -137.32509757
    9000          56.14219116          17.90636522        -155.26311852        -137.35675330
    9100          50.88451879          16.22944810        -153.44867439        -137.21922629
    9200          52.22439879          16.65679837        -153.98526587        -137.32846750
    9300          49.98083001          15.94121956        -153.21452318        -137.27330361
    9400          50.24227172          16.02460553        -153.30249546        -137.27788994
    9500          52.36650372          16.70212226        -154.02270012        -137.32057785
    9600          54.65366948          17.43160618        -154.79140026        -137.35979409
    9700          57.75279887          18.42006319        -155.81566758        -137.39560438
    9800          45.77956180          14.60123904        -152.01151559        -137.41027655
    9900          56.63433098          18.06333158        -155.52129786        -137.45796628
   10000          52.00638512          16.58726363        -154.04538522        -137.45812159
Simulation Done.

- TIMING RESULTS -
Force: 10000
2 13 13 13 13 13 13 13 
KineticEnergy: 10000
0 0 0 0 0 0 0 0 
Propagate: 10000
0 0 0 0 0 0 0 0 
RunTime: 1
268 275 275 275 275 275 275 275 
Startup Time: 1
9 5 5 5 4 4 4 4 
Velverlet: 10000
0 0 0 0 0 0 0 0 
