LJMD version 1.0
Starting simulation with 108 atoms for 10000 steps, nPEs = 2, Thds = 16.
	NFI		TEMP		EKIN			EPOT			ETOT
       0          72.64160016          23.16879686        -160.48438434        -137.31558748
     100          65.43323663          20.86971328        -158.26635748        -137.39664420
     200          59.79291673          19.07075200        -156.47936252        -137.40861052
     300          57.64514280          18.38572665        -155.78652892        -137.40080228
     400          60.30123889          19.23287966        -156.54009116        -137.30721150
     500          61.72762728          19.68782150        -157.10161687        -137.41379537
     600          57.14347223          18.22572049        -155.66135485        -137.43563437
     700          59.33906643          18.92599796        -156.26728969        -137.34129173
     800          59.75647587          19.05912931        -156.36554426        -137.30641495
     900          54.35607344          17.33668891        -154.79957079        -137.46288188
    1000          58.38087656          18.62038648        -155.96230669        -137.34192021
    1100          59.80933564          19.07598876        -156.35932099        -137.28333224
    1200          59.35800355          18.93203789        -156.26587665        -137.33383876
    1300          62.28306286          19.86497583        -157.10909906        -137.24412324
    1400          56.93168792          18.15817258        -155.44501733        -137.28684474
    1500          58.26383349          18.58305599        -155.91700555        -137.33394956
    1600          57.40448498          18.30896964        -155.68941538        -137.38044574
    1700          62.93329516          20.07236526        -157.42260553        -137.35024027
    1800          53.45890134          17.05053885        -154.52525666        -137.47471781
    1900          59.48052540          18.97111582        -156.30527788        -137.33416206
    2000          62.75114394          20.01426874        -157.30132634        -137.28705761
    2100          57.86465886          18.45574056        -155.66814504        -137.21240447
    2200          60.48709291          19.29215718        -156.59447068        -137.30231349
    2300          53.81193894          17.16313902        -154.43944723        -137.27630821
    2400          59.52572192          18.98553110        -156.33952786        -137.35399675
    2500          58.92686587          18.79452796        -156.03041541        -137.23588746
    2600          61.65941062          19.66606402        -156.94491185        -137.27884783
    2700          58.81987815          18.76040458        -156.07031129        -137.30990671
    2800          53.15475434          16.95353218        -154.26693029        -137.31339812
    2900          54.95193270          17.52673624        -154.82877238        -137.30203614
    3000          55.99963448          17.86089724        -155.23428916        -137.37339192
    3100          56.97369927          18.17157196        -155.46229967        -137.29072770
    3200          54.82660952          17.48676483        -154.82425991        -137.33749508
    3300          58.17829291          18.55577310        -155.99088413        -137.43511103
    3400          57.28760476          18.27169108        -155.64131950        -137.36962842
    3500          55.43526386          17.68089311        -155.09613208        -137.41523897
    3600          55.08690759          17.56978603        -155.00142868        -137.43164265
    3700          56.84772991          18.13139445        -155.56340408        -137.43200962
    3800          51.62382409          16.46524706        -153.98188577        -137.51663871
    3900          52.18971798          16.64573704        -154.10777902        -137.46204199
    4000          52.04658798          16.60008620        -153.99308650        -137.39300030
    4100          56.74267716          18.09788823        -155.56874932        -137.47086109
    4200          51.99605482          16.58396882        -154.04211783        -137.45814901
    4300          51.52462699          16.43360848        -153.89601266        -137.46240418
    4400          53.09548557          16.93462860        -154.37795708        -137.44332848
    4500          55.28720641          17.63367068        -154.99471341        -137.36104273
    4600          50.51747754          16.11238151        -153.48064723        -137.36826572
    4700          54.85780489          17.49671449        -154.83743501        -137.34072052
    4800          51.61343125          16.46193230        -153.91615483        -137.45422253
    4900          44.15279422          14.08238693        -151.43687794        -137.35449102
    5000          51.66154434          16.47727781        -153.91211891        -137.43484110
    5100          52.03529384          16.59648397        -154.01913241        -137.42264844
    5200          51.96865216          16.57522883        -153.89954952        -137.32432069
    5300          54.75234140          17.46307726        -154.86571434        -137.40263708
    5400          49.82783295          15.89242166        -153.27486563        -137.38244397
    5500          47.96143253          15.29713945        -152.57804784        -137.28090839
    5600          52.47476240          16.73665101        -154.08766200        -137.35101100
    5700          49.28338327          15.71877124        -153.15992443        -137.44115319
    5800          47.09179819          15.01977247        -152.34017504        -137.32040257
    5900          56.13698396          17.90470440        -155.22567396        -137.32096956
    6000          49.42595291          15.76424336        -153.11177502        -137.34753166
    6100          50.73606505          16.18209927        -153.47920604        -137.29710677
    6200          52.60478120          16.77812007        -154.18423963        -137.40611956
    6300          57.83062307          18.44488496        -155.78511117        -137.34022621
    6400          54.76999850          17.46870893        -154.85620410        -137.38749517
    6500          55.42552168          17.67778587        -155.09982148        -137.42203561
    6600          53.27196928          16.99091749        -154.41761404        -137.42669655
    6700          57.60498319          18.37291787        -155.75974367        -137.38682580
    6800          55.05902797          17.56089392        -154.97515738        -137.41426346
    6900          46.41119438          14.80269615        -152.17643306        -137.37373692
    7000          49.59906743          15.81945766        -153.22062972        -137.40117206
    7100          53.64932922          17.11127519        -154.48192041        -137.37064522
    7200          56.93317120          18.15864567        -155.58866950        -137.43002383
    7300          56.33655650          17.96835740        -155.37504909        -137.40669169
    7400          52.55973956          16.76375419        -154.17790475        -137.41415056
    7500          54.36338223          17.33902002        -154.72540467        -137.38638465
    7600          52.28524970          16.67620656        -154.08232336        -137.40611680
    7700          52.83193426          16.85056978        -154.27967155        -137.42910177
    7800          51.53161004          16.43583570        -153.75562338        -137.31978768
    7900          55.01622691          17.54724266        -154.94534793        -137.39810526
    8000          50.00948374          15.95035857        -153.32795836        -137.37759978
    8100          49.35503806          15.74162530        -153.19866679        -137.45704149
    8200          45.81802115          14.61350552        -152.03469263        -137.42118711
    8300          52.10004994          16.61713771        -153.93688293        -137.31974522
    8400          49.57848831          15.81289402        -153.09387674        -137.28098273
    8500          50.00201467          15.94797634        -153.19724288        -137.24926654
    8600          53.48623139          17.05925568        -154.45355590        -137.39430022
    8700          49.45848267          15.77461862        -153.06256427        -137.28794566
    8800          50.58416674          16.13365181        -153.40597287        -137.27232106
    8900          48.57860861          15.49398571        -152.87165859        -137.37767289
    9000          49.63114649          15.82968917        -153.22760193        -137.39791276
    9100          46.12043438          14.70995921        -152.16638286        -137.45642365
    9200          51.96291440          16.57339879        -154.03787759        -137.46447880
    9300          52.28800104          16.67708409        -154.09547303        -137.41838894
    9400          52.32996543          16.69046850        -154.13546884        -137.44500035
    9500          51.89466893          16.55163212        -154.01647864        -137.46484651
    9600          52.35153360          16.69734759        -154.14649766        -137.44915007
    9700          58.38511472          18.62173823        -156.05569237        -137.43395414
    9800          54.91096347          17.51366924        -154.96254536        -137.44887612
    9900          53.92690323          17.19980650        -154.61658506        -137.41677857
   10000          54.37453037          17.34257569        -154.76693726        -137.42436157
Simulation Done.

- TIMING RESULTS -
Force: 10000
0 4 
KineticEnergy: 10000
0 0 
Propagate: 10000
0 0 
RunTime: 1
368 371 
Startup Time: 1
11 12 
Velverlet: 10000
0 0 
