LJMD version 1.0
Starting simulation with 78732 atoms for 20 steps, nPEs = 32, Thds = 2.
	NFI		TEMP		EKIN			EPOT			ETOT
       0          71.96990686       16890.05291324     -122097.78543733     -105207.73252409
       5          70.75285384       16604.43228639     -121809.07486244     -105204.64257605
      10          68.54614858       16086.55793729     -121291.84036390     -105205.28242661
      15          66.28981949       15557.03776251     -120761.98955692     -105204.95179440
      20          64.75450416       15196.72665073     -120405.58768951     -105208.86103879
Simulation Done.

- TIMING RESULTS -
Force: 20
17739 18135 18137 18137 18137 18136 18134 18115 18138 18137 18136 18098 18137 18100 18102 18102 18137 18135 18135 18135 18136 18136 18137 18133 18136 18136 18136 18138 18138 18137 18134 18140 
KineticEnergy: 20
0 0 0 0 0 0 0 0 0 0 0 0 0 0 0 0 0 0 0 0 0 0 0 0 0 0 0 0 0 0 0 0 
Propagate: 20
0 0 0 0 0 0 0 0 0 0 0 0 0 0 0 0 0 0 0 0 0 0 0 0 0 0 0 0 0 0 0 0 
RunTime: 1
18111 18182 18183 18184 18182 18183 18183 18159 18183 18183 18183 18147 18183 18147 18147 18148 18183 18182 18182 18183 18182 18183 18183 18177 18182 18182 18182 18184 18182 18183 18183 18184 
Startup Time: 1
1136 1136 1136 1134 1136 1134 1135 1079 1136 1135 1135 1101 1135 1101 1102 1100 1136 1136 1136 1134 1136 1135 1135 1111 1136 1135 1135 1133 1135 1134 1134 1133 
Velverlet: 20
0 0 0 0 0 0 0 0 0 0 1 0 0 0 0 0 0 1 0 0 0 0 0 0 1 0 0 0 1 0 0 0 
