LJMD version 1.0
Starting simulation with 78732 atoms for 20 steps, nPEs = 16, Thds = 2.
	NFI		TEMP		EKIN			EPOT			ETOT
       0          71.96990686       16890.05291324     -122097.78543733     -105207.73252409
       5          70.75285384       16604.43228639     -121809.07486244     -105204.64257605
      10          68.54614858       16086.55793729     -121291.84036390     -105205.28242661
      15          66.28981949       15557.03776251     -120761.98955692     -105204.95179440
      20          64.75450416       15196.72665073     -120405.58768951     -105208.86103878
Simulation Done.

- TIMING RESULTS -
Force: 20
34808 35243 35241 35243 35244 35241 35242 35243 35241 35242 35242 35242 35241 35243 35242 35237 
KineticEnergy: 20
0 0 0 0 0 0 0 0 0 0 0 0 0 0 0 0 
Propagate: 20
0 0 0 0 0 0 0 0 0 0 0 0 0 0 0 0 
RunTime: 1
35208 35289 35289 35289 35289 35289 35289 35290 35289 35289 35289 35289 35289 35289 35289 35283 
Startup Time: 1
1930 1930 1930 1929 1930 1930 1930 1928 1930 1930 1930 1929 1930 1929 1930 1803 
Velverlet: 20
0 0 1 0 0 1 1 0 1 1 1 0 1 0 0 0 
