LJMD version 1.0
Starting simulation with 108 atoms for 10000 steps, nPEs = 16, Thds = 4.
	NFI		TEMP		EKIN			EPOT			ETOT
       0          72.64160016          23.16879686        -160.48438434        -137.31558748
     100          65.43323663          20.86971328        -158.26635748        -137.39664420
     200          59.79291673          19.07075200        -156.47936252        -137.40861052
     300          57.64514280          18.38572665        -155.78652892        -137.40080228
     400          60.30123889          19.23287966        -156.54009116        -137.30721150
     500          61.72762728          19.68782150        -157.10161687        -137.41379537
     600          57.14347223          18.22572049        -155.66135485        -137.43563437
     700          59.33906643          18.92599796        -156.26728969        -137.34129173
     800          59.75647587          19.05912931        -156.36554426        -137.30641495
     900          54.35607344          17.33668891        -154.79957079        -137.46288188
    1000          58.38087656          18.62038648        -155.96230669        -137.34192021
    1100          59.80933564          19.07598876        -156.35932099        -137.28333224
    1200          59.35800355          18.93203789        -156.26587665        -137.33383876
    1300          62.28306286          19.86497583        -157.10909906        -137.24412324
    1400          56.93168792          18.15817258        -155.44501733        -137.28684474
    1500          58.26383349          18.58305599        -155.91700555        -137.33394956
    1600          57.40448498          18.30896964        -155.68941538        -137.38044574
    1700          62.93329516          20.07236526        -157.42260553        -137.35024027
    1800          53.45890135          17.05053885        -154.52525666        -137.47471781
    1900          59.48052540          18.97111582        -156.30527788        -137.33416206
    2000          62.75114395          20.01426874        -157.30132634        -137.28705761
    2100          57.86465886          18.45574056        -155.66814504        -137.21240447
    2200          60.48709290          19.29215718        -156.59447068        -137.30231349
    2300          53.81193894          17.16313902        -154.43944722        -137.27630821
    2400          59.52572193          18.98553111        -156.33952786        -137.35399675
    2500          58.92686581          18.79452794        -156.03041539        -137.23588745
    2600          61.65941060          19.66606402        -156.94491184        -137.27884783
    2700          58.81987810          18.76040456        -156.07031127        -137.30990671
    2800          53.15475433          16.95353217        -154.26693029        -137.31339812
    2900          54.95193286          17.52673629        -154.82877243        -137.30203614
    3000          55.99963565          17.86089761        -155.23428954        -137.37339192
    3100          56.97369985          18.17157215        -155.46229987        -137.29072773
    3200          54.82661134          17.48676541        -154.82426052        -137.33749511
    3300          58.17828917          18.55577191        -155.99088294        -137.43511103
    3400          57.28761471          18.27169425        -155.64132266        -137.36962842
    3500          55.43528159          17.68089876        -155.09613774        -137.41523898
    3600          55.08689388          17.56978166        -155.00142448        -137.43164283
    3700          56.84773108          18.13139483        -155.56340453        -137.43200970
    3800          51.62387242          16.46526248        -153.98191373        -137.51665125
    3900          52.18963535          16.64571068        -154.10776474        -137.46205406
    4000          52.04645588          16.60004407        -153.99306860        -137.39302454
    4100          56.74245867          18.09781855        -155.56874684        -137.47092830
    4200          51.99669761          16.58417383        -154.04239636        -137.45822252
    4300          51.52466029          16.43361910        -153.89617131        -137.46255221
    4400          53.08669725          16.93182559        -154.37527160        -137.44344601
    4500          55.28375905          17.63257115        -154.99767656        -137.36510541
    4600          50.51883387          16.11281411        -153.47740302        -137.36458892
    4700          54.85223323          17.49493742        -154.84397238        -137.34903496
    4800          51.57182967          16.44866362        -153.89965919        -137.45099558
    4900          44.21078662          14.10088341        -151.45248712        -137.35160371
    5000          51.66173019          16.47733709        -153.91720291        -137.43986583
    5100          52.26646596          16.67021555        -154.10194138        -137.43172583
    5200          52.00214543          16.58591140        -153.89991645        -137.31400505
    5300          54.77501302          17.47030830        -154.87460120        -137.40429291
    5400          51.14624354          16.31292433        -153.74797411        -137.43504978
    5500          46.75733530          14.91309664        -152.14502586        -137.23192922
    5600          54.47461639          17.37449779        -154.72833557        -137.35383778
    5700          51.74457653          16.50376065        -153.86100172        -137.35724107
    5800          52.35031110          16.69695768        -154.06165403        -137.36469635
    5900          49.43133157          15.76595886        -153.08058940        -137.31463054
    6000          52.00725673          16.58754163        -154.01960041        -137.43205878
    6100          52.46855588          16.73467146        -154.09570427        -137.36103281
    6200          51.61366814          16.46200785        -153.85916892        -137.39716106
    6300          48.82766237          15.57342058        -153.00841504        -137.43499446
    6400          53.47620380          17.05605741        -154.47649696        -137.42043954
    6500          55.32862550          17.64688115        -155.08662527        -137.43974411
    6600          50.41398250          16.07937211        -153.47505794        -137.39568583
    6700          49.78946262          15.88018357        -153.25271246        -137.37252889
    6800          49.49162816          15.78519026        -153.07108197        -137.28589171
    6900          52.67796484          16.80146175        -154.18586746        -137.38440571
    7000          54.22474193          17.29480116        -154.71520701        -137.42040585
    7100          53.85600732          17.17719448        -154.54639587        -137.36920139
    7200          54.85275307          17.49510322        -154.87585918        -137.38075596
    7300          50.09034302          15.97614837        -153.31810794        -137.34195957
    7400          57.87614223          18.45940315        -155.85274442        -137.39334127
    7500          52.89063420          16.86929194        -154.18366120        -137.31436926
    7600          52.52543374          16.75281246        -154.11770621        -137.36489374
    7700          54.55879836          17.40134735        -154.79544927        -137.39410192
    7800          49.42119723          15.76272655        -153.14333536        -137.38060881
    7900          57.11715430          18.21732647        -155.63045609        -137.41312962
    8000          54.26572373          17.30787217        -154.68897838        -137.38110621
    8100          47.50887497          15.15279772        -152.57620338        -137.42340565
    8200          55.94350501          17.84299493        -155.26688316        -137.42388823
    8300          52.60317543          16.77760792        -154.16966792        -137.39206000
    8400          56.83650462          18.12781419        -155.60578252        -137.47796833
    8500          56.79451082          18.11442041        -155.54642847        -137.43200806
    8600          52.55776907          16.76312571        -154.22985493        -137.46672922
    8700          54.18652736          17.28261275        -154.67146666        -137.38885391
    8800          55.21829225          17.61169073        -154.89123372        -137.27954299
    8900          52.03260950          16.59562781        -153.96449467        -137.36886685
    9000          56.96792709          18.16973095        -155.59440443        -137.42467348
    9100          52.46081434          16.73220232        -154.09821282        -137.36601050
    9200          50.13922327          15.99173857        -153.38854211        -137.39680354
    9300          53.08335678          16.93076016        -154.32075400        -137.38999384
    9400          51.05400153          16.28350405        -153.66093222        -137.37742817
    9500          50.02935687          15.95669704        -153.29071684        -137.33401980
    9600          57.38418749          18.30249582        -155.61810674        -137.31561092
    9700          50.56570320          16.12776292        -153.54351262        -137.41574970
    9800          52.73370645          16.81924035        -154.13778639        -137.31854604
    9900          55.52485007          17.70946633        -155.14531025        -137.43584392
   10000          57.63129651          18.38131042        -155.73984740        -137.35853698
Simulation Done.

- TIMING RESULTS -
Force: 10000
17 146 143 161 141 144 162 159 166 158 164 167 167 163 163 163 
KineticEnergy: 10000
0 0 0 0 0 0 0 0 0 0 0 0 0 0 0 0 
Propagate: 10000
0 0 0 0 0 0 0 0 0 0 0 0 0 0 0 0 
RunTime: 1
676 687 684 702 684 687 703 703 710 701 707 709 712 707 707 707 
Startup Time: 1
79 76 78 61 79 76 60 60 52 60 55 53 50 54 55 55 
Velverlet: 10000
0 0 0 0 0 0 0 0 0 0 0 0 0 0 0 0 
