LJMD version 1.0
Starting simulation with 108 atoms for 10000 steps, nPEs = 8, Thds = 32.
	NFI		TEMP		EKIN			EPOT			ETOT
       0          72.64160016          23.16879686        -160.48438434        -137.31558748
     100          65.43323663          20.86971328        -158.26635748        -137.39664420
     200          59.79291673          19.07075200        -156.47936252        -137.40861052
     300          57.64514280          18.38572665        -155.78652892        -137.40080228
     400          60.30123889          19.23287966        -156.54009116        -137.30721150
     500          61.72762728          19.68782150        -157.10161687        -137.41379537
     600          57.14347223          18.22572049        -155.66135485        -137.43563437
     700          59.33906643          18.92599796        -156.26728969        -137.34129173
     800          59.75647587          19.05912931        -156.36554426        -137.30641495
     900          54.35607344          17.33668891        -154.79957079        -137.46288188
    1000          58.38087656          18.62038648        -155.96230669        -137.34192021
    1100          59.80933564          19.07598876        -156.35932099        -137.28333224
    1200          59.35800355          18.93203789        -156.26587665        -137.33383876
    1300          62.28306286          19.86497583        -157.10909906        -137.24412324
    1400          56.93168792          18.15817258        -155.44501733        -137.28684474
    1500          58.26383349          18.58305599        -155.91700555        -137.33394956
    1600          57.40448498          18.30896964        -155.68941538        -137.38044574
    1700          62.93329516          20.07236526        -157.42260553        -137.35024027
    1800          53.45890134          17.05053885        -154.52525666        -137.47471781
    1900          59.48052540          18.97111582        -156.30527788        -137.33416206
    2000          62.75114395          20.01426874        -157.30132634        -137.28705761
    2100          57.86465886          18.45574056        -155.66814504        -137.21240447
    2200          60.48709291          19.29215718        -156.59447068        -137.30231349
    2300          53.81193894          17.16313902        -154.43944722        -137.27630821
    2400          59.52572193          18.98553111        -156.33952786        -137.35399675
    2500          58.92686582          18.79452794        -156.03041540        -137.23588745
    2600          61.65941057          19.66606401        -156.94491183        -137.27884783
    2700          58.81987814          18.76040458        -156.07031129        -137.30990671
    2800          53.15475439          16.95353219        -154.26693031        -137.31339812
    2900          54.95193302          17.52673634        -154.82877248        -137.30203614
    3000          55.99963560          17.86089760        -155.23428952        -137.37339192
    3100          56.97370000          18.17157220        -155.46229992        -137.29072772
    3200          54.82661033          17.48676508        -154.82426019        -137.33749511
    3300          58.17829167          18.55577271        -155.99088374        -137.43511103
    3400          57.28761074          18.27169298        -155.64132140        -137.36962842
    3500          55.43527643          17.68089711        -155.09613607        -137.41523896
    3600          55.08689248          17.56978121        -155.00142396        -137.43164274
    3700          56.84773293          18.13139542        -155.56340503        -137.43200961
    3800          51.62384042          16.46525227        -153.98190351        -137.51665124
    3900          52.18972844          16.64574037        -154.10777555        -137.46203518
    4000          52.04659547          16.60008859        -153.99309409        -137.39300550
    4100          56.74166797          18.09756635        -155.56847738        -137.47091103
    4200          51.99723730          16.58434596        -154.04252900        -137.45818304
    4300          51.52462690          16.43360845        -153.89615606        -137.46254761
    4400          53.08886446          16.93251682        -154.37597129        -137.44345447
    4500          55.28417494          17.63270380        -154.99777180        -137.36506801
    4600          50.52113984          16.11354959        -153.47790391        -137.36435432
    4700          54.84365596          17.49220173        -154.84066014        -137.34845840
    4800          51.58138892          16.45171251        -153.90188722        -137.45017471
    4900          44.23292803          14.10794534        -151.45844084        -137.35049551
    5000          51.61821226          16.46345719        -153.91006437        -137.44660719
    5100          51.98872150          16.58162988        -154.01586411        -137.43423423
    5200          52.41577223          16.71783629        -154.04234636        -137.32451007
    5300          55.24810464          17.62119929        -155.00441633        -137.38321703
    5400          52.61121355          16.78017165        -154.17867776        -137.39850611
    5500          48.84871399          15.58013492        -152.87690775        -137.29677282
    5600          52.19404779          16.64711802        -154.05746910        -137.41035108
    5700          49.17887176          15.68543764        -153.07636806        -137.39093042
    5800          48.46560239          15.45794275        -152.78914976        -137.33120701
    5900          51.38132164          16.38790171        -153.77521334        -137.38731163
    6000          55.44550137          17.68415832        -155.14511973        -137.46096141
    6100          54.58582960          17.40996887        -154.79319731        -137.38322844
    6200          52.00709139          16.58748890        -154.01386953        -137.42638064
    6300          51.62092953          16.46432385        -153.87461428        -137.41029043
    6400          53.39117792          17.02893869        -154.47477999        -137.44584130
    6500          50.63850187          16.15098182        -153.57341866        -137.42243684
    6600          50.81563834          16.20747891        -153.53912862        -137.33164971
    6700          52.74505486          16.82285989        -154.18238040        -137.35952051
    6800          52.53415066          16.75559269        -154.12220501        -137.36661232
    6900          55.56062071          17.72087526        -155.06450750        -137.34363224
    7000          53.20193895          16.96858155        -154.35108082        -137.38249927
    7100          52.43681693          16.72454842        -154.07198877        -137.34744035
    7200          55.26977792          17.62811191        -155.06608030        -137.43796838
    7300          54.27838778          17.31191132        -154.75738778        -137.44547646
    7400          48.67604881          15.52506394        -152.87217626        -137.34711232
    7500          51.20596648          16.33197277        -153.79740809        -137.46543533
    7600          54.44152694          17.36394402        -154.87142924        -137.50748522
    7700          52.04915019          16.60090341        -154.03813298        -137.43722957
    7800          48.47246235          15.46013071        -152.78311459        -137.32298388
    7900          53.36825282          17.02162681        -154.45891110        -137.43728429
    8000          49.46859619          15.77784429        -153.19166461        -137.41382032
    8100          54.63251998          17.42486061        -154.93253932        -137.50767871
    8200          53.64441134          17.10970665        -154.54222665        -137.43252000
    8300          49.86273449          15.90355339        -153.32483781        -137.42128442
    8400          57.18305217          18.23834438        -155.61707536        -137.37873099
    8500          53.46583187          17.05274932        -154.45117233        -137.39842301
    8600          47.99342544          15.30734348        -152.73579785        -137.42845436
    8700          52.26034516          16.66826334        -154.03906647        -137.37080313
    8800          52.54967214          16.76054322        -154.10686853        -137.34632531
    8900          55.55933706          17.72046584        -155.01548323        -137.29501739
    9000          51.39512415          16.39230398        -153.69159154        -137.29928756
    9100          54.29838093          17.31828807        -154.57067253        -137.25238446
    9200          57.15372542          18.22899071        -155.54453460        -137.31554389
    9300          56.06157993          17.88065453        -155.26271143        -137.38205690
    9400          52.13290334          16.62761620        -153.95169776        -137.32408156
    9500          52.32001567          16.68729505        -154.05388396        -137.36658891
    9600          47.39223010          15.11559423        -152.54008818        -137.42449395
    9700          52.68552945          16.80387446        -154.16674288        -137.36286842
    9800          52.11442578          16.62172284        -153.94199646        -137.32027363
    9900          54.93147712          17.52021200        -154.90645970        -137.38624771
   10000          50.83202967          16.21270686        -153.66598576        -137.45327890
Simulation Done.

- TIMING RESULTS -
Force: 10000
51 282 285 280 290 293 280 274 
KineticEnergy: 10000
0 0 0 0 0 0 0 0 
Propagate: 10000
1 1 0 0 0 0 1 4 
RunTime: 1
1260 1263 1264 1263 1273 1275 1264 1263 
Startup Time: 1
40 40 38 39 30 28 38 38 
Velverlet: 10000
1 0 0 0 0 0 4 3 
