LJMD version 1.0
Starting simulation with 78732 atoms for 20 steps, nPEs = 16, Thds = 2.
	NFI		TEMP		EKIN			EPOT			ETOT
       0          71.96990686       16890.05291324     -122097.78543733     -105207.73252409
       5          70.75285384       16604.43228639     -121809.07486244     -105204.64257605
      10          68.54614858       16086.55793729     -121291.84036390     -105205.28242661
      15          66.28981949       15557.03776251     -120761.98955692     -105204.95179440
      20          64.75450416       15196.72665073     -120405.58768951     -105208.86103878
Simulation Done.

- TIMING RESULTS -
Force: 20
28919 29350 29345 29354 29349 29354 29354 29357 29355 29353 29349 29337 29357 29341 29337 29333 
KineticEnergy: 20
0 0 0 0 0 0 0 0 0 0 0 0 0 0 0 0 
Propagate: 20
0 0 0 0 0 0 0 0 0 0 0 0 0 0 0 0 
RunTime: 1
29280 29396 29393 29401 29392 29396 29396 29402 29396 29395 29395 29382 29401 29382 29382 29377 
Startup Time: 1
1662 1658 1662 1652 1660 1657 1657 1650 1656 1656 1658 1651 1652 1651 1651 1634 
Velverlet: 20
0 0 0 0 0 0 0 0 0 0 0 0 0 0 0 0 
