LJMD version 1.0
Starting simulation with 108 atoms for 10000 steps, nPEs = 1, Thds = 1.
	NFI		TEMP		EKIN			EPOT			ETOT
       0          72.64160016          23.16879686        -160.48438434        -137.31558748
     100          65.43323663          20.86971328        -158.26635748        -137.39664420
     200          59.79291673          19.07075200        -156.47936252        -137.40861052
     300          57.64514280          18.38572665        -155.78652892        -137.40080228
     400          60.30123889          19.23287966        -156.54009116        -137.30721150
     500          61.72762728          19.68782150        -157.10161687        -137.41379537
     600          57.14347223          18.22572049        -155.66135485        -137.43563437
     700          59.33906643          18.92599796        -156.26728969        -137.34129173
     800          59.75647587          19.05912931        -156.36554426        -137.30641495
     900          54.35607344          17.33668891        -154.79957079        -137.46288188
    1000          58.38087656          18.62038648        -155.96230669        -137.34192021
    1100          59.80933564          19.07598876        -156.35932099        -137.28333224
    1200          59.35800355          18.93203789        -156.26587665        -137.33383876
    1300          62.28306286          19.86497583        -157.10909906        -137.24412324
    1400          56.93168792          18.15817258        -155.44501733        -137.28684474
    1500          58.26383349          18.58305599        -155.91700555        -137.33394956
    1600          57.40448498          18.30896964        -155.68941538        -137.38044574
    1700          62.93329516          20.07236526        -157.42260553        -137.35024027
    1800          53.45890134          17.05053885        -154.52525666        -137.47471781
    1900          59.48052540          18.97111582        -156.30527789        -137.33416206
    2000          62.75114394          20.01426874        -157.30132634        -137.28705761
    2100          57.86465886          18.45574057        -155.66814504        -137.21240447
    2200          60.48709291          19.29215719        -156.59447068        -137.30231349
    2300          53.81193894          17.16313902        -154.43944722        -137.27630821
    2400          59.52572194          18.98553111        -156.33952787        -137.35399675
    2500          58.92686587          18.79452796        -156.03041541        -137.23588746
    2600          61.65941057          19.66606401        -156.94491183        -137.27884783
    2700          58.81987812          18.76040457        -156.07031128        -137.30990671
    2800          53.15475432          16.95353217        -154.26693029        -137.31339812
    2900          54.95193274          17.52673625        -154.82877239        -137.30203614
    3000          55.99963422          17.86089716        -155.23428907        -137.37339192
    3100          56.97369935          18.17157199        -155.46229969        -137.29072770
    3200          54.82660939          17.48676479        -154.82425988        -137.33749509
    3300          58.17829722          18.55577448        -155.99088551        -137.43511103
    3400          57.28760845          18.27169225        -155.64132069        -137.36962843
    3500          55.43526862          17.68089462        -155.09613365        -137.41523902
    3600          55.08691346          17.56978790        -155.00143066        -137.43164275
    3700          56.84782025          18.13142327        -155.56342726        -137.43200399
    3800          51.62374254          16.46522105        -153.98185522        -137.51663417
    3900          52.18990761          16.64579752        -154.10783589        -137.46203837
    4000          52.04658982          16.60008679        -153.99310100        -137.39301422
    4100          56.74155084          18.09752899        -155.56841873        -137.47088974
    4200          51.99671872          16.58418057        -154.04235251        -137.45817194
    4300          51.52541515          16.43385986        -153.89627602        -137.46241616
    4400          53.08927934          16.93264914        -154.37605370        -137.44340456
    4500          55.29052182          17.63472811        -154.99577857        -137.36105046
    4600          50.51308073          16.11097916        -153.47913410        -137.36815494
    4700          54.85044314          17.49436648        -154.83079982        -137.33643334
    4800          51.62774661          16.46649814        -153.92028633        -137.45378819
    4900          44.17167407          14.08840859        -151.43850205        -137.35009346
    5000          51.43677651          16.40558886        -153.83984927        -137.43426041
    5100          51.65801919          16.47615347        -153.91803140        -137.44187792
    5200          52.04479018          16.59951280        -153.90421991        -137.30470712
    5300          55.26602712          17.62691561        -155.04890700        -137.42199139
    5400          51.37796520          16.38683119        -153.71078765        -137.32395646
    5500          51.64337460          16.47148263        -153.84305585        -137.37157322
    5600          52.44288983          16.72648536        -154.04803303        -137.32154767
    5700          49.72780752          15.86051888        -153.21664074        -137.35612186
    5800          51.77825901          16.51450357        -153.91383478        -137.39933122
    5900          58.10180710          18.53137821        -155.85652650        -137.32514829
    6000          49.06897987          15.65038799        -153.03346910        -137.38308110
    6100          49.91748258          15.92101511        -153.26950794        -137.34849282
    6200          50.66817109          16.16044471        -153.50822163        -137.34777692
    6300          51.98883898          16.58166735        -153.91846432        -137.33679698
    6400          55.05772904          17.56047963        -154.90870813        -137.34822850
    6500          49.90781874          15.91793286        -153.27346990        -137.35553704
    6600          49.33744710          15.73601472        -153.11966780        -137.38365308
    6700          49.07102730          15.65104101        -153.05455602        -137.40351500
    6800          51.55181029          16.44227850        -153.78271520        -137.34043670
    6900          46.95395451          14.97580768        -152.31188113        -137.33607345
    7000          52.72896478          16.81772801        -154.07156067        -137.25383266
    7100          55.89050504          17.82609076        -155.20949427        -137.38340350
    7200          53.81021894          17.16259043        -154.58425201        -137.42166158
    7300          58.92864600          18.79509572        -156.31848769        -137.52339197
    7400          52.25890973          16.66780551        -154.13645856        -137.46865304
    7500          49.16420398          15.68075941        -153.08284845        -137.40208905
    7600          52.49945468          16.74452653        -154.14582934        -137.40130282
    7700          54.04647153          17.23794241        -154.60531591        -137.36737350
    7800          53.94510816          17.20561290        -154.66256085        -137.45694795
    7900          56.69528949          18.08277409        -155.57458210        -137.49180801
    8000          58.46150141          18.64610151        -156.12263730        -137.47653579
    8100          53.10326133          16.93710865        -154.43665090        -137.49954224
    8200          56.42866430          17.99773487        -155.41886638        -137.42113151
    8300          55.97144681          17.85190687        -155.35217572        -137.50026885
    8400          52.43451667          16.72381477        -154.23165246        -137.50783769
    8500          54.96868107          17.53207808        -154.98143383        -137.44935576
    8600          52.64015086          16.78940111        -154.19204300        -137.40264189
    8700          55.09094767          17.57107460        -154.97368785        -137.40261325
    8800          51.39937772          16.39366064        -153.77587653        -137.38221589
    8900          52.65663909          16.79465997        -154.14091555        -137.34625558
    9000          49.74509567          15.86603288        -153.27570163        -137.40966875
    9100          54.52934880          17.39195451        -154.79443537        -137.40248086
    9200          51.13452218          16.30918585        -153.68776051        -137.37857467
    9300          49.05336094          15.64540639        -153.06639550        -137.42098911
    9400          50.86692205          16.22383567        -153.58283374        -137.35899806
    9500          53.35955644          17.01885312        -154.36540432        -137.34655120
    9600          59.26000841          18.90078266        -156.24437573        -137.34359306
    9700          57.30305230          18.27661802        -155.61236949        -137.33575147
    9800          52.03474808          16.59630990        -154.05251225        -137.45620235
    9900          52.60183823          16.77718142        -154.21025400        -137.43307257
   10000          53.43941664          17.04432427        -154.37958412        -137.33525985
Simulation Done.

- TIMING RESULTS -
Force: 10000
0 
KineticEnergy: 10000
0 
Propagate: 10000
0 
RunTime: 1
2381 
Startup Time: 1
3 
Velverlet: 10000
0 
