LJMD version 1.0
Starting simulation with 78732 atoms for 20 steps, nPEs = 16, Thds = 1.
	NFI		TEMP		EKIN			EPOT			ETOT
       0          71.96990686       16890.05291324     -122097.78543733     -105207.73252410
       5          70.75285384       16604.43228639     -121809.07486244     -105204.64257605
      10          68.54614858       16086.55793729     -121291.84036390     -105205.28242661
      15          66.28981949       15557.03776251     -120761.98955692     -105204.95179440
      20          64.75450416       15196.72665073     -120405.58768951     -105208.86103878
Simulation Done.

- TIMING RESULTS -
Force: 20
59244 59629 59629 59630 59628 59629 59629 59631 59629 59630 59630 59642 59630 59642 59641 59643 
KineticEnergy: 20
0 0 0 0 0 0 0 0 0 0 0 0 0 0 0 0 
Propagate: 20
0 0 0 0 0 0 0 0 0 0 0 0 0 0 0 0 
RunTime: 1
59625 59698 59698 59699 59698 59698 59698 59699 59699 59699 59699 59710 59699 59710 59709 59711 
Startup Time: 1
3075 3074 3075 3073 3075 3074 3074 3073 3075 3074 3074 3061 3074 3062 3062 3061 
Velverlet: 20
20 20 20 20 21 20 20 20 20 20 20 20 20 20 20 20 
