LJMD version 1.0
Starting simulation with 78732 atoms for 20 steps, nPEs = 128, Thds = 1.
	NFI		TEMP		EKIN			EPOT			ETOT
       0          71.96990686       16890.05291324     -122097.78543733     -105207.73252409
       5          70.75285384       16604.43228639     -121809.07486244     -105204.64257605
      10          68.54614858       16086.55793729     -121291.84036390     -105205.28242661
      15          66.28981949       15557.03776251     -120761.98955692     -105204.95179440
      20          64.75450416       15196.72665073     -120405.58768951     -105208.86103878
Simulation Done.

- TIMING RESULTS -
Force: 20
8602 9084 9083 9082 9082 9085 9083 9113 9085 9083 9083 9111 9083 9110 9110 9104 9083 9082 9082 9077 9082 9077 9077 9073 9082 9078 9078 9069 9076 9070 9069 9101 9083 9084 9084 9101 9083 9102 9102 9103 9083 9102 9102 9097 9102 9095 9095 9100 9082 9102 9102 9098 9101 9098 9098 9103 9103 9095 9093 9098 9094 9100 9099 9105 9083 9082 9082 9082 9083 9082 9080 9101 9083 9082 9081 9104 9081 9103 9104 9103 9083 9082 9080 9104 9081 9103 9103 9106 9081 9103 9103 9104 9103 9103 9103 9101 9084 9081 9082 9087 9082 9087 9086 9101 9084 9084 9086 9098 9086 9097 9096 9099 9084 9082 9085 9084 9085 9083 9083 9100 9086 9084 9083 9085 9084 9082 9083 9087 
KineticEnergy: 20
0 0 0 1 0 0 0 0 0 0 0 0 0 0 0 0 0 0 0 0 0 0 0 0 0 0 0 0 0 0 0 0 0 0 0 0 0 0 0 0 0 0 0 0 0 0 0 0 0 0 0 0 0 0 0 0 0 0 0 0 0 0 0 0 0 0 0 0 0 0 0 0 0 0 0 0 0 0 0 0 0 0 0 0 0 0 0 0 0 0 0 0 0 0 0 0 0 0 0 0 0 0 0 0 0 0 0 0 0 0 0 0 0 0 0 0 0 0 0 0 0 0 0 0 0 0 0 0 
Propagate: 20
0 0 0 0 2 0 0 0 0 0 0 0 0 0 0 0 0 0 0 0 0 0 0 0 0 0 0 3 0 0 0 0 0 0 0 0 0 0 0 0 0 0 0 0 0 0 0 0 0 0 0 0 0 0 0 0 0 0 2 0 0 0 0 0 0 0 0 0 0 0 0 0 0 0 1 0 0 0 0 0 0 0 0 0 0 0 0 0 0 0 0 0 0 0 0 0 0 0 1 0 0 0 0 0 0 0 0 0 0 0 0 0 0 1 2 0 0 0 0 0 0 0 0 0 0 0 0 0 
RunTime: 1
9050 9156 9156 9157 9156 9157 9157 9186 9156 9156 9156 9183 9156 9183 9183 9176 9156 9156 9156 9149 9156 9149 9149 9144 9156 9148 9148 9142 9148 9141 9141 9173 9156 9156 9155 9176 9156 9176 9175 9174 9156 9175 9175 9170 9175 9170 9169 9174 9156 9174 9174 9174 9174 9173 9173 9174 9174 9172 9172 9172 9172 9175 9175 9177 9156 9156 9156 9157 9156 9157 9157 9174 9156 9157 9156 9176 9157 9176 9176 9177 9156 9156 9156 9177 9156 9177 9177 9179 9156 9176 9176 9177 9176 9177 9177 9174 9156 9156 9156 9160 9156 9160 9160 9173 9156 9159 9159 9172 9159 9171 9170 9171 9156 9159 9159 9158 9159 9158 9157 9173 9159 9157 9157 9159 9157 9157 9157 9158 
Startup Time: 1
2644 2642 2643 2639 2643 2640 2641 2602 2643 2641 2642 2605 2642 2605 2606 2604 2644 2641 2642 2639 2642 2640 2640 2632 2642 2640 2641 2638 2641 2639 2640 2606 2646 2644 2644 2615 2645 2615 2616 2608 2645 2616 2617 2613 2617 2614 2615 2609 2645 2617 2617 2614 2618 2615 2615 2608 2614 2616 2617 2615 2617 2612 2613 2609 2644 2641 2642 2638 2642 2639 2640 2606 2642 2639 2640 2618 2641 2619 2620 2618 2642 2640 2641 2609 2642 2610 2611 2606 2642 2611 2611 2609 2612 2609 2610 2606 2644 2642 2643 2636 2643 2637 2638 2613 2643 2638 2639 2614 2639 2614 2615 2613 2644 2638 2639 2635 2639 2636 2637 2613 2640 2637 2638 2635 2638 2635 2636 2634 
Velverlet: 20
20 20 20 22 20 20 20 20 20 20 20 20 20 20 20 20 20 20 20 20 20 20 20 20 20 20 20 20 20 20 20 20 20 20 20 20 20 20 20 20 20 20 20 20 20 20 20 20 21 20 20 20 20 20 20 20 20 20 20 20 20 20 20 20 20 20 20 20 20 20 20 20 20 20 20 20 20 20 20 20 20 20 20 20 20 20 20 20 20 20 20 20 20 20 20 20 20 20 20 20 20 20 20 20 20 20 20 20 20 20 20 20 20 20 20 20 20 20 20 20 20 20 20 20 20 20 20 20 
