LJMD version 1.0
Starting simulation with 108 atoms for 10000 steps, nPEs = 32, Thds = 1.
	NFI		TEMP		EKIN			EPOT			ETOT
       0          72.64160016          23.16879686        -160.48438434        -137.31558748
     100          65.43323663          20.86971328        -158.26635748        -137.39664420
     200          59.79291673          19.07075200        -156.47936252        -137.40861052
     300          57.64514280          18.38572665        -155.78652892        -137.40080228
     400          60.30123889          19.23287966        -156.54009116        -137.30721150
     500          61.72762728          19.68782150        -157.10161687        -137.41379537
     600          57.14347223          18.22572049        -155.66135485        -137.43563437
     700          59.33906643          18.92599796        -156.26728969        -137.34129173
     800          59.75647587          19.05912931        -156.36554426        -137.30641495
     900          54.35607344          17.33668891        -154.79957079        -137.46288188
    1000          58.38087656          18.62038648        -155.96230669        -137.34192021
    1100          59.80933564          19.07598876        -156.35932099        -137.28333224
    1200          59.35800355          18.93203789        -156.26587665        -137.33383876
    1300          62.28306286          19.86497583        -157.10909906        -137.24412324
    1400          56.93168792          18.15817258        -155.44501733        -137.28684474
    1500          58.26383349          18.58305599        -155.91700555        -137.33394956
    1600          57.40448498          18.30896964        -155.68941538        -137.38044574
    1700          62.93329516          20.07236526        -157.42260553        -137.35024027
    1800          53.45890134          17.05053885        -154.52525666        -137.47471781
    1900          59.48052540          18.97111582        -156.30527788        -137.33416206
    2000          62.75114395          20.01426874        -157.30132634        -137.28705761
    2100          57.86465886          18.45574056        -155.66814504        -137.21240447
    2200          60.48709290          19.29215718        -156.59447068        -137.30231349
    2300          53.81193894          17.16313902        -154.43944722        -137.27630821
    2400          59.52572193          18.98553111        -156.33952786        -137.35399675
    2500          58.92686580          18.79452794        -156.03041539        -137.23588745
    2600          61.65941060          19.66606401        -156.94491184        -137.27884783
    2700          58.81987812          18.76040457        -156.07031128        -137.30990671
    2800          53.15475442          16.95353220        -154.26693032        -137.31339812
    2900          54.95193290          17.52673630        -154.82877244        -137.30203614
    3000          55.99963585          17.86089768        -155.23428960        -137.37339192
    3100          56.97369955          18.17157205        -155.46229978        -137.29072772
    3200          54.82660982          17.48676492        -154.82426004        -137.33749512
    3300          58.17828950          18.55577201        -155.99088305        -137.43511103
    3400          57.28761565          18.27169455        -155.64132296        -137.36962841
    3500          55.43528347          17.68089936        -155.09613838        -137.41523902
    3600          55.08689289          17.56978134        -155.00142427        -137.43164293
    3700          56.84773652          18.13139656        -155.56340638        -137.43200981
    3800          51.62384244          16.46525292        -153.98190432        -137.51665140
    3900          52.18966356          16.64571968        -154.10777420        -137.46205453
    4000          52.04642863          16.60003538        -153.99306112        -137.39302575
    4100          56.74212128          18.09771093        -155.56864067        -137.47092973
    4200          51.99673868          16.58418693        -154.04238746        -137.45820053
    4300          51.52553248          16.43389728        -153.89646223        -137.46256494
    4400          53.08828345          16.93233151        -154.37581651        -137.44348501
    4500          55.28558163          17.63315246        -154.99831012        -137.36515766
    4600          50.52323476          16.11421775        -153.47875855        -137.36454079
    4700          54.84473249          17.49254509        -154.83364467        -137.34109958
    4800          51.56133613          16.44531673        -153.90041405        -137.45509731
    4900          44.23475361          14.10852760        -151.45660271        -137.34807511
    5000          51.60656739          16.45974310        -153.89585912        -137.43611602
    5100          52.19258759          16.64665229        -154.07442369        -137.42777140
    5200          52.15152991          16.63355708        -153.96316915        -137.32961208
    5300          55.30113900          17.63811443        -155.02672503        -137.38861060
    5400          51.63431519          16.46859316        -153.88818210        -137.41958894
    5500          48.48619275          15.46450998        -152.78290538        -137.31839540
    5600          52.55565412          16.76245115        -154.22175508        -137.45930393
    5700          51.18295709          16.32463400        -153.71698057        -137.39234658
    5800          49.04450825          15.64258285        -152.98340465        -137.34082180
    5900          52.57519546          16.76868380        -154.12615062        -137.35746682
    6000          54.89204354          17.50763479        -154.79899396        -137.29135916
    6100          55.94304384          17.84284784        -155.15336803        -137.31052019
    6200          50.20050657          16.01128467        -153.39951196        -137.38822729
    6300          54.00008332          17.22314704        -154.44777926        -137.22463222
    6400          51.91544247          16.55825777        -153.89942365        -137.34116588
    6500          54.12897012          17.26425506        -154.53222975        -137.26797469
    6600          47.22106455          15.06100154        -152.35459575        -137.29359421
    6700          54.78741264          17.47426311        -154.89365936        -137.41939625
    6800          53.02137005          16.91098970        -154.31455099        -137.40356129
    6900          54.37843782          17.34382195        -154.72839879        -137.38457683
    7000          55.66814566          17.75516998        -155.07727283        -137.32210285
    7100          52.39632681          16.71163424        -154.04855878        -137.33692454
    7200          55.60109940          17.73378580        -155.03615153        -137.30236573
    7300          55.00434516          17.54345302        -154.86586438        -137.32241136
    7400          53.45692088          17.04990719        -154.33767812        -137.28777093
    7500          51.75440307          16.50689479        -153.90373990        -137.39684511
    7600          57.43928180          18.32006797        -155.80350419        -137.48343623
    7700          53.96205639          17.21101848        -154.57682196        -137.36580348
    7800          53.72210138          17.13448563        -154.49969944        -137.36521381
    7900          53.08801435          16.93224568        -154.33339293        -137.40114725
    8000          52.29609350          16.67966515        -153.99816267        -137.31849752
    8100          48.92254023          15.60368156        -152.90216312        -137.29848157
    8200          52.89539986          16.87081193        -154.22455522        -137.35374330
    8300          51.42399151          16.40151113        -153.74743757        -137.34592644
    8400          51.98468239          16.58034162        -153.99183114        -137.41148952
    8500          54.12036201          17.26150953        -154.65039557        -137.38888603
    8600          50.00440563          15.94873893        -153.29829164        -137.34955271
    8700          51.67443381          16.48138886        -153.82224685        -137.34085799
    8800          54.70157340          17.44688497        -154.74955437        -137.30266940
    8900          57.97941440          18.49234146        -155.90097402        -137.40863255
    9000          57.22090468          18.25041731        -155.63137439        -137.38095708
    9100          52.69023273          16.80537455        -154.15913697        -137.35376242
    9200          56.50341500          18.02157636        -155.41033167        -137.38875530
    9300          56.18545352          17.92016360        -155.26904257        -137.34887896
    9400          50.22483488          16.01904410        -153.46992308        -137.45087897
    9500          54.51990765          17.38894329        -154.70576571        -137.31682243
    9600          50.08317283          15.97386147        -153.31042528        -137.33656381
    9700          51.56633848          16.44691222        -153.71687310        -137.26996088
    9800          50.43863423          16.08723470        -153.34575736        -137.25852267
    9900          54.30598330          17.32071283        -154.54032622        -137.21961339
   10000          51.25098674          16.34633183        -153.68728491        -137.34095308
Simulation Done.

- TIMING RESULTS -
Force: 10000
1 249 249 249 249 249 250 249 250 251 251 251 250 251 251 251 248 249 250 249 249 250 250 250 248 251 251 251 250 251 251 251 
KineticEnergy: 10000
0 0 0 0 0 0 0 0 0 0 0 0 0 0 0 0 0 0 0 0 0 0 0 0 0 0 0 0 0 0 0 0 
Propagate: 10000
0 0 0 0 0 0 0 0 0 0 0 0 0 0 0 0 0 0 0 0 0 0 0 0 0 0 0 0 0 0 0 0 
RunTime: 1
690 721 721 721 720 721 721 721 720 721 721 721 720 721 721 721 718 721 721 721 720 721 721 721 718 721 721 721 720 721 721 721 
Startup Time: 1
309 306 306 306 307 306 306 306 307 306 306 306 300 306 306 296 309 306 293 306 307 306 306 301 308 305 305 305 306 305 305 305 
Velverlet: 10000
0 0 0 0 0 0 0 0 0 0 0 0 0 0 0 0 0 0 0 0 0 0 0 0 0 0 0 0 0 0 0 0 
