LJMD version 1.0
Starting simulation with 78732 atoms for 20 steps, nPEs = 64, Thds = 1.
	NFI		TEMP		EKIN			EPOT			ETOT
       0          71.96990686       16890.05291324     -122097.78543733     -105207.73252409
       5          70.75285384       16604.43228639     -121809.07486244     -105204.64257605
      10          68.54614858       16086.55793729     -121291.84036390     -105205.28242661
      15          66.28981949       15557.03776251     -120761.98955692     -105204.95179440
      20          64.75450416       15196.72665073     -120405.58768951     -105208.86103879
Simulation Done.

- TIMING RESULTS -
Force: 20
15331 15793 15794 15795 15794 15793 15793 15791 15792 15792 15792 15790 15792 15793 15792 15792 15792 15793 15791 15793 15791 15794 15795 15796 15791 15794 15794 15795 15794 15795 15794 15799 15791 15793 15792 15796 15792 15795 15794 15797 15793 15795 15791 15796 15793 15797 15796 15797 15793 15795 15795 15794 15795 15793 15793 15795 15795 15792 15793 15793 15793 15792 15792 15794 
KineticEnergy: 20
0 0 0 0 0 0 0 0 0 0 0 0 0 0 0 0 0 0 0 0 0 0 0 0 0 0 0 0 0 0 0 0 0 0 0 0 0 0 0 0 0 0 0 0 0 0 0 0 0 0 0 0 0 0 0 0 0 0 0 0 0 0 0 0 
Propagate: 20
0 0 0 0 0 0 0 0 0 0 0 0 0 0 0 0 0 0 0 0 0 0 0 0 0 0 0 0 0 0 0 0 0 0 0 0 0 0 0 0 0 0 0 0 0 0 0 0 0 0 0 0 0 0 0 0 0 0 0 0 0 0 0 0 
RunTime: 1
15750 15858 15858 15859 15858 15858 15858 15855 15858 15858 15858 15859 15858 15859 15859 15859 15858 15858 15858 15859 15858 15859 15859 15861 15858 15858 15858 15860 15858 15859 15859 15861 15858 15858 15858 15859 15858 15859 15859 15861 15858 15858 15858 15861 15858 15860 15860 15861 15858 15858 15858 15860 15858 15859 15859 15860 15858 15859 15859 15859 15859 15858 15858 15859 
Startup Time: 1
996 995 996 994 996 994 995 951 996 995 996 994 996 994 995 993 996 995 996 992 996 993 993 991 996 993 994 992 994 992 993 945 996 995 995 994 995 994 995 945 996 995 995 945 996 946 946 945 997 996 996 947 996 948 948 946 997 948 949 947 949 947 947 946 
Velverlet: 20
20 20 20 20 20 20 20 20 20 20 20 20 20 20 20 20 20 20 20 20 20 20 20 20 20 20 20 20 20 20 20 20 20 20 20 20 20 20 20 20 20 20 20 20 20 20 20 20 20 20 20 20 20 20 20 20 20 20 20 20 20 20 20 20 
