LJMD version 1.0
Starting simulation with 78732 atoms for 20 steps, nPEs = 16, Thds = 1.
	NFI		TEMP		EKIN			EPOT			ETOT
       0          71.96990686       16890.05291324     -122097.78543733     -105207.73252410
       5          70.75285384       16604.43228639     -121809.07486244     -105204.64257605
      10          68.54614858       16086.55793729     -121291.84036390     -105205.28242661
      15          66.28981949       15557.03776251     -120761.98955692     -105204.95179440
      20          64.75450416       15196.72665073     -120405.58768951     -105208.86103878
Simulation Done.

- TIMING RESULTS -
Force: 20
61149 61531 61529 61543 61529 61531 61534 61544 61534 61532 61533 61544 61543 61543 61544 61546 
KineticEnergy: 20
0 0 0 0 0 0 0 0 0 0 0 0 0 0 0 0 
Propagate: 20
0 0 0 0 0 0 0 0 0 0 0 0 0 0 0 0 
RunTime: 1
61517 61596 61594 61608 61594 61596 61599 61608 61599 61596 61598 61608 61607 61607 61607 61608 
Startup Time: 1
3512 3500 3512 3497 3510 3507 3505 3495 3505 3507 3505 3495 3497 3496 3497 3495 
Velverlet: 20
20 20 20 20 20 20 20 20 20 20 20 20 20 21 20 20 
