LJMD version 1.0
Starting simulation with 108 atoms for 10000 steps, nPEs = 8, Thds = 1.
	NFI		TEMP		EKIN			EPOT			ETOT
       0          72.64160016          23.16879686        -160.48438434        -137.31558748
     100          65.43323663          20.86971328        -158.26635748        -137.39664420
     200          59.79291673          19.07075200        -156.47936252        -137.40861052
     300          57.64514280          18.38572665        -155.78652892        -137.40080228
     400          60.30123889          19.23287966        -156.54009116        -137.30721150
     500          61.72762728          19.68782150        -157.10161687        -137.41379537
     600          57.14347223          18.22572049        -155.66135485        -137.43563437
     700          59.33906643          18.92599796        -156.26728969        -137.34129173
     800          59.75647587          19.05912931        -156.36554426        -137.30641495
     900          54.35607344          17.33668891        -154.79957079        -137.46288188
    1000          58.38087656          18.62038648        -155.96230669        -137.34192021
    1100          59.80933564          19.07598876        -156.35932099        -137.28333224
    1200          59.35800355          18.93203789        -156.26587665        -137.33383876
    1300          62.28306286          19.86497583        -157.10909906        -137.24412324
    1400          56.93168792          18.15817258        -155.44501733        -137.28684474
    1500          58.26383349          18.58305599        -155.91700555        -137.33394956
    1600          57.40448498          18.30896964        -155.68941538        -137.38044574
    1700          62.93329516          20.07236526        -157.42260553        -137.35024027
    1800          53.45890134          17.05053885        -154.52525666        -137.47471781
    1900          59.48052540          18.97111582        -156.30527788        -137.33416206
    2000          62.75114394          20.01426874        -157.30132634        -137.28705761
    2100          57.86465886          18.45574056        -155.66814504        -137.21240447
    2200          60.48709291          19.29215718        -156.59447068        -137.30231349
    2300          53.81193893          17.16313902        -154.43944722        -137.27630821
    2400          59.52572193          18.98553111        -156.33952786        -137.35399675
    2500          58.92686585          18.79452795        -156.03041541        -137.23588746
    2600          61.65941058          19.66606401        -156.94491183        -137.27884783
    2700          58.81987814          18.76040458        -156.07031129        -137.30990671
    2800          53.15475438          16.95353219        -154.26693030        -137.31339812
    2900          54.95193322          17.52673640        -154.82877254        -137.30203614
    3000          55.99963551          17.86089757        -155.23428949        -137.37339192
    3100          56.97369974          18.17157211        -155.46229982        -137.29072771
    3200          54.82660903          17.48676467        -154.82425976        -137.33749509
    3300          58.17829369          18.55577335        -155.99088437        -137.43511103
    3400          57.28760847          18.27169226        -155.64132068        -137.36962842
    3500          55.43526867          17.68089464        -155.09613361        -137.41523897
    3600          55.08690100          17.56978393        -155.00142662        -137.43164269
    3700          56.84774213          18.13139835        -155.56340781        -137.43200946
    3800          51.62381872          16.46524535        -153.98189642        -137.51665107
    3900          52.18975261          16.64574808        -154.10780211        -137.46205403
    4000          52.04660548          16.60009178        -153.99311600        -137.39302422
    4100          56.74149783          18.09751209        -155.56842799        -137.47091591
    4200          51.99720277          16.58433495        -154.04251930        -137.45818435
    4300          51.52617087          16.43410089        -153.89654265        -137.46244176
    4400          53.08972834          16.93279235        -154.37615346        -137.44336111
    4500          55.28604044          17.63329879        -154.99832896        -137.36503017
    4600          50.52515787          16.11483112        -153.47917065        -137.36433953
    4700          54.84832605          17.49369124        -154.83420193        -137.34051068
    4800          51.59537571          16.45617355        -153.91428017        -137.45810662
    4900          44.23084748          14.10728175        -151.45415666        -137.34687491
    5000          51.54789532          16.44102983        -153.87656330        -137.43553347
    5100          51.99699485          16.58426864        -154.01919616        -137.43492753
    5200          52.37806027          16.70580818        -154.03473174        -137.32892356
    5300          55.57964487          17.72694295        -155.09915313        -137.37221018
    5400          51.66548530          16.47853477        -153.86648797        -137.38795320
    5500          49.54150059          15.80109690        -153.13875137        -137.33765447
    5600          54.28052741          17.31259375        -154.79877908        -137.48618533
    5700          49.54720939          15.80291771        -153.20964936        -137.40673165
    5800          50.56533800          16.12764644        -153.48765554        -137.36000910
    5900          53.16573092          16.95703312        -154.31361657        -137.35658345
    6000          52.73075989          16.81830055        -154.16685410        -137.34855355
    6100          54.66615670          17.43558893        -154.85869918        -137.42311025
    6200          49.26453904          15.71276094        -153.05243503        -137.33967409
    6300          49.85736221          15.90183992        -153.36769227        -137.46585235
    6400          53.85794660          17.17781301        -154.50675849        -137.32894548
    6500          49.02242761          15.63554030        -152.99093577        -137.35539547
    6600          55.09539367          17.57249264        -155.01495072        -137.44245808
    6700          50.62278137          16.14596782        -153.53718381        -137.39121599
    6800          51.49260744          16.42339595        -153.77504738        -137.35165143
    6900          58.74536584          18.73663913        -156.24138975        -137.50475063
    7000          51.00135625          16.26671302        -153.66152846        -137.39481544
    7100          55.97692292          17.85365346        -155.25308118        -137.39942772
    7200          50.12630774          15.98761920        -153.37423636        -137.38661716
    7300          55.04266392          17.55567466        -154.95794946        -137.40227479
    7400          56.69225375          18.08180585        -155.47710832        -137.39530247
    7500          55.51037045          17.70484810        -155.07649742        -137.37164931
    7600          52.23122605          16.65897590        -154.09822877        -137.43925287
    7700          56.70991247          18.08743804        -155.63525263        -137.54781458
    7800          55.80654898          17.79931326        -155.29589495        -137.49658169
    7900          56.09496573          17.89130282        -155.37665329        -137.48535047
    8000          49.68951220          15.84830472        -153.24692445        -137.39861974
    8100          54.74079598          17.45939488        -154.95646399        -137.49706910
    8200          52.72892963          16.81771680        -154.25218646        -137.43446966
    8300          48.61824553          15.50662777        -152.92467603        -137.41804826
    8400          56.69477146          18.08260887        -155.56830578        -137.48569692
    8500          50.00698858          15.94956275        -153.36464515        -137.41508240
    8600          51.40868507          16.39662919        -153.78434991        -137.38772072
    8700          43.93833435          14.01398566        -151.33811831        -137.32413265
    8800          50.57604581          16.13106166        -153.53790723        -137.40684557
    8900          53.34802630          17.01517562        -154.54846474        -137.53328912
    9000          56.58648174          18.04807022        -155.49088648        -137.44281627
    9100          52.88079618          16.86615413        -154.28463154        -137.41847741
    9200          54.31336501          17.32306720        -154.74501721        -137.42195001
    9300          48.31967957          15.41140115        -152.73502045        -137.32361930
    9400          54.97355563          17.53363280        -154.94498237        -137.41134957
    9500          50.71014127          16.17383097        -153.56876948        -137.39493852
    9600          55.75243128          17.78205260        -155.21203760        -137.42998500
    9700          49.54806899          15.80319188        -153.16245743        -137.35926556
    9800          51.77200848          16.51250998        -153.88410302        -137.37159304
    9900          51.80506826          16.52305429        -153.95723757        -137.43418328
   10000          52.03634488          16.59681920        -154.09745743        -137.50063823
Simulation Done.

- TIMING RESULTS -
Force: 10000
0 23 34 34 34 34 34 34 
KineticEnergy: 10000
0 0 0 0 0 0 0 0 
Propagate: 10000
0 0 0 0 0 0 0 0 
RunTime: 1
357 381 391 391 391 391 391 391 
Startup Time: 1
284 283 273 272 273 273 273 273 
Velverlet: 10000
0 0 0 0 0 0 0 0 
