LJMD version 1.0
Starting simulation with 108 atoms for 10000 steps, nPEs = 64, Thds = 1.
	NFI		TEMP		EKIN			EPOT			ETOT
       0          72.64160016          23.16879686        -160.48438434        -137.31558748
     100          65.43323663          20.86971328        -158.26635748        -137.39664420
     200          59.79291673          19.07075200        -156.47936252        -137.40861052
     300          57.64514280          18.38572665        -155.78652892        -137.40080228
     400          60.30123889          19.23287966        -156.54009116        -137.30721150
     500          61.72762728          19.68782150        -157.10161687        -137.41379537
     600          57.14347223          18.22572049        -155.66135485        -137.43563437
     700          59.33906643          18.92599796        -156.26728969        -137.34129173
     800          59.75647587          19.05912931        -156.36554426        -137.30641495
     900          54.35607344          17.33668891        -154.79957079        -137.46288188
    1000          58.38087656          18.62038648        -155.96230669        -137.34192021
    1100          59.80933564          19.07598876        -156.35932099        -137.28333224
    1200          59.35800355          18.93203789        -156.26587665        -137.33383876
    1300          62.28306286          19.86497583        -157.10909906        -137.24412324
    1400          56.93168792          18.15817258        -155.44501733        -137.28684474
    1500          58.26383349          18.58305599        -155.91700555        -137.33394956
    1600          57.40448498          18.30896964        -155.68941538        -137.38044574
    1700          62.93329516          20.07236526        -157.42260553        -137.35024027
    1800          53.45890134          17.05053885        -154.52525666        -137.47471781
    1900          59.48052540          18.97111582        -156.30527788        -137.33416206
    2000          62.75114394          20.01426874        -157.30132634        -137.28705761
    2100          57.86465886          18.45574056        -155.66814504        -137.21240447
    2200          60.48709290          19.29215718        -156.59447068        -137.30231349
    2300          53.81193894          17.16313902        -154.43944722        -137.27630821
    2400          59.52572192          18.98553111        -156.33952786        -137.35399675
    2500          58.92686584          18.79452795        -156.03041540        -137.23588745
    2600          61.65941061          19.66606402        -156.94491184        -137.27884783
    2700          58.81987809          18.76040456        -156.07031127        -137.30990671
    2800          53.15475438          16.95353219        -154.26693031        -137.31339812
    2900          54.95193278          17.52673626        -154.82877240        -137.30203614
    3000          55.99963539          17.86089753        -155.23428945        -137.37339192
    3100          56.97369923          18.17157195        -155.46229967        -137.29072772
    3200          54.82660924          17.48676474        -154.82425984        -137.33749511
    3300          58.17828943          18.55577199        -155.99088302        -137.43511103
    3400          57.28761542          18.27169448        -155.64132287        -137.36962839
    3500          55.43527438          17.68089646        -155.09613550        -137.41523904
    3600          55.08690593          17.56978550        -155.00142841        -137.43164291
    3700          56.84773542          18.13139621        -155.56340604        -137.43200983
    3800          51.62383821          16.46525157        -153.98190307        -137.51665150
    3900          52.18977477          16.64575515        -154.10780975        -137.46205460
    4000          52.04647419          16.60004991        -153.99307626        -137.39302636
    4100          56.74214018          18.09771696        -155.56865063        -137.47093366
    4200          51.99699820          16.58426970        -154.04246741        -137.45819771
    4300          51.52508863          16.43375572        -153.89624027        -137.46248456
    4400          53.09023392          16.93295360        -154.37633897        -137.44338537
    4500          55.28583105          17.63323201        -154.99816519        -137.36493318
    4600          50.52661564          16.11529607        -153.47962630        -137.36433022
    4700          54.86226764          17.49813787        -154.83892116        -137.34078330
    4800          51.57042311          16.44821500        -153.89889526        -137.45068026
    4900          44.21308791          14.10161739        -151.45291755        -137.35130015
    5000          51.58554041          16.45303661        -153.88862085        -137.43558424
    5100          52.33695930          16.69269917        -154.12006656        -137.42736739
    5200          52.03433864          16.59617931        -153.92942390        -137.33324458
    5300          55.20243375          17.60663272        -154.99500620        -137.38837348
    5400          49.91018123          15.91868637        -153.32272127        -137.40403490
    5500          47.31842098          15.09205306        -152.41058979        -137.31853673
    5600          53.26164841          16.98762569        -154.38386715        -137.39624146
    5700          50.00684471          15.94951686        -153.35328315        -137.40376629
    5800          48.26753503          15.39476982        -152.73207653        -137.33730670
    5900          52.27677280          16.67350288        -153.98796571        -137.31446283
    6000          56.03994432          17.87375393        -155.23160682        -137.35785289
    6100          53.36014037          17.01903937        -154.44269930        -137.42365994
    6200          51.64567159          16.47221525        -153.89983856        -137.42762331
    6300          55.52638666          17.70995642        -155.13350651        -137.42355009
    6400          52.34635393          16.69569555        -154.00255639        -137.30686084
    6500          49.78933935          15.88014425        -153.28834502        -137.40820076
    6600          51.67960864          16.48303936        -153.88722758        -137.40418822
    6700          50.28213442          16.03731960        -153.36727148        -137.32995187
    6800          51.87293024          16.54469864        -153.84317809        -137.29847945
    6900          54.03662166          17.23480083        -154.55325342        -137.31845259
    7000          54.78697872          17.47412472        -154.85194480        -137.37782008
    7100          56.26153170          17.94442848        -155.36891743        -137.42448894
    7200          51.07453050          16.29005170        -153.65152655        -137.36147485
    7300          51.29473767          16.36028604        -153.79939287        -137.43910683
    7400          53.51264801          17.06768117        -154.49967291        -137.43199174
    7500          52.59744278          16.77577951        -154.22275892        -137.44697941
    7600          53.88074112          17.18508325        -154.50267924        -137.31759599
    7700          52.78547897          16.83575302        -154.16574298        -137.32998996
    7800          56.03661520          17.87269212        -155.18605602        -137.31336391
    7900          51.86976216          16.54368819        -153.77925157        -137.23556338
    8000          53.39034888          17.02867427        -154.39748981        -137.36881554
    8100          50.57467066          16.13062306        -153.58925596        -137.45863290
    8200          51.73737167          16.50146269        -153.87358593        -137.37212324
    8300          49.90266503          15.91628910        -153.35103018        -137.43474107
    8400          51.39634463          16.39269325        -153.82398714        -137.43129390
    8500          52.76221942          16.82833447        -154.26015546        -137.43182099
    8600          58.08953643          18.52746452        -155.92919297        -137.40172845
    8700          51.00542903          16.26801201        -153.63374009        -137.36572808
    8800          54.04681478          17.23805189        -154.72567000        -137.48761811
    8900          53.64922587          17.11124223        -154.64520574        -137.53396351
    9000          50.45109038          16.09120755        -153.48373719        -137.39252965
    9100          51.75473060          16.50699926        -153.93052845        -137.42352919
    9200          55.98943968          17.85764564        -155.32085828        -137.46321264
    9300          53.04177473          16.91749770        -154.39585106        -137.47835335
    9400          54.22667259          17.29541694        -154.71943427        -137.42401733
    9500          50.57385208          16.13036198        -153.51466888        -137.38430690
    9600          52.40380859          16.71402053        -154.13811148        -137.42409096
    9700          50.03428728          15.95826958        -153.38540306        -137.42713348
    9800          49.24000157          15.70493479        -153.06159848        -137.35666368
    9900          55.91003218          17.83231888        -155.29519880        -137.46287992
   10000          47.21546182          15.05921457        -152.50290133        -137.44368676
Simulation Done.

- TIMING RESULTS -
Force: 10000
1 24 23 24 23 24 23 24 23 24 23 24 23 24 23 24 23 24 23 24 23 24 23 24 23 24 23 24 23 24 23 24 17 23 23 23 23 23 23 23 18 23 23 23 18 23 18 23 23 23 23 23 23 23 23 23 23 23 23 23 23 23 23 23 
KineticEnergy: 10000
0 0 0 0 0 0 0 0 0 0 0 0 0 0 0 0 0 0 0 0 0 0 0 0 0 0 0 0 0 0 0 0 0 0 0 0 0 0 0 0 0 0 0 0 0 0 0 0 0 0 0 0 0 0 0 0 0 0 0 0 0 0 0 0 
Propagate: 10000
0 0 0 0 0 0 0 0 0 0 0 0 0 0 0 0 0 0 0 0 0 0 0 0 0 0 0 0 0 0 0 0 0 0 0 0 0 0 0 0 0 0 0 0 0 0 0 0 0 0 0 0 0 0 0 0 0 0 0 0 0 0 0 0 
RunTime: 1
367 390 390 390 390 390 390 390 390 390 390 390 390 390 390 390 390 390 390 390 390 390 390 390 390 390 390 390 390 390 390 390 383 389 389 389 389 389 389 389 385 389 389 389 385 389 385 389 389 389 389 389 389 389 389 389 389 389 389 389 389 389 389 389 
Startup Time: 1
59 52 52 52 52 52 52 52 52 52 52 52 52 52 52 52 52 52 52 52 52 52 52 52 52 52 52 52 52 52 52 52 59 52 53 52 53 53 53 52 57 52 53 52 57 52 57 52 53 52 53 52 53 52 40 52 53 52 53 52 53 52 53 52 
Velverlet: 10000
0 0 0 0 0 0 0 0 0 0 0 0 0 0 0 0 0 0 0 0 0 0 0 0 0 0 0 0 0 0 0 0 0 0 0 0 0 0 0 0 0 0 0 0 0 0 0 0 0 0 0 0 0 0 0 0 0 0 0 0 0 0 0 0 
