LJMD version 1.0
Starting simulation with 78732 atoms for 20 steps, nPEs = 128, Thds = 1.
	NFI		TEMP		EKIN			EPOT			ETOT
       0          71.96990686       16890.05291324     -122097.78543733     -105207.73252409
       5          70.75285384       16604.43228639     -121809.07486244     -105204.64257605
      10          68.54614858       16086.55793729     -121291.84036390     -105205.28242661
      15          66.28981949       15557.03776251     -120761.98955692     -105204.95179440
      20          64.75450416       15196.72665073     -120405.58768951     -105208.86103878
Simulation Done.

- TIMING RESULTS -
Force: 20
8307 9081 9081 9083 9081 9083 9082 9068 9081 9082 9082 9068 9082 9067 9067 9069 9074 9072 9073 9078 9073 9078 9078 9080 9074 9079 9077 9077 9078 9075 9076 9078 9076 9077 9077 9071 9077 9072 9071 9072 9077 9071 9071 9075 9070 9075 9076 9076 9076 9069 9071 9073 9070 9072 9072 9072 9071 9072 9071 9073 9071 9072 9073 9073 9076 9075 9076 9077 9075 9076 9077 9076 9076 9077 9076 9074 9077 9073 9074 9074 9076 9077 9077 9074 9077 9074 9073 9076 9077 9075 9074 9076 9075 9075 9076 9076 9083 9083 9083 9082 9083 9081 9081 9065 9083 9079 9078 9066 9079 9065 9065 9066 9083 9080 9079 9065 9079 9064 9064 9069 9079 9064 9064 9068 9064 9068 9068 9069 
KineticEnergy: 20
0 0 0 0 0 0 0 0 0 0 0 0 0 0 0 0 0 0 0 0 0 0 0 0 0 0 0 0 0 0 0 0 0 0 0 0 0 0 0 0 0 0 0 0 0 0 0 0 0 0 0 0 0 0 0 0 0 0 0 0 0 0 0 0 0 0 0 0 0 0 0 0 0 0 0 0 0 0 0 0 0 0 0 0 0 0 0 0 0 0 0 0 0 0 0 0 0 0 0 0 0 0 0 0 0 0 0 0 0 0 0 0 0 0 0 0 0 0 0 0 0 0 0 0 0 0 0 0 
Propagate: 20
0 0 0 0 0 0 0 0 0 0 0 0 0 0 0 0 6 0 0 0 1 0 0 1 5 0 0 0 2 0 0 0 1 1 1 1 1 1 1 2 1 1 1 1 1 0 0 0 1 1 1 0 1 0 0 0 1 0 0 1 0 1 1 1 13 0 0 0 0 0 0 0 0 0 0 0 0 0 0 0 0 0 0 1 0 1 1 0 0 1 0 0 0 0 0 0 0 0 0 0 0 0 0 0 0 0 0 0 0 0 0 0 0 0 0 0 0 0 0 0 0 0 0 0 0 0 0 0 
RunTime: 1
9039 9147 9147 9148 9147 9147 9147 9133 9147 9147 9147 9134 9147 9133 9133 9133 9148 9147 9147 9148 9148 9147 9147 9150 9148 9147 9148 9148 9148 9148 9148 9147 9147 9147 9147 9144 9147 9144 9144 9145 9147 9144 9144 9144 9144 9144 9144 9145 9147 9143 9143 9144 9143 9144 9144 9142 9143 9144 9144 9143 9144 9143 9143 9144 9147 9147 9147 9148 9147 9147 9148 9146 9147 9147 9147 9146 9147 9146 9145 9146 9147 9147 9147 9146 9147 9145 9145 9145 9147 9145 9146 9147 9146 9147 9147 9147 9147 9147 9147 9145 9147 9145 9145 9131 9147 9144 9144 9131 9144 9131 9131 9132 9147 9144 9144 9131 9144 9130 9130 9131 9144 9130 9130 9132 9130 9132 9132 9132 
Startup Time: 1
636 635 623 633 636 634 622 597 636 634 634 607 635 608 608 597 636 635 635 633 635 622 622 619 635 634 635 621 635 633 632 620 636 634 634 631 634 631 632 630 635 632 632 617 632 628 628 627 635 632 633 631 633 631 632 627 633 632 619 629 632 630 630 629 636 635 635 633 635 634 634 622 625 635 635 623 635 623 624 622 635 634 635 623 635 623 624 621 635 623 624 621 624 621 622 609 634 633 633 621 633 621 621 619 634 622 622 619 623 620 620 603 634 622 623 620 623 620 621 595 623 620 621 598 621 598 599 598 
Velverlet: 20
20 20 20 20 20 20 20 20 20 20 20 20 20 20 20 20 21 20 20 20 20 20 20 20 20 20 20 20 20 20 20 20 20 20 20 20 20 20 20 20 20 20 20 20 20 20 20 20 20 20 20 20 20 20 20 20 20 20 20 20 20 20 20 20 21 20 21 20 21 20 20 20 21 20 20 20 20 20 21 20 20 20 20 20 20 20 20 20 20 20 20 21 20 21 21 20 20 20 20 20 20 20 20 20 20 20 20 20 20 20 20 20 20 20 20 20 20 20 20 20 20 20 20 20 20 20 20 20 
