LJMD version 1.0
Starting simulation with 78732 atoms for 20 steps, nPEs = 256, Thds = 1.
	NFI		TEMP		EKIN			EPOT			ETOT
       0          71.96990686       16890.05291324     -122097.78543733     -105207.73252409
       5          70.75285384       16604.43228639     -121809.07486244     -105204.64257605
      10          68.54614858       16086.55793729     -121291.84036390     -105205.28242661
      15          66.28981949       15557.03776251     -120761.98955692     -105204.95179440
      20          64.75450416       15196.72665073     -120405.58768951     -105208.86103878
Simulation Done.

- TIMING RESULTS -
Force: 20
4460 5070 5070 5071 5068 5070 5068 5077 5068 5070 5070 5078 5067 5078 5078 5076 5069 5070 5069 5075 5066 5075 5076 5074 5069 5074 5074 5076 5077 5075 5074 5076 5070 5070 5070 5074 5070 5073 5073 5075 5070 5071 5075 5074 5075 5073 5073 5075 5070 5071 5072 5065 5071 5064 5063 5075 5072 5064 5064 5064 5063 5064 5064 5065 5067 5070 5066 5065 5068 5067 5065 5075 5066 5065 5067 5073 5066 5072 5064 5072 5067 5065 5066 5072 5066 5072 5073 5071 5065 5072 5072 5073 5072 5072 5072 5075 5065 5065 5064 5070 5064 5072 5070 5075 5063 5071 5069 5070 5071 5072 5069 5074 5063 5069 5072 5074 5073 5073 5075 5076 5056 5076 5054 5074 5074 5075 5074 5076 5071 5071 5071 5078 5071 5079 5078 5075 5070 5079 5077 5078 5076 5075 5076 5077 5067 5077 5077 5063 5077 5062 5061 5075 5075 5063 5062 5064 5062 5065 5064 5067 5067 5072 5074 5074 5076 5077 5072 5074 5073 5073 5072 5077 5075 5076 5072 5077 5076 5072 5071 5074 5074 5076 5074 5078 5072 5074 5070 5070 5071 5068 5069 5080 5064 5077 5076 5071 5076 5072 5072 5075 5075 5072 5071 5071 5073 5067 5070 5079 5076 5073 5075 5075 5075 5074 5073 5076 5074 5075 5072 5074 5074 5074 5073 5074 5077 5072 5072 5069 5071 5069 5068 5077 5073 5068 5068 5076 5068 5074 5074 5075 5072 5068 5068 5075 5064 5073 5073 5073 5069 5073 5073 5074 5074 5074 5071 5075 
KineticEnergy: 20
0 0 0 0 0 0 0 0 0 0 0 0 0 0 0 0 0 0 0 0 0 0 0 0 0 0 0 0 0 0 0 0 0 0 0 0 0 0 0 0 0 0 0 0 0 0 0 0 0 0 0 0 0 0 0 0 0 0 0 0 0 0 0 0 0 0 0 0 0 0 0 0 1 0 0 0 0 0 0 0 0 0 0 0 0 0 0 0 0 0 0 0 0 0 0 0 0 0 0 0 0 0 0 0 0 0 0 1 0 0 0 0 0 0 0 0 0 0 0 0 0 0 0 0 0 0 0 0 0 0 0 0 0 0 0 0 0 0 0 0 0 0 0 0 0 0 0 0 0 0 0 0 0 0 0 0 0 0 0 0 0 0 0 0 0 0 0 0 0 0 0 0 0 0 0 0 0 0 0 0 0 0 0 0 0 0 0 0 0 0 0 0 0 0 0 0 0 0 0 0 0 0 0 0 0 0 0 0 0 0 0 0 0 0 0 0 0 0 0 0 0 0 0 0 0 0 0 0 0 0 0 0 0 0 0 0 0 0 0 0 0 0 0 0 0 0 0 0 0 0 0 0 0 0 0 0 
Propagate: 20
1 2 2 2 2 3 6 0 2 2 2 0 2 0 0 0 2 2 2 0 2 0 0 0 2 0 0 0 0 0 0 0 0 0 0 0 0 0 0 0 0 0 0 0 0 0 0 0 0 0 0 0 1 0 0 0 0 0 0 0 0 0 0 0 2 0 9 3 3 1 1 0 3 2 0 0 9 0 1 0 1 0 2 0 1 1 1 1 2 2 0 0 6 0 1 0 0 0 0 10 0 0 16 0 0 14 17 1 4 1 17 0 0 12 2 0 0 7 0 0 15 0 13 0 11 0 0 0 0 0 0 0 0 0 0 0 0 0 0 1 0 0 0 0 0 0 0 0 0 0 0 0 0 0 1 0 1 0 0 0 2 3 0 0 0 0 0 0 9 0 1 0 0 0 0 0 0 0 5 0 0 0 0 0 1 0 0 0 7 0 1 0 0 0 0 0 0 0 0 0 0 0 0 0 0 0 0 0 0 0 0 0 0 0 0 0 0 0 0 0 0 0 0 0 1 0 0 1 0 1 1 0 0 1 1 0 1 0 0 0 0 1 1 0 1 0 1 0 1 0 1 0 1 0 1 0 
RunTime: 1
4994 5140 5140 5141 5140 5141 5141 5149 5140 5140 5140 5149 5140 5149 5149 5148 5140 5140 5139 5148 5139 5148 5147 5147 5139 5148 5148 5147 5148 5147 5147 5147 5140 5140 5139 5148 5139 5148 5148 5148 5139 5147 5147 5148 5148 5148 5148 5149 5139 5147 5147 5137 5147 5136 5136 5148 5147 5136 5136 5138 5136 5138 5138 5138 5140 5140 5140 5140 5140 5139 5139 5144 5141 5139 5139 5144 5139 5144 5137 5144 5140 5139 5139 5145 5139 5145 5145 5144 5139 5145 5144 5145 5144 5145 5145 5146 5140 5138 5138 5146 5138 5146 5146 5146 5139 5146 5146 5149 5147 5147 5147 5149 5139 5146 5146 5148 5146 5148 5148 5147 5131 5148 5129 5148 5149 5149 5149 5149 5140 5140 5140 5148 5140 5148 5147 5147 5140 5147 5147 5149 5147 5149 5149 5149 5140 5147 5147 5136 5147 5136 5135 5146 5147 5135 5135 5136 5135 5136 5135 5136 5140 5147 5147 5148 5147 5148 5147 5146 5147 5148 5147 5148 5148 5148 5148 5146 5147 5147 5147 5148 5147 5147 5147 5149 5147 5147 5147 5140 5147 5139 5139 5150 5140 5147 5147 5147 5147 5147 5146 5148 5147 5146 5146 5141 5146 5140 5140 5149 5147 5146 5146 5148 5146 5148 5148 5148 5146 5148 5147 5148 5147 5148 5148 5149 5147 5145 5145 5141 5145 5140 5140 5146 5145 5140 5140 5148 5140 5148 5147 5148 5146 5140 5140 5146 5140 5146 5145 5146 5140 5145 5145 5146 5145 5146 5146 5147 
Startup Time: 1
1103 1101 1102 1099 1102 1100 1100 1089 1102 1100 1101 1086 1101 1087 1087 1074 1102 1101 1102 1090 1102 1090 1091 1074 1102 1091 1091 1075 1091 1075 1076 1074 1102 1101 1101 1090 1102 1090 1091 1076 1102 1091 1091 1089 1092 1089 1090 1088 1102 1091 1092 1089 1092 1090 1090 1076 1092 1090 1091 1088 1091 1089 1089 1087 1102 1101 1102 1099 1102 1100 1100 1081 1102 1100 1101 1083 1101 1083 1091 1082 1102 1101 1101 1093 1102 1094 1095 1081 1102 1095 1095 1093 1096 1093 1082 1092 1102 1101 1101 1083 1101 1083 1084 1078 1102 1084 1084 1080 1072 1082 1083 1079 1102 1084 1085 1081 1085 1081 1082 1078 1101 1082 1101 1081 1082 1080 1081 1079 1102 1101 1101 1091 1101 1092 1092 1077 1102 1092 1093 1078 1080 1079 1080 1077 1102 1093 1093 1088 1094 1089 1089 1077 1094 1089 1090 1087 1090 1088 1089 1087 1102 1094 1094 1092 1094 1092 1093 1080 1095 1093 1093 1091 1094 1091 1092 1080 1095 1093 1094 1091 1094 1092 1093 1082 1094 1092 1093 1091 1093 1091 1092 1081 1101 1093 1093 1088 1093 1089 1090 1078 1093 1090 1090 1088 1091 1088 1089 1079 1093 1090 1091 1083 1091 1088 1088 1080 1091 1088 1089 1086 1089 1087 1088 1086 1095 1092 1092 1089 1093 1090 1091 1078 1093 1090 1081 1081 1091 1081 1082 1080 1093 1091 1092 1080 1092 1080 1081 1078 1092 1081 1081 1079 1082 1080 1080 1079 
Velverlet: 20
20 20 20 20 20 20 20 20 22 20 20 20 20 20 20 20 20 20 20 20 20 20 20 20 20 20 20 20 20 20 20 20 20 21 21 20 20 20 20 20 20 20 20 20 20 20 20 20 20 20 20 20 20 20 20 20 20 20 20 20 20 20 20 20 20 20 20 20 20 20 20 20 20 20 20 20 20 20 20 20 20 20 20 20 20 20 20 21 20 20 20 20 20 20 20 21 20 20 20 20 20 20 20 20 20 20 20 20 20 20 20 20 20 20 20 20 20 20 20 20 20 20 20 20 20 20 20 20 20 20 20 20 20 20 20 20 20 20 20 20 20 20 22 20 20 20 20 21 20 21 21 20 20 21 21 20 21 21 21 21 21 20 20 20 20 20 20 20 20 20 20 20 20 20 20 20 20 20 20 20 20 20 20 20 20 20 20 20 20 20 20 20 20 20 20 21 20 20 20 20 20 20 20 20 20 21 20 20 20 20 20 20 20 20 21 20 20 21 20 20 20 20 20 20 20 20 20 21 20 21 20 20 20 20 20 20 20 20 20 20 20 20 20 20 20 20 21 20 20 20 20 20 20 20 20 20 
