LJMD version 1.0
Starting simulation with 108 atoms for 10000 steps.
	NFI		TEMP		EKIN			EPOT			ETOT
       0          72.64160016          23.16879686        -160.48438434        -137.31558748
     100          65.43323663          20.86971328        -158.26635748        -137.39664420
     200          59.79291673          19.07075200        -156.47936252        -137.40861052
     300          57.64514280          18.38572665        -155.78652892        -137.40080228
     400          60.30123889          19.23287966        -156.54009116        -137.30721150
     500          61.72762728          19.68782150        -157.10161687        -137.41379537
     600          57.14347223          18.22572049        -155.66135485        -137.43563437
     700          59.33906643          18.92599796        -156.26728969        -137.34129173
     800          59.75647587          19.05912931        -156.36554426        -137.30641495
     900          54.35607344          17.33668891        -154.79957079        -137.46288188
    1000          58.38087656          18.62038648        -155.96230669        -137.34192021
    1100          59.80933564          19.07598876        -156.35932099        -137.28333224
    1200          59.35800355          18.93203789        -156.26587665        -137.33383876
    1300          62.28306286          19.86497583        -157.10909906        -137.24412324
    1400          56.93168792          18.15817258        -155.44501733        -137.28684474
    1500          58.26383349          18.58305599        -155.91700555        -137.33394956
    1600          57.40448498          18.30896964        -155.68941538        -137.38044574
    1700          62.93329516          20.07236526        -157.42260553        -137.35024027
    1800          53.45890134          17.05053885        -154.52525666        -137.47471781
    1900          59.48052540          18.97111582        -156.30527788        -137.33416206
    2000          62.75114394          20.01426874        -157.30132634        -137.28705761
    2100          57.86465886          18.45574056        -155.66814504        -137.21240447
    2200          60.48709290          19.29215718        -156.59447068        -137.30231349
    2300          53.81193894          17.16313902        -154.43944722        -137.27630821
    2400          59.52572192          18.98553110        -156.33952786        -137.35399675
    2500          58.92686583          18.79452795        -156.03041540        -137.23588745
    2600          61.65941061          19.66606402        -156.94491184        -137.27884783
    2700          58.81987812          18.76040457        -156.07031128        -137.30990671
    2800          53.15475435          16.95353218        -154.26693030        -137.31339812
    2900          54.95193283          17.52673628        -154.82877242        -137.30203614
    3000          55.99963512          17.86089744        -155.23428937        -137.37339193
    3100          56.97369902          18.17157188        -155.46229961        -137.29072772
    3200          54.82660937          17.48676478        -154.82425989        -137.33749511
    3300          58.17829057          18.55577235        -155.99088339        -137.43511104
    3400          57.28761293          18.27169368        -155.64132210        -137.36962842
    3500          55.43527144          17.68089552        -155.09613455        -137.41523903
    3600          55.08691247          17.56978759        -155.00143042        -137.43164283
    3700          56.84773877          18.13139728        -155.56340708        -137.43200980
    3800          51.62384769          16.46525459        -153.98189336        -137.51663877
    3900          52.18972361          16.64573883        -154.10778073        -137.46204189
    4000          52.04653298          16.60006866        -153.99307930        -137.39301065
    4100          56.74283900          18.09793985        -155.56881582        -137.47087597
    4200          51.99575206          16.58387225        -154.04203163        -137.45815938
    4300          51.52482898          16.43367290        -153.89609955        -137.46242664
    4400          53.09452878          16.93432343        -154.37762900        -137.44330556
    4500          55.28674276          17.63352279        -154.99847968        -137.36495689
    4600          50.52156794          16.11368613        -153.48198027        -137.36829414
    4700          54.85815425          17.49682592        -154.83377375        -137.33694784
    4800          51.58733409          16.45360870        -153.90804095        -137.45443225
    4900          44.14523963          14.07997741        -151.42694313        -137.34696572
    5000          51.68200330          16.48380313        -153.91895539        -137.43515226
    5100          52.15813631          16.63566417        -154.04684527        -137.41118110
    5200          51.86396912          16.54184052        -153.87020590        -137.32836539
    5300          54.72087029          17.45303965        -154.87540544        -137.42236579
    5400          49.66341142          15.83997996        -153.20698098        -137.36700102
    5500          46.53968042          14.84367634        -152.09758927        -137.25391293
    5600          51.70958737          16.49260098        -153.85574355        -137.36314258
    5700          53.39477570          17.03008619        -154.45241941        -137.42233322
    5800          49.64431397          15.83388889        -153.16170848        -137.32781959
    5900          55.20896437          17.60871564        -154.83528113        -137.22656549
    6000          53.60470475          17.09704236        -154.39903534        -137.30199298
    6100          51.07899533          16.29147574        -153.62763263        -137.33615688
    6200          52.94396331          16.88630108        -154.26145453        -137.37515345
    6300          47.30407847          15.08747856        -152.49059504        -137.40311648
    6400          55.07193385          17.56501021        -154.92506576        -137.36005556
    6500          54.77585349          17.47057636        -154.78708342        -137.31650706
    6600          48.62234632          15.50793571        -152.93399589        -137.42606018
    6700          56.55119414          18.03681536        -155.48739031        -137.45057496
    6800          49.15458571          15.67769169        -153.11252499        -137.43483329
    6900          50.71304300          16.17475646        -153.63291834        -137.45816187
    7000          47.93604886          15.28904341        -152.69210605        -137.40306264
    7100          53.97972393          17.21665349        -154.67589434        -137.45924085
    7200          54.45852883          17.36936671        -154.76913543        -137.39976871
    7300          48.27096510          15.39586383        -152.86562934        -137.46976551
    7400          52.64176766          16.78991678        -154.18312278        -137.39320600
    7500          48.85655151          15.58263467        -153.11240799        -137.52977332
    7600          56.13117124          17.90285045        -155.34677593        -137.44392548
    7700          56.13145399          17.90294063        -155.31898586        -137.41604523
    7800          55.53922928          17.71405253        -155.12236279        -137.40831025
    7900          55.94506712          17.84349316        -155.14246967        -137.29897651
    8000          48.65569728          15.51857288        -152.95829895        -137.43972607
    8100          51.11463339          16.30284238        -153.70671456        -137.40387218
    8200          50.43745423          16.08685834        -153.41291794        -137.32605960
    8300          54.28661609          17.31453572        -154.62514642        -137.31061070
    8400          51.22080352          16.33670499        -153.67454781        -137.33784282
    8500          50.42834055          16.08395156        -153.37935138        -137.29539981
    8600          49.00820426          15.63100382        -152.95329104        -137.32228722
    8700          52.39666267          16.71174136        -154.10531403        -137.39357268
    8800          49.54149815          15.80109613        -153.07642682        -137.27533070
    8900          53.26967005          16.99018416        -154.31752621        -137.32734205
    9000          48.23634201          15.38482092        -152.72345448        -137.33863357
    9100          54.16213666          17.27483342        -154.62132219        -137.34648877
    9200          52.40438147          16.71420324        -154.06839312        -137.35418988
    9300          49.46742270          15.77747001        -153.12385154        -137.34638153
    9400          53.93726928          17.20311271        -154.58483907        -137.38172635
    9500          53.86439137          17.17986855        -154.56189239        -137.38202384
    9600          51.27918566          16.35532578        -153.74996349        -137.39463771
    9700          57.16039847          18.23111905        -155.66112077        -137.43000171
    9800          49.50780978          15.79035133        -153.13378781        -137.34343647
    9900          54.32864814          17.32794170        -154.75384526        -137.42590356
   10000          58.24792245          18.57798121        -156.11423602        -137.53625481
Simulation Done.

- TIMING RESULTS -
Force: 10000
2 
KineticEnergy: 10000
0 
Propagate: 10000
0 
RunTime: 1
421 
Startup Time: 1
4 
Velverlet: 10000
0 
