LJMD version 1.0
Starting simulation with 108 atoms for 10000 steps.
	NFI		TEMP		EKIN			EPOT			ETOT
       0          72.64160016          23.16879686        -160.48438434        -137.31558748
     100          65.43323663          20.86971328        -158.26635748        -137.39664420
     200          59.79291673          19.07075200        -156.47936252        -137.40861052
     300          57.64514280          18.38572665        -155.78652892        -137.40080228
     400          60.30123889          19.23287966        -156.54009116        -137.30721150
     500          61.72762728          19.68782150        -157.10161687        -137.41379537
     600          57.14347223          18.22572049        -155.66135485        -137.43563437
     700          59.33906643          18.92599796        -156.26728969        -137.34129173
     800          59.75647587          19.05912931        -156.36554426        -137.30641495
     900          54.35607344          17.33668891        -154.79957079        -137.46288188
    1000          58.38087656          18.62038648        -155.96230669        -137.34192021
    1100          59.80933564          19.07598876        -156.35932099        -137.28333224
    1200          59.35800355          18.93203789        -156.26587665        -137.33383876
    1300          62.28306286          19.86497583        -157.10909906        -137.24412324
    1400          56.93168792          18.15817258        -155.44501733        -137.28684474
    1500          58.26383349          18.58305599        -155.91700555        -137.33394956
    1600          57.40448498          18.30896964        -155.68941538        -137.38044574
    1700          62.93329516          20.07236526        -157.42260553        -137.35024027
    1800          53.45890134          17.05053885        -154.52525666        -137.47471781
    1900          59.48052540          18.97111582        -156.30527788        -137.33416206
    2000          62.75114394          20.01426874        -157.30132634        -137.28705761
    2100          57.86465886          18.45574056        -155.66814504        -137.21240447
    2200          60.48709290          19.29215718        -156.59447068        -137.30231349
    2300          53.81193894          17.16313902        -154.43944723        -137.27630821
    2400          59.52572191          18.98553110        -156.33952785        -137.35399675
    2500          58.92686584          18.79452795        -156.03041540        -137.23588745
    2600          61.65941060          19.66606401        -156.94491184        -137.27884783
    2700          58.81987811          18.76040457        -156.07031128        -137.30990671
    2800          53.15475439          16.95353219        -154.26693031        -137.31339812
    2900          54.95193272          17.52673625        -154.82877239        -137.30203614
    3000          55.99963502          17.86089741        -155.23428934        -137.37339193
    3100          56.97369895          18.17157186        -155.46229958        -137.29072772
    3200          54.82660898          17.48676466        -154.82425976        -137.33749510
    3300          58.17829026          18.55577225        -155.99088329        -137.43511104
    3400          57.28761062          18.27169295        -155.64132135        -137.36962841
    3500          55.43526964          17.68089495        -155.09613397        -137.41523902
    3600          55.08690787          17.56978612        -155.00142893        -137.43164281
    3700          56.84784182          18.13143015        -155.56343420        -137.43200406
    3800          51.62376236          16.46522737        -153.98186162        -137.51663425
    3900          52.18988379          16.64578992        -154.10782854        -137.46203862
    4000          52.04636939          16.60001648        -153.99303374        -137.39301726
    4100          56.74171111          18.09758011        -155.56847431        -137.47089420
    4200          51.99565219          16.58384040        -154.04200891        -137.45816851
    4300          51.52622653          16.43411864        -153.89655957        -137.46244092
    4400          53.08953190          16.93272969        -154.37614288        -137.44341318
    4500          55.29217856          17.63525653        -154.99637134        -137.36111481
    4600          50.51416590          16.11132527        -153.47951954        -137.36819427
    4700          54.83001524          17.48785107        -154.82844366        -137.34059259
    4800          51.59347667          16.45556785        -153.91346762        -137.45789977
    4900          44.19845779          14.09695117        -151.44359051        -137.34663934
    5000          51.47104245          16.41651787        -153.85538643        -137.43886857
    5100          51.47976279          16.41929919        -153.86139328        -137.44209409
    5200          52.21460074          16.65367331        -153.93092894        -137.27725563
    5300          55.68079714          17.75920513        -155.13828871        -137.37908358
    5400          50.92453023          16.24220961        -153.63638241        -137.39417280
    5500          52.81092696          16.84386957        -154.20735602        -137.36348645
    5600          52.38209579          16.70709530        -154.07473748        -137.36764218
    5700          51.42503713          16.40184462        -153.76075899        -137.35891437
    5800          54.07246213          17.24623202        -154.61391043        -137.36767841
    5900          53.47835090          17.05674222        -154.58840651        -137.53166428
    6000          51.63617452          16.46918619        -153.96173436        -137.49254816
    6100          52.38099133          16.70674304        -154.15637149        -137.44962846
    6200          51.24630598          16.34483892        -153.81336222        -137.46852331
    6300          51.07611110          16.29055583        -153.69647901        -137.40592319
    6400          55.71819879          17.77113426        -155.02795713        -137.25682287
    6500          55.56034353          17.72078685        -155.04012388        -137.31933703
    6600          53.18310923          16.96257587        -154.26267227        -137.30009640
    6700          50.59322016          16.13653937        -153.54959380        -137.41305443
    6800          53.27102149          16.99061520        -154.36495098        -137.37433579
    6900          50.68368809          16.16539381        -153.52702856        -137.36163475
    7000          52.14343988          16.63097679        -154.00867377        -137.37769698
    7100          49.43546723          15.76727792        -153.14036089        -137.37308297
    7200          49.01105510          15.63191308        -153.02904386        -137.39713078
    7300          48.19081532          15.37030033        -152.84140170        -137.47110137
    7400          53.29657283          16.99876471        -154.45481800        -137.45605329
    7500          56.72883350          18.09347284        -155.54165038        -137.44817754
    7600          50.42185045          16.08188157        -153.51028272        -137.42840115
    7700          51.43020499          16.40349289        -153.85997146        -137.45647857
    7800          53.13180032          16.94621107        -154.39416955        -137.44795848
    7900          55.38034603          17.66337725        -155.09625708        -137.43287983
    8000          56.57960761          18.04587774        -155.46315695        -137.41727921
    8100          50.01638854          15.95256084        -153.35790769        -137.40534686
    8200          52.49631585          16.74352541        -154.19628722        -137.45276181
    8300          52.34408704          16.69497254        -154.13204295        -137.43707041
    8400          54.04420155          17.23721840        -154.69786252        -137.46064412
    8500          51.44540171          16.40833984        -153.85297999        -137.44464016
    8600          53.04836871          16.91960083        -154.32055186        -137.40095103
    8700          50.64655355          16.15354987        -153.65639502        -137.50284515
    8800          56.01666574          17.86632930        -155.28739483        -137.42106552
    8900          53.65808619          17.11406820        -154.61358282        -137.49951462
    9000          56.80895802          18.11902829        -155.60264078        -137.48361249
    9100          52.15135081          16.63349996        -154.04720219        -137.41370224
    9200          58.09674909          18.52976497        -155.94726749        -137.41750252
    9300          52.82927109          16.84972037        -154.27797216        -137.42825179
    9400          50.83808100          16.21463692        -153.66288425        -137.44824733
    9500          53.85580525          17.17713003        -154.70744072        -137.53031069
    9600          52.88558758          16.86768233        -154.32419657        -137.45651423
    9700          51.61803849          16.46340176        -153.82491800        -137.36151624
    9800          52.53571586          16.75609191        -154.14114927        -137.38505736
    9900          49.75544635          15.86933419        -153.29739021        -137.42805602
   10000          52.80211694          16.84105965        -154.26527393        -137.42421428
Simulation Done.

- TIMING RESULTS -
Force: 10000
0 
KineticEnergy: 10000
0 
Propagate: 10000
0 
RunTime: 1
338 
Startup Time: 1
3 
Velverlet: 10000
0 
