LJMD version 1.0
Starting simulation with 108 atoms for 10000 steps, nPEs = 1, Thds = 4.
	NFI		TEMP		EKIN			EPOT			ETOT
       0          72.64160016          23.16879686        -160.48438434        -137.31558748
     100          65.43323663          20.86971328        -158.26635748        -137.39664420
     200          59.79291673          19.07075200        -156.47936252        -137.40861052
     300          57.64514280          18.38572665        -155.78652892        -137.40080228
     400          60.30123889          19.23287966        -156.54009116        -137.30721150
     500          61.72762728          19.68782150        -157.10161687        -137.41379537
     600          57.14347223          18.22572049        -155.66135485        -137.43563437
     700          59.33906643          18.92599796        -156.26728969        -137.34129173
     800          59.75647587          19.05912931        -156.36554426        -137.30641495
     900          54.35607344          17.33668891        -154.79957079        -137.46288188
    1000          58.38087656          18.62038648        -155.96230669        -137.34192021
    1100          59.80933564          19.07598876        -156.35932099        -137.28333224
    1200          59.35800355          18.93203789        -156.26587665        -137.33383876
    1300          62.28306286          19.86497583        -157.10909906        -137.24412324
    1400          56.93168792          18.15817258        -155.44501733        -137.28684474
    1500          58.26383349          18.58305599        -155.91700555        -137.33394956
    1600          57.40448498          18.30896964        -155.68941538        -137.38044574
    1700          62.93329516          20.07236526        -157.42260553        -137.35024027
    1800          53.45890134          17.05053885        -154.52525666        -137.47471781
    1900          59.48052540          18.97111582        -156.30527788        -137.33416206
    2000          62.75114395          20.01426874        -157.30132634        -137.28705761
    2100          57.86465886          18.45574056        -155.66814504        -137.21240447
    2200          60.48709290          19.29215718        -156.59447068        -137.30231349
    2300          53.81193894          17.16313902        -154.43944723        -137.27630821
    2400          59.52572195          18.98553111        -156.33952787        -137.35399675
    2500          58.92686583          18.79452795        -156.03041540        -137.23588745
    2600          61.65941059          19.66606401        -156.94491184        -137.27884783
    2700          58.81987814          18.76040458        -156.07031129        -137.30990671
    2800          53.15475438          16.95353219        -154.26693031        -137.31339812
    2900          54.95193274          17.52673625        -154.82877239        -137.30203614
    3000          55.99963508          17.86089743        -155.23428935        -137.37339192
    3100          56.97370032          18.17157230        -155.46230002        -137.29072772
    3200          54.82661129          17.48676539        -154.82426050        -137.33749510
    3300          58.17829097          18.55577248        -155.99088351        -137.43511102
    3400          57.28761201          18.27169339        -155.64132178        -137.36962840
    3500          55.43527048          17.68089522        -155.09613419        -137.41523897
    3600          55.08690664          17.56978573        -155.00142849        -137.43164276
    3700          56.84771141          18.13138855        -155.56339828        -137.43200973
    3800          51.62386432          16.46525989        -153.98189855        -137.51663866
    3900          52.18960930          16.64570237        -154.10774405        -137.46204168
    4000          52.04666600          16.60011108        -153.99312126        -137.39301018
    4100          56.74299011          18.09798804        -155.56890025        -137.47091221
    4200          51.99527098          16.58371881        -154.04193200        -137.45821319
    4300          51.52501788          16.43373315        -153.89626304        -137.46252989
    4400          53.09262708          16.93371689        -154.37706197        -137.44334508
    4500          55.28659793          17.63347660        -154.99859250        -137.36511590
    4600          50.51920055          16.11293106        -153.47745878        -137.36452772
    4700          54.84372015          17.49222221        -154.82934705        -137.33712484
    4800          51.57881078          16.45089022        -153.90557489        -137.45468468
    4900          44.15922269          14.08443726        -151.43195026        -137.34751299
    5000          51.67617777          16.48194509        -153.91779884        -137.43585375
    5100          52.14127267          16.63028557        -154.04602277        -137.41573721
    5200          51.91667934          16.55865227        -153.88772569        -137.32907342
    5300          54.73593015          17.45784294        -154.84927368        -137.39143074
    5400          50.55340248          16.12383965        -153.48348296        -137.35964331
    5500          48.34668841          15.42001553        -152.67821505        -137.25819952
    5600          51.26587715          16.35108108        -153.75384375        -137.40276267
    5700          50.00865168          15.95009319        -153.36470412        -137.41461093
    5800          51.26296384          16.35015188        -153.54578905        -137.19563716
    5900          52.71735304          16.81402449        -154.24444990        -137.43042541
    6000          52.21429241          16.65357497        -154.03725412        -137.38367915
    6100          53.19872459          16.96755634        -154.44891211        -137.48135577
    6200          51.40481082          16.39539351        -153.89577630        -137.50038279
    6300          50.96102979          16.25385102        -153.69588496        -137.44203394
    6400          57.74254717          18.41679345        -155.80174450        -137.38495105
    6500          41.75074966          13.31626280        -150.56918442        -137.25292162
    6600          54.59765581          17.41374080        -154.73908142        -137.32534062
    6700          53.33084373          17.00969530        -154.33014706        -137.32045176
    6800          52.94030930          16.88513564        -154.26487633        -137.37974069
    6900          51.12366987          16.30572454        -153.64179305        -137.33606851
    7000          51.77617017          16.51383734        -153.80392631        -137.29008897
    7100          52.56552521          16.76559950        -154.18004422        -137.41444471
    7200          54.73552292          17.45771306        -154.89610832        -137.43839526
    7300          53.66453198          17.11612406        -154.46825053        -137.35212647
    7400          52.63015861          16.78621411        -154.10751567        -137.32130155
    7500          56.05963381          17.88003382        -155.29517561        -137.41514179
    7600          54.62737124          17.42321844        -154.78737947        -137.36416103
    7700          56.24130434          17.93797704        -155.27546183        -137.33748479
    7800          49.85135900          15.89992522        -153.34661475        -137.44668953
    7900          52.96441145          16.89282294        -154.30391270        -137.41108975
    8000          48.09106189          15.33848430        -152.65902525        -137.32054094
    8100          57.84128155          18.44828445        -155.94237890        -137.49409445
    8200          56.37984351          17.98216364        -155.44469587        -137.46253223
    8300          49.76943162          15.87379475        -153.27738168        -137.40358693
    8400          54.15053001          17.27113152        -154.60795207        -137.33682056
    8500          54.42238276          17.35783805        -154.77336970        -137.41553166
    8600          52.11873285          16.62309657        -154.00299091        -137.37989434
    8700          52.71136654          16.81211511        -154.11511092        -137.30299581
    8800          54.19928612          17.28668211        -154.62831171        -137.34162960
    8900          52.20471408          16.65051999        -154.07429506        -137.42377506
    9000          55.23476135          17.61694350        -155.00108788        -137.38414439
    9100          51.67505208          16.48158606        -153.93216756        -137.45058150
    9200          56.83963168          18.12881155        -155.54094801        -137.41213645
    9300          51.28979129          16.35870841        -153.70764304        -137.34893463
    9400          56.12378297          17.90049399        -155.25313413        -137.35264014
    9500          55.59359265          17.73139155        -155.13871656        -137.40732501
    9600          51.28775873          16.35806013        -153.75696958        -137.39890945
    9700          50.90619832          16.23636271        -153.62389439        -137.38753168
    9800          50.86426391          16.22298787        -153.60318742        -137.38019955
    9900          56.89652419          18.14695723        -155.53517865        -137.38822141
   10000          51.80673613          16.52358625        -153.94626152        -137.42267527
Simulation Done.

- TIMING RESULTS -
Force: 10000
0 
KineticEnergy: 10000
0 
Propagate: 10000
0 
RunTime: 1
659 
Startup Time: 1
0 
Velverlet: 10000
0 
