LJMD version 1.0
Starting simulation with 108 atoms for 10000 steps.
	NFI		TEMP		EKIN			EPOT			ETOT
       0          72.64160016          23.16879686        -160.48438434        -137.31558748
     100          65.43323663          20.86971328        -158.26635748        -137.39664420
     200          59.79291673          19.07075200        -156.47936252        -137.40861052
     300          57.64514280          18.38572665        -155.78652892        -137.40080228
     400          60.30123889          19.23287966        -156.54009116        -137.30721150
     500          61.72762728          19.68782150        -157.10161687        -137.41379537
     600          57.14347223          18.22572049        -155.66135485        -137.43563437
     700          59.33906643          18.92599796        -156.26728969        -137.34129173
     800          59.75647587          19.05912931        -156.36554426        -137.30641495
     900          54.35607344          17.33668891        -154.79957079        -137.46288188
    1000          58.38087656          18.62038648        -155.96230669        -137.34192021
    1100          59.80933564          19.07598876        -156.35932099        -137.28333224
    1200          59.35800355          18.93203789        -156.26587665        -137.33383876
    1300          62.28306286          19.86497583        -157.10909906        -137.24412324
    1400          56.93168792          18.15817258        -155.44501733        -137.28684474
    1500          58.26383349          18.58305599        -155.91700555        -137.33394956
    1600          57.40448498          18.30896964        -155.68941538        -137.38044574
    1700          62.93329516          20.07236526        -157.42260553        -137.35024027
    1800          53.45890134          17.05053885        -154.52525666        -137.47471781
    1900          59.48052540          18.97111582        -156.30527788        -137.33416206
    2000          62.75114394          20.01426874        -157.30132634        -137.28705761
    2100          57.86465886          18.45574056        -155.66814504        -137.21240447
    2200          60.48709291          19.29215718        -156.59447068        -137.30231349
    2300          53.81193893          17.16313902        -154.43944722        -137.27630821
    2400          59.52572193          18.98553111        -156.33952786        -137.35399675
    2500          58.92686591          18.79452797        -156.03041542        -137.23588745
    2600          61.65941062          19.66606402        -156.94491185        -137.27884783
    2700          58.81987811          18.76040457        -156.07031128        -137.30990671
    2800          53.15475422          16.95353214        -154.26693025        -137.31339812
    2900          54.95193288          17.52673630        -154.82877243        -137.30203614
    3000          55.99963439          17.86089721        -155.23428912        -137.37339191
    3100          56.97369950          18.17157204        -155.46229973        -137.29072769
    3200          54.82661259          17.48676581        -154.82426087        -137.33749506
    3300          58.17829304          18.55577314        -155.99088416        -137.43511101
    3400          57.28759468          18.27168786        -155.64131626        -137.36962839
    3500          55.43525652          17.68089076        -155.09612960        -137.41523883
    3600          55.08690121          17.56978399        -155.00142630        -137.43164230
    3700          56.84783456          18.13142783        -155.56343116        -137.43200333
    3800          51.62369394          16.46520555        -153.98187135        -137.51666580
    3900          52.18971014          16.64573454        -154.10780261        -137.46206807
    4000          52.04673820          16.60013411        -153.99315167        -137.39301756
    4100          56.74111651          18.09739047        -155.56825920        -137.47086874
    4200          51.99627771          16.58403991        -154.04218013        -137.45814023
    4300          51.52555968          16.43390596        -153.89634917        -137.46244322
    4400          53.08840000          16.93236868        -154.37186098        -137.43949230
    4500          55.29475403          17.63607796        -154.99725111        -137.36117314
    4600          50.49868686          16.10638828        -153.47088269        -137.36449441
    4700          54.83387433          17.48908191        -154.82209732        -137.33301541
    4800          51.63404524          16.46850706        -153.93476918        -137.46626211
    4900          44.20368019          14.09861683        -151.43030094        -137.33168410
    5000          51.23757710          16.34205487        -153.78148082        -137.43942595
    5100          51.01728144          16.27179230        -153.71449280        -137.44270050
    5200          52.80310133          16.84137362        -154.13904325        -137.29766963
    5300          56.90556371          18.14984035        -155.47522958        -137.32538923
    5400          51.20833828          16.33272924        -153.77124682        -137.43851757
    5500          54.51341230          17.38687161        -154.74353973        -137.35666811
    5600          52.13027055          16.62677648        -154.10075382        -137.47397734
    5700          51.44685613          16.40880372        -153.87474865        -137.46594493
    5800          53.27693777          16.99250217        -154.41163290        -137.41913073
    5900          50.99738084          16.26544507        -153.70802909        -137.44258402
    6000          50.27350525          16.03456736        -153.41019226        -137.37562490
    6100          49.49161017          15.78518452        -153.09422994        -137.30904542
    6200          45.28403844          14.44319351        -151.86573164        -137.42253813
    6300          49.79860924          15.88310086        -153.27081422        -137.38771336
    6400          52.98013028          16.89783641        -154.34403570        -137.44619928
    6500          54.02263983          17.23034137        -154.61910204        -137.38876067
    6600          56.71085853          18.08773978        -155.50405238        -137.41631260
    6700          53.44736457          17.04685923        -154.40354502        -137.35668579
    6800          47.78510831          15.24090143        -152.73072071        -137.48981928
    6900          53.73610483          17.13895198        -154.64859723        -137.50964524
    7000          53.56905246          17.08567118        -154.50085507        -137.41518388
    7100          51.35546465          16.37965471        -153.83400044        -137.45434573
    7200          48.19320784          15.37106341        -152.78606830        -137.41500488
    7300          51.93269287          16.56375973        -154.01431043        -137.45055070
    7400          52.27298965          16.67229626        -154.05233688        -137.38004063
    7500          58.88335518          18.78065037        -156.18076857        -137.40011821
    7600          57.86300248          18.45521227        -155.86321627        -137.40800401
    7700          50.44320634          16.08869296        -153.50384427        -137.41515131
    7800          52.77775993          16.83329106        -154.27164136        -137.43835029
    7900          56.19020026          17.92167756        -155.30133509        -137.37965753
    8000          49.10621078          15.66226267        -153.11237519        -137.45011252
    8100          51.79946658          16.52126765        -153.90863101        -137.38736336
    8200          53.87989279          17.18481267        -154.53709024        -137.35227756
    8300          46.88010043          14.95225217        -152.22527103        -137.27301885
    8400          48.06332608          15.32963806        -152.71302349        -137.38338542
    8500          50.31156791          16.04670732        -153.37952816        -137.33282084
    8600          46.52404577          14.83868972        -152.15578656        -137.31709684
    8700          52.24940067          16.66477263        -153.96684415        -137.30207152
    8800          54.60417358          17.41581962        -154.76789660        -137.35207698
    8900          48.56708685          15.49031088        -152.82595095        -137.33564007
    9000          45.09042658          14.38144165        -151.79121045        -137.40976880
    9100          57.72512813          18.41123770        -155.81016557        -137.39892787
    9200          52.58541022          16.77194176        -154.20133816        -137.42939640
    9300          54.61465704          17.41916329        -154.75894834        -137.33978505
    9400          49.80001836          15.88355029        -153.27791204        -137.39436175
    9500          50.92208550          16.24142987        -153.67520544        -137.43377557
    9600          47.74503177          15.22811915        -152.70450577        -137.47638662
    9700          52.50866316          16.74746354        -154.11862120        -137.37115766
    9800          49.48607406          15.78341880        -153.11097624        -137.32755744
    9900          48.55568928          15.48667566        -152.73654436        -137.24986870
   10000          52.33804689          16.69304605        -154.08859959        -137.39555354
Simulation Done.

- TIMING RESULTS -
Force: 10000
0 
KineticEnergy: 10000
0 
Propagate: 10000
0 
RunTime: 1
381 
Startup Time: 1
3 
Velverlet: 10000
0 
