LJMD version 1.0
Starting simulation with 108 atoms for 10000 steps,n threads 1, npes 4.
	NFI		TEMP		EKIN			EPOT			ETOT
       0          72.64160016          23.16879686        -160.48438434        -137.31558748
     100          65.43323663          20.86971328        -158.26635748        -137.39664420
     200          59.79291673          19.07075200        -156.47936252        -137.40861052
     300          57.64514280          18.38572665        -155.78652892        -137.40080228
     400          60.30123889          19.23287966        -156.54009116        -137.30721150
     500          61.72762728          19.68782150        -157.10161687        -137.41379537
     600          57.14347223          18.22572049        -155.66135485        -137.43563437
     700          59.33906643          18.92599796        -156.26728969        -137.34129173
     800          59.75647587          19.05912931        -156.36554426        -137.30641495
     900          54.35607344          17.33668891        -154.79957079        -137.46288188
    1000          58.38087656          18.62038648        -155.96230669        -137.34192021
    1100          59.80933564          19.07598876        -156.35932099        -137.28333224
    1200          59.35800355          18.93203789        -156.26587665        -137.33383876
    1300          62.28306286          19.86497583        -157.10909906        -137.24412324
    1400          56.93168792          18.15817258        -155.44501733        -137.28684474
    1500          58.26383349          18.58305599        -155.91700555        -137.33394956
    1600          57.40448498          18.30896964        -155.68941538        -137.38044574
    1700          62.93329516          20.07236526        -157.42260553        -137.35024027
    1800          53.45890134          17.05053885        -154.52525666        -137.47471781
    1900          59.48052540          18.97111582        -156.30527788        -137.33416206
    2000          62.75114395          20.01426874        -157.30132634        -137.28705761
    2100          57.86465886          18.45574056        -155.66814504        -137.21240447
    2200          60.48709290          19.29215718        -156.59447068        -137.30231349
    2300          53.81193894          17.16313902        -154.43944723        -137.27630821
    2400          59.52572194          18.98553111        -156.33952786        -137.35399675
    2500          58.92686585          18.79452795        -156.03041541        -137.23588745
    2600          61.65941060          19.66606401        -156.94491184        -137.27884783
    2700          58.81987812          18.76040457        -156.07031128        -137.30990671
    2800          53.15475445          16.95353221        -154.26693033        -137.31339812
    2900          54.95193277          17.52673626        -154.82877240        -137.30203614
    3000          55.99963483          17.86089735        -155.23428927        -137.37339192
    3100          56.97369984          18.17157215        -155.46229986        -137.29072771
    3200          54.82660849          17.48676450        -154.82425960        -137.33749510
    3300          58.17829339          18.55577325        -155.99088428        -137.43511103
    3400          57.28761190          18.27169335        -155.64132177        -137.36962841
    3500          55.43526687          17.68089406        -155.09613310        -137.41523903
    3600          55.08690509          17.56978523        -155.00142807        -137.43164284
    3700          56.84772224          18.13139201        -155.56340185        -137.43200984
    3800          51.62382475          16.46524727        -153.98188610        -137.51663882
    3900          52.18968295          16.64572586        -154.10776823        -137.46204237
    4000          52.04662495          16.60009799        -153.99311005        -137.39301206
    4100          56.74247641          18.09782420        -155.56874135        -137.47091715
    4200          51.99576196          16.58387541        -154.04207053        -137.45819512
    4300          51.52488881          16.43369198        -153.89619480        -137.46250282
    4400          53.09340011          16.93396345        -154.37738240        -137.44341895
    4500          55.28724135          17.63368182        -154.99492494        -137.36124313
    4600          50.52244082          16.11396453        -153.48241347        -137.36844894
    4700          54.84160172          17.49154654        -154.82867830        -137.33713176
    4800          51.59828998          16.45710304        -153.91175293        -137.45464989
    4900          44.19048346          14.09440778        -151.44159057        -137.34718279
    5000          51.71306394          16.49370982        -153.92131981        -137.42760999
    5100          52.22327986          16.65644149        -154.06430483        -137.40786334
    5200          51.62927991          16.46698718        -153.80387148        -137.33688431
    5300          54.55351825          17.39966328        -154.80715410        -137.40749082
    5400          48.77473263          15.55653881        -152.91241072        -137.35587191
    5500          47.27424117          15.07796205        -152.35984521        -137.28188316
    5600          49.51257304          15.79187056        -153.10462198        -137.31275142
    5700          50.15051015          15.99533848        -153.40234289        -137.40700441
    5800          49.34944568          15.73984163        -153.13208833        -137.39224670
    5900          53.25777363          16.98638984        -154.30796684        -137.32157700
    6000          51.73508085          16.50073204        -153.69701972        -137.19628768
    6100          52.87718083          16.86500103        -154.15594146        -137.29094043
    6200          58.10370435          18.53198333        -155.80751193        -137.27552860
    6300          52.45232033          16.72949318        -154.19280110        -137.46330791
    6400          51.57820014          16.45069546        -153.78103867        -137.33034321
    6500          54.17866921          17.28010642        -154.66101043        -137.38090401
    6600          53.07755880          16.92891091        -154.38029751        -137.45138660
    6700          53.91111478          17.19477083        -154.64604742        -137.45127659
    6800          52.24150796          16.66225528        -154.08997289        -137.42771761
    6900          56.60440503          18.05378679        -155.45449543        -137.40070864
    7000          51.95461462          16.57075160        -153.91607655        -137.34532495
    7100          53.76929592          17.14953817        -154.51512720        -137.36558903
    7200          47.96096994          15.29699191        -152.66989374        -137.37290183
    7300          50.19721797          16.01023578        -153.44545065        -137.43521486
    7400          49.79822862          15.88297946        -153.27160769        -137.38862823
    7500          53.60660152          17.09764733        -154.50676643        -137.40911909
    7600          55.63816505          17.74560777        -155.14659025        -137.40098249
    7700          53.92263025          17.19844365        -154.54878526        -137.35034162
    7800          55.60387322          17.73467050        -155.05732478        -137.32265428
    7900          53.99469479          17.22142839        -154.66196143        -137.44053304
    8000          50.21081498          16.01457250        -153.38475166        -137.37017915
    8100          51.81869708          16.52740115        -153.97221721        -137.44481606
    8200          51.73287292          16.50002782        -153.82726519        -137.32723736
    8300          50.11511460          15.98404919        -153.46710169        -137.48305250
    8400          49.95952436          15.93442420        -153.28836600        -137.35394181
    8500          51.72007110          16.49594473        -153.83818676        -137.34224204
    8600          57.53641636          18.35104871        -155.72424017        -137.37319146
    8700          51.11806517          16.30393694        -153.68499435        -137.38105742
    8800          51.75973207          16.50859446        -153.89333575        -137.38474129
    8900          48.16439460          15.36187353        -152.78589711        -137.42402358
    9000          52.49126828          16.74191550        -154.08143125        -137.33951575
    9100          54.38176189          17.34488215        -154.66069693        -137.31581477
    9200          51.60903661          16.46053065        -153.79518613        -137.33465549
    9300          48.59000758          15.49762137        -152.78480899        -137.28718761
    9400          52.59768244          16.77585595        -154.11778390        -137.34192795
    9500          51.60198770          16.45828242        -153.82368700        -137.36540459
    9600          51.53461291          16.43679345        -153.79897751        -137.36218406
    9700          53.04479909          16.91846232        -154.30821328        -137.38975096
    9800          59.04229173          18.83134265        -156.28442712        -137.45308446
    9900          57.56158295          18.35907551        -155.74844334        -137.38936783
   10000          49.84613941          15.89826044        -153.25291868        -137.35465823
Simulation Done.

- TIMING RESULTS -
Force: 10000
0 2 12 11 
KineticEnergy: 10000
0 0 0 0 
Propagate: 10000
0 0 0 0 
RunTime: 1
576 577 587 587 
Startup Time: 1
11 12 2 2 
Velverlet: 10000
0 0 0 0 
