LJMD version 1.0
Starting simulation with 78732 atoms for 20 steps.
	NFI		TEMP		EKIN			EPOT			ETOT
       0          71.96990686       16890.05291324     -122097.78543732     -105207.73252408
       5          70.75285384       16604.43228639     -121809.07486245     -105204.64257606
      10          68.54614858       16086.55793729     -121291.84036390     -105205.28242661
      15          66.28981949       15557.03776251     -120761.98955692     -105204.95179440
      20          64.75450416       15196.72665073     -120405.58768951     -105208.86103878
Simulation Done.

- TIMING RESULTS -
Force: 20
241120 241376 241376 241376 
KineticEnergy: 20
0 120 120 120 
Propagate: 20
0 0 0 0 
RunTime: 1
241484 241559 241558 241559 
Startup Time: 1
12345 12350 12350 12350 
Velverlet: 20
20 20 20 20 
