LJMD version 1.0
Starting simulation with 78732 atoms for 20 steps.
	NFI		TEMP		EKIN			EPOT			ETOT
       0          71.96990686       16890.05291324     -122097.78543733     -105207.73252409
       5          70.75285384       16604.43228639     -121809.07486244     -105204.64257605
      10          68.54614858       16086.55793729     -121291.84036390     -105205.28242661
      15          66.28981949       15557.03776251     -120761.98955692     -105204.95179440
      20          64.75450416       15196.72665073     -120405.58768951     -105208.86103878
Simulation Done.

- TIMING RESULTS -
Force: 20
33824 34154 34153 34160 34159 34153 34157 34160 34160 34153 34155 34158 34155 34158 34156 34156 34159 34154 34159 34158 34155 34158 34157 34157 34160 34156 34159 34166 34155 34164 34166 34162 
KineticEnergy: 20
0 120 120 120 120 120 120 122 120 120 120 120 120 120 120 140 120 120 120 120 120 120 120 140 120 120 120 136 120 135 134 138 
Propagate: 20
0 16 20 0 0 20 13 0 0 15 16 1 20 0 0 0 0 2 1 0 2 0 10 0 0 0 18 0 0 0 0 0 
RunTime: 1
34252 34351 34351 34358 34350 34355 34354 34359 34350 34353 34353 34358 34352 34355 34355 34359 34350 34352 34356 34355 34351 34357 34354 34359 34351 34353 34357 34367 34352 34366 34366 34363 
Startup Time: 1
3144 3149 3149 3147 3149 3148 3148 3146 3150 3148 3148 3146 3148 3147 3147 3057 3150 3149 3149 3147 3149 3148 3148 3056 3149 3148 3148 3057 3148 3057 3057 3053 
Velverlet: 20
20 20 20 20 20 20 20 20 20 20 20 20 20 20 20 20 20 20 20 20 20 20 20 20 20 20 20 20 20 20 20 20 
