LJMD version 1.0
Starting simulation with 78732 atoms for 20 steps.
	NFI		TEMP		EKIN			EPOT			ETOT
       0          71.96990686       16890.05291324     -122097.78543733     -105207.73252409
       5          70.75285384       16604.43228639     -121809.07486245     -105204.64257605
      10          68.54614858       16086.55793729     -121291.84036390     -105205.28242661
      15          66.28981949       15557.03776251     -120761.98955692     -105204.95179440
      20          64.75450416       15196.72665073     -120405.58768951     -105208.86103879
Simulation Done.

- TIMING RESULTS -
Force: 20
114781 115070 115070 115071 115070 115074 115072 115084 
KineticEnergy: 20
0 120 120 120 120 120 120 120 
Propagate: 20
0 0 0 0 0 0 0 0 
RunTime: 1
115161 115256 115256 115256 115255 115257 115257 115267 
Startup Time: 1
5852 5857 5858 5858 5858 5857 5858 5846 
Velverlet: 20
20 20 20 20 20 20 20 20 
