LJMD version 1.0
Starting simulation with 78732 atoms for 20 steps.
     NFI            TEMP            EKIN                 EPOT              ETOT
       0          71.96990686       16890.05291324     -122097.78543731     -105207.73252407
       5          70.75285384       16604.43228639     -121809.07486245     -105204.64257606
      10          68.54614858       16086.55793729     -121291.84036389     -105205.28242660
      15          66.28981949       15557.03776251     -120761.98955689     -105204.95179438
      20          64.75450416       15196.72665073     -120405.58768952     -105208.86103879
Simulation Done.
- TIMING RESULTS -
Force: 20
2159758
KineticEnergy: 20
0
Propagate: 20
0
RunTime: 1
2160108
StartupTime: 1
108039
Velverlet: 20
20
