LJMD version 1.0
Starting simulation with 108 atoms for 10000 steps, nPEs = 16, Thds = 2.
	NFI		TEMP		EKIN			EPOT			ETOT
       0          72.64160016          23.16879686        -160.48438434        -137.31558748
     100          65.43323663          20.86971328        -158.26635748        -137.39664420
     200          59.79291673          19.07075200        -156.47936252        -137.40861052
     300          57.64514280          18.38572665        -155.78652892        -137.40080228
     400          60.30123889          19.23287966        -156.54009116        -137.30721150
     500          61.72762728          19.68782150        -157.10161687        -137.41379537
     600          57.14347223          18.22572049        -155.66135485        -137.43563437
     700          59.33906643          18.92599796        -156.26728969        -137.34129173
     800          59.75647587          19.05912931        -156.36554426        -137.30641495
     900          54.35607344          17.33668891        -154.79957079        -137.46288188
    1000          58.38087656          18.62038648        -155.96230669        -137.34192021
    1100          59.80933564          19.07598876        -156.35932099        -137.28333224
    1200          59.35800355          18.93203789        -156.26587665        -137.33383876
    1300          62.28306286          19.86497583        -157.10909906        -137.24412324
    1400          56.93168792          18.15817258        -155.44501733        -137.28684474
    1500          58.26383349          18.58305599        -155.91700555        -137.33394956
    1600          57.40448498          18.30896964        -155.68941538        -137.38044574
    1700          62.93329516          20.07236526        -157.42260553        -137.35024027
    1800          53.45890134          17.05053885        -154.52525666        -137.47471781
    1900          59.48052540          18.97111582        -156.30527788        -137.33416206
    2000          62.75114395          20.01426874        -157.30132634        -137.28705761
    2100          57.86465886          18.45574056        -155.66814504        -137.21240447
    2200          60.48709291          19.29215718        -156.59447068        -137.30231349
    2300          53.81193894          17.16313902        -154.43944722        -137.27630821
    2400          59.52572192          18.98553110        -156.33952786        -137.35399675
    2500          58.92686584          18.79452795        -156.03041540        -137.23588745
    2600          61.65941062          19.66606402        -156.94491185        -137.27884783
    2700          58.81987808          18.76040456        -156.07031127        -137.30990671
    2800          53.15475428          16.95353216        -154.26693027        -137.31339812
    2900          54.95193305          17.52673635        -154.82877249        -137.30203614
    3000          55.99963517          17.86089746        -155.23428938        -137.37339192
    3100          56.97369966          18.17157209        -155.46229980        -137.29072771
    3200          54.82661060          17.48676517        -154.82426027        -137.33749509
    3300          58.17829156          18.55577267        -155.99088369        -137.43511102
    3400          57.28760671          18.27169170        -155.64132010        -137.36962841
    3500          55.43526782          17.68089437        -155.09613330        -137.41523893
    3600          55.08689889          17.56978326        -155.00142590        -137.43164264
    3700          56.84774169          18.13139821        -155.56340768        -137.43200946
    3800          51.62385979          16.46525845        -153.98189676        -137.51663831
    3900          52.18964838          16.64571484        -154.10775598        -137.46204114
    4000          52.04665373          16.60010717        -153.99311546        -137.39300829
    4100          56.74278112          18.09792139        -155.56879074        -137.47086935
    4200          51.99559677          16.58382272        -154.04196828        -137.45814555
    4300          51.52514104          16.43377243        -153.89623061        -137.46245817
    4400          53.09202626          16.93352526        -154.37689385        -137.44336859
    4500          55.28409878          17.63267951        -154.99783906        -137.36515955
    4600          50.51573068          16.11182435        -153.48030476        -137.36848040
    4700          54.85016381          17.49427739        -154.83144976        -137.33717237
    4800          51.58416735          16.45259868        -153.90723559        -137.45463691
    4900          44.15191621          14.08210689        -151.42942597        -137.34731908
    5000          51.71851267          16.49544767        -153.93883894        -137.44339127
    5100          52.03118926          16.59517483        -154.01854388        -137.42336905
    5200          52.04109236          16.59833339        -153.91167413        -137.31334074
    5300          54.78336691          17.47297274        -154.89227867        -137.41930593
    5400          51.18856312          16.32642202        -153.68303431        -137.35661229
    5500          47.17710269          15.04698006        -152.32117174        -137.27419168
    5600          51.95901955          16.57215654        -153.97190088        -137.39974434
    5700          48.58768031          15.49687910        -152.93137251        -137.43449341
    5800          50.40447845          16.07634082        -153.40586077        -137.32951994
    5900          52.83798703          16.85250030        -154.15437774        -137.30187744
    6000          59.39210306          18.94291381        -156.27389001        -137.33097619
    6100          49.34219978          15.73753057        -153.00435171        -137.26682113
    6200          49.81903578          15.88961583        -153.22239648        -137.33278065
    6300          49.74124153          15.86480361        -153.24865374        -137.38385013
    6400          48.40118638          15.43739748        -152.78614293        -137.34874545
    6500          49.36550443          15.74496352        -153.05100722        -137.30604370
    6600          56.13482032          17.90401431        -155.24926222        -137.34524791
    6700          52.77149053          16.83129146        -154.18327399        -137.35198253
    6800          53.11786378          16.94176605        -154.25094421        -137.30917815
    6900          53.10915324          16.93898786        -154.10656201        -137.16757415
    7000          48.31003346          15.40832456        -152.69346326        -137.28513870
    7100          48.93658993          15.60816266        -152.98044834        -137.37228568
    7200          53.59242661          17.09312629        -154.43760364        -137.34447735
    7300          52.27781864          16.67383645        -154.02234022        -137.34850377
    7400          54.10647063          17.25707892        -154.55451237        -137.29743345
    7500          56.06227131          17.88087505        -155.09710714        -137.21623210
    7600          55.81144644          17.80087529        -155.18942107        -137.38854578
    7700          50.75058323          16.18672979        -153.50457768        -137.31784789
    7800          53.12976771          16.94556277        -154.22425882        -137.27869604
    7900          52.59256288          16.77422308        -154.16692785        -137.39270477
    8000          56.24376648          17.93876233        -155.33542429        -137.39666196
    8100          51.20800310          16.33262234        -153.69340055        -137.36077821
    8200          52.88960064          16.86896228        -154.28968639        -137.42072411
    8300          51.74191694          16.50291238        -153.86846326        -137.36555088
    8400          48.66785668          15.52245108        -152.85248398        -137.33003289
    8500          51.89503543          16.55174902        -153.80378515        -137.25203613
    8600          58.54739186          18.67349598        -156.05909462        -137.38559864
    8700          57.74543383          18.41771414        -155.90161608        -137.48390194
    8800          53.56316536          17.08379351        -154.51584066        -137.43204715
    8900          51.03980653          16.27897660        -153.65604287        -137.37706627
    9000          54.52356603          17.39011011        -154.82670595        -137.43659584
    9100          54.72662951          17.45487654        -154.92179198        -137.46691545
    9200          52.31040765          16.68423061        -154.08466705        -137.40043644
    9300          54.97353397          17.53362589        -154.91891165        -137.38528576
    9400          57.66199298          18.39110096        -155.76477466        -137.37367370
    9500          49.58514579          15.81501740        -153.27788426        -137.46286686
    9600          56.01992839          17.86736991        -155.23653153        -137.36916162
    9700          52.89385204          16.87031825        -154.25106918        -137.38075093
    9800          52.46037542          16.73206233        -154.09316375        -137.36110142
    9900          50.79170344          16.19984495        -153.54908468        -137.34923973
   10000          49.60506112          15.82136932        -153.15113389        -137.32976457
Simulation Done.

- TIMING RESULTS -
Force: 10000
9 15 17 15 17 18 18 14 17 18 18 18 17 17 17 14 
KineticEnergy: 10000
0 0 0 0 0 0 0 0 0 0 0 0 0 0 0 0 
Propagate: 10000
0 0 0 0 0 0 0 0 0 0 0 0 0 0 0 0 
RunTime: 1
284 286 288 286 288 288 288 286 289 289 289 289 289 289 289 286 
Startup Time: 1
9 9 7 9 7 7 7 9 6 6 6 6 6 6 6 9 
Velverlet: 10000
0 0 0 0 0 0 0 0 0 0 0 0 0 0 0 0 
