LJMD version 1.0
Starting simulation with 78732 atoms for 20 steps.
	NFI		TEMP		EKIN			EPOT			ETOT
       0          71.96990686       16890.05291324     -122097.78543733     -105207.73252410
       5          70.75285384       16604.43228639     -121809.07486244     -105204.64257605
      10          68.54614858       16086.55793729     -121291.84036390     -105205.28242661
      15          66.28981949       15557.03776251     -120761.98955692     -105204.95179440
      20          64.75450416       15196.72665073     -120405.58768951     -105208.86103878
Simulation Done.

- TIMING RESULTS -
Force: 20
59287 59552 59550 59554 59551 59552 59551 59554 59551 59553 59553 59563 59553 59563 59563 59562 
KineticEnergy: 20
0 120 120 120 120 120 120 120 120 120 120 120 120 120 120 120 
Propagate: 20
0 0 0 0 0 0 0 0 0 0 0 0 0 0 0 0 
RunTime: 1
59663 59736 59735 59739 59736 59737 59736 59739 59736 59738 59738 59749 59738 59748 59748 59746 
Startup Time: 1
3061 3066 3067 3065 3067 3066 3066 3065 3066 3066 3066 2969 3066 2970 2983 2969 
Velverlet: 20
20 20 20 20 20 20 20 20 20 20 20 20 20 20 20 20 
