LJMD version 1.0
Starting simulation with 108 atoms for 10000 steps.
	NFI		TEMP		EKIN			EPOT			ETOT
       0          72.64160016          23.16879686        -160.48438434        -137.31558748
     100          65.43323663          20.86971328        -158.26635748        -137.39664420
     200          59.79291673          19.07075200        -156.47936252        -137.40861052
     300          57.64514280          18.38572665        -155.78652892        -137.40080228
     400          60.30123889          19.23287966        -156.54009116        -137.30721150
     500          61.72762728          19.68782150        -157.10161687        -137.41379537
     600          57.14347223          18.22572049        -155.66135485        -137.43563437
     700          59.33906643          18.92599796        -156.26728969        -137.34129173
     800          59.75647587          19.05912931        -156.36554426        -137.30641495
     900          54.35607344          17.33668891        -154.79957079        -137.46288188
    1000          58.38087656          18.62038648        -155.96230669        -137.34192021
    1100          59.80933564          19.07598876        -156.35932099        -137.28333224
    1200          59.35800355          18.93203789        -156.26587665        -137.33383876
    1300          62.28306286          19.86497583        -157.10909906        -137.24412324
    1400          56.93168792          18.15817258        -155.44501733        -137.28684474
    1500          58.26383349          18.58305599        -155.91700555        -137.33394956
    1600          57.40448498          18.30896964        -155.68941538        -137.38044574
    1700          62.93329516          20.07236526        -157.42260553        -137.35024027
    1800          53.45890135          17.05053885        -154.52525666        -137.47471781
    1900          59.48052540          18.97111582        -156.30527788        -137.33416206
    2000          62.75114395          20.01426874        -157.30132634        -137.28705761
    2100          57.86465886          18.45574056        -155.66814504        -137.21240447
    2200          60.48709289          19.29215718        -156.59447067        -137.30231349
    2300          53.81193895          17.16313902        -154.43944723        -137.27630821
    2400          59.52572193          18.98553111        -156.33952786        -137.35399675
    2500          58.92686581          18.79452794        -156.03041539        -137.23588745
    2600          61.65941059          19.66606401        -156.94491184        -137.27884783
    2700          58.81987814          18.76040458        -156.07031129        -137.30990671
    2800          53.15475439          16.95353219        -154.26693031        -137.31339812
    2900          54.95193275          17.52673625        -154.82877239        -137.30203614
    3000          55.99963527          17.86089749        -155.23428941        -137.37339192
    3100          56.97370010          18.17157223        -155.46229995        -137.29072772
    3200          54.82660865          17.48676455        -154.82425966        -137.33749511
    3300          58.17828909          18.55577188        -155.99088290        -137.43511102
    3400          57.28761410          18.27169406        -155.64132243        -137.36962838
    3500          55.43526353          17.68089300        -155.09613198        -137.41523898
    3600          55.08692126          17.56979039        -155.00143317        -137.43164277
    3700          56.84772092          18.13139159        -155.56340134        -137.43200975
    3800          51.62385563          16.46525712        -153.98189579        -137.51663866
    3900          52.18961175          16.64570316        -154.10774515        -137.46204199
    4000          52.04656918          16.60008020        -153.99309156        -137.39301135
    4100          56.74258499          18.09785883        -155.56877703        -137.47091819
    4200          51.99510078          16.58366453        -154.04185565        -137.45819112
    4300          51.52533443          16.43383411        -153.89636298        -137.46252886
    4400          53.09427197          16.93424152        -154.37771043        -137.44346891
    4500          55.28847840          17.63407637        -154.99531644        -137.36124006
    4600          50.52816949          16.11579167        -153.48035886        -137.36456718
    4700          54.83446768          17.48927116        -154.83028918        -137.34101802
    4800          51.58831004          16.45391997        -153.90873817        -137.45481820
    4900          44.18840081          14.09374353        -151.44545712        -137.35171359
    5000          51.69086465          16.48662942        -153.91881138        -137.43218196
    5100          52.13876343          16.62948525        -154.04166928        -137.41218402
    5200          51.86890640          16.54341525        -153.86141489        -137.31799964
    5300          54.78430450          17.47327178        -154.87011195        -137.39684016
    5400          50.27223785          16.03416312        -153.40323704        -137.36907392
    5500          49.92542274          15.92354760        -153.20647751        -137.28292991
    5600          51.24169958          16.34336972        -153.70077325        -137.35740353
    5700          50.90394302          16.23564339        -153.65581854        -137.42017515
    5800          53.67472309          17.11937448        -154.42288763        -137.30351315
    5900          49.14111812          15.67339625        -152.97630987        -137.30291362
    6000          52.46213979          16.73262507        -153.95015888        -137.21753381
    6100          48.35172410          15.42162165        -152.77541261        -137.35379096
    6200          52.07186609          16.60814857        -153.99356945        -137.38542088
    6300          51.11208092          16.30202828        -153.70713255        -137.40510427
    6400          56.39441476          17.98681110        -155.32980738        -137.34299628
    6500          51.40804487          16.39642500        -153.74686117        -137.35043617
    6600          57.12643311          18.22028591        -155.69190040        -137.47161448
    6700          50.23110886          16.02104517        -153.40280307        -137.38175790
    6800          48.82609085          15.57291935        -152.99500107        -137.42208172
    6900          56.44063191          18.00155190        -155.34153024        -137.33997834
    7000          48.72998903          15.54226799        -152.97162511        -137.42935712
    7100          51.03928339          16.27880975        -153.77163745        -137.49282770
    7200          50.69704027          16.16965244        -153.61062491        -137.44097247
    7300          52.43708107          16.72463267        -154.06141671        -137.33678404
    7400          48.62210528          15.50785883        -152.80846878        -137.30060995
    7500          56.52137472          18.02730455        -155.44307873        -137.41577418
    7600          51.04451902          16.28047964        -153.68724282        -137.40676318
    7700          54.61370296          17.41885899        -154.80678703        -137.38792805
    7800          50.29904388          16.04271282        -153.46940880        -137.42669598
    7900          53.78235320          17.15370275        -154.56496778        -137.41126503
    8000          46.54365582          14.84494428        -152.23598049        -137.39103621
    8100          54.77903581          17.47159135        -154.99255060        -137.52095925
    8200          54.52570685          17.39079292        -154.89605091        -137.50525799
    8300          47.10613089          15.02434384        -152.47808552        -137.45374169
    8400          54.20422200          17.28825640        -154.69904022        -137.41078383
    8500          49.53569184          15.79924422        -153.12788119        -137.32863697
    8600          48.72650689          15.54115737        -152.93553469        -137.39437732
    8700          51.84777792          16.53667639        -153.80280737        -137.26613098
    8800          54.16705895          17.27640337        -154.58925290        -137.31284954
    8900          55.96547756          17.85000300        -155.20599353        -137.35599053
    9000          46.34126164          14.78039133        -152.13164900        -137.35125766
    9100          54.30126891          17.31920919        -154.63985903        -137.32064984
    9200          54.31813856          17.32458971        -154.75050783        -137.42591812
    9300          54.88460303          17.50526167        -154.86837677        -137.36311510
    9400          52.93674440          16.88399863        -154.18839756        -137.30439893
    9500          55.97586082          17.85331471        -155.22079566        -137.36748095
    9600          48.61393687          15.50525354        -152.81010278        -137.30484924
    9700          50.38723561          16.07084128        -153.36766453        -137.29682325
    9800          53.19582531          16.96663163        -154.32646214        -137.35983052
    9900          53.39643430          17.03061520        -154.50413610        -137.47352091
   10000          56.94140466          18.16127171        -155.58814929        -137.42687758
Simulation Done.

- TIMING RESULTS -
Force: 10000
1 4 3 3 5 3 4 5 5 6 5 7 6 6 5 7 
KineticEnergy: 10000
0 0 0 0 0 0 0 0 0 0 0 0 0 0 0 0 
Propagate: 10000
0 0 0 0 0 0 0 0 0 0 0 0 0 0 0 0 
RunTime: 1
326 329 329 330 330 330 330 330 332 332 331 332 332 331 331 332 
Startup Time: 1
7 7 7 7 7 7 7 7 7 7 7 7 7 7 7 7 
Velverlet: 10000
0 0 0 0 0 0 0 0 0 0 0 0 0 0 0 0 
