LJMD version 1.0
Starting simulation with 78732 atoms for 20 steps, nPEs = 16, Thds = 1.
	NFI		TEMP		EKIN			EPOT			ETOT
       0          71.96990686       16890.05291324     -122097.78543733     -105207.73252410
       5          70.75285384       16604.43228639     -121809.07486244     -105204.64257605
      10          68.54614858       16086.55793729     -121291.84036390     -105205.28242661
      15          66.28981949       15557.03776251     -120761.98955692     -105204.95179440
      20          64.75450416       15196.72665073     -120405.58768951     -105208.86103878
Simulation Done.

- TIMING RESULTS -
Force: 20
61086 61392 61397 61396 61395 61396 61396 61396 61396 61395 61398 61396 61395 61397 61397 61397 
KineticEnergy: 20
0 120 120 120 120 120 120 120 120 120 120 120 120 120 120 120 
Propagate: 20
0 0 0 0 0 0 0 0 0 0 0 0 0 0 0 0 
RunTime: 1
61497 61582 61582 61583 61582 61582 61582 61583 61582 61582 61582 61583 61582 61582 61582 61583 
Startup Time: 1
3296 3302 3271 3301 3302 3302 3302 3300 3302 3301 3301 3301 3302 3301 3289 3300 
Velverlet: 20
20 20 20 20 20 20 20 20 20 20 20 20 20 20 20 20 
