LJMD version 1.0
Starting simulation with 78732 atoms for 20 steps, nPEs = 32, Thds = 1.
	NFI		TEMP		EKIN			EPOT			ETOT
       0          71.96990686       16890.05291324     -122097.78543733     -105207.73252409
       5          70.75285384       16604.43228639     -121809.07486244     -105204.64257605
      10          68.54614858       16086.55793729     -121291.84036390     -105205.28242661
      15          66.28981949       15557.03776251     -120761.98955692     -105204.95179440
      20          64.75450416       15196.72665073     -120405.58768951     -105208.86103878
Simulation Done.

- TIMING RESULTS -
Force: 20
32459 32824 32824 32824 32828 32824 32824 32819 32828 32823 32823 32821 32823 32815 32822 32821 32830 32826 32829 32828 32823 32826 32825 32836 32829 32824 32825 32825 32823 32824 32825 32825 
KineticEnergy: 20
0 120 120 120 120 120 120 139 121 120 120 140 120 139 139 140 120 120 120 120 120 120 120 139 120 120 120 121 120 120 120 122 
Propagate: 20
0 16 19 0 2 15 0 0 0 3 8 0 18 0 0 0 0 0 0 0 19 0 6 0 0 10 15 0 19 0 0 0 
RunTime: 1
32913 33021 33021 33022 33021 33022 33022 33021 33021 33021 33021 33022 33022 33016 33022 33022 33021 33021 33021 33022 33021 33022 33022 33039 33021 33021 33022 33022 33022 33022 33022 33023 
Startup Time: 1
6988 6993 6993 6991 6993 6991 6992 6964 6993 6992 6982 6944 6992 6944 6945 6943 6994 6993 6993 6991 6993 6992 6992 6943 6994 6992 6982 6990 6992 6991 6991 6989 
Velverlet: 20
20 20 20 20 20 20 20 20 20 20 20 20 20 20 20 20 20 20 20 20 20 20 20 20 20 20 20 20 20 20 20 20 
