LJMD version 1.0
Starting simulation with 78732 atoms for 20 steps, nPEs = 16, Thds = 1.
	NFI		TEMP		EKIN			EPOT			ETOT
       0          71.96990686       16890.05291324     -122097.78543733     -105207.73252410
       5          70.75285384       16604.43228639     -121809.07486244     -105204.64257605
      10          68.54614858       16086.55793729     -121291.84036390     -105205.28242661
      15          66.28981949       15557.03776251     -120761.98955692     -105204.95179440
      20          64.75450416       15196.72665073     -120405.58768951     -105208.86103878
Simulation Done.

- TIMING RESULTS -
Force: 20
60660 61071 61072 61088 61072 61071 61071 61088 61070 61073 61069 61089 61087 61089 61090 61151 
KineticEnergy: 20
0 0 0 0 0 0 0 0 0 0 0 0 0 0 0 0 
Propagate: 20
0 0 0 0 0 0 0 0 0 0 0 0 0 0 0 0 
RunTime: 1
61053 61140 61141 61157 61141 61140 61141 61157 61138 61140 61136 61157 61156 61157 61157 61218 
Startup Time: 1
3477 3481 3481 3464 3481 3481 3481 3464 3484 3480 3485 3463 3456 3463 3464 3403 
Velverlet: 20
20 20 20 20 20 20 20 20 20 20 20 20 20 20 20 20 
