LJMD version 1.0
Starting simulation with 78732 atoms for 20 steps, nPEs = 32, Thds = 1.
	NFI		TEMP		EKIN			EPOT			ETOT
       0          71.96990686       16890.05291324     -122097.78543733     -105207.73252409
       5          70.75285384       16604.43228639     -121809.07486244     -105204.64257605
      10          68.54614858       16086.55793729     -121291.84036390     -105205.28242661
      15          66.28981949       15557.03776251     -120761.98955692     -105204.95179440
      20          64.75450416       15196.72665073     -120405.58768951     -105208.86103878
Simulation Done.

- TIMING RESULTS -
Force: 20
29314 29756 29756 29757 29753 29757 29757 29742 29757 29755 29755 29755 29755 29755 29756 29753 29755 29757 29755 29757 29756 29756 29755 29814 29758 29754 29754 29785 29756 29784 29783 29774 
KineticEnergy: 20
0 0 0 0 0 0 0 0 0 0 0 0 0 0 0 0 0 0 0 0 0 0 0 0 0 0 0 0 0 0 0 0 
Propagate: 20
0 0 0 0 0 0 0 0 0 0 0 0 0 0 0 0 0 0 0 0 0 0 0 0 0 0 0 0 0 0 0 0 
RunTime: 1
29722 29821 29820 29820 29820 29821 29821 29807 29820 29819 29819 29819 29819 29819 29819 29818 29820 29821 29821 29819 29821 29819 29819 29878 29821 29819 29819 29847 29819 29847 29847 29837 
Startup Time: 1
2368 2367 2367 2366 2369 2367 2368 2315 2368 2347 2367 2367 2367 2366 2367 2323 2369 2368 2368 2316 2368 2328 2329 2269 2368 2328 2305 2300 2328 2299 2299 2298 
Velverlet: 20
20 20 20 20 20 20 20 20 20 20 20 20 20 20 20 20 20 20 20 20 20 20 20 20 20 20 20 20 20 20 20 20 
