LJMD version 1.0
Starting simulation with 78732 atoms for 20 steps, nPEs = 64, Thds = 1.
	NFI		TEMP		EKIN			EPOT			ETOT
       0          71.96990686       16890.05291324     -122097.78543733     -105207.73252409
       5          70.75285384       16604.43228639     -121809.07486244     -105204.64257605
      10          68.54614858       16086.55793729     -121291.84036390     -105205.28242661
      15          66.28981949       15557.03776251     -120761.98955692     -105204.95179440
      20          64.75450416       15196.72665073     -120405.58768951     -105208.86103879
Simulation Done.

- TIMING RESULTS -
Force: 20
15910 16466 16466 16467 16466 16466 16467 16477 16466 16464 16463 16464 16463 16464 16462 16465 16465 16464 16464 16468 16464 16468 16466 16451 16465 16468 16466 16466 16466 16466 16468 16467 16468 16468 16467 16469 16467 16469 16469 16484 16466 16469 16469 16483 16469 16481 16483 16490 16467 16468 16468 16475 16468 16474 16474 16479 16470 16475 16475 16478 16474 16477 16477 16479 
KineticEnergy: 20
0 0 0 0 0 0 0 0 0 0 0 0 0 0 0 0 0 0 0 0 0 0 0 0 0 0 0 0 0 0 0 0 0 0 0 0 0 0 0 0 0 0 0 0 0 0 0 0 0 0 0 0 0 0 0 0 0 0 0 0 0 0 0 0 
Propagate: 20
0 0 0 0 0 0 0 0 0 0 0 0 0 0 0 0 0 0 0 0 0 0 0 1 0 0 0 0 0 0 0 0 0 0 0 0 0 0 0 0 0 0 0 0 0 0 0 0 0 0 0 0 0 0 0 0 0 0 0 0 0 0 0 0 
RunTime: 1
16420 16533 16532 16533 16532 16532 16532 16542 16532 16532 16532 16533 16532 16532 16532 16533 16532 16532 16532 16533 16532 16533 16533 16521 16532 16533 16533 16533 16533 16533 16533 16534 16533 16533 16533 16533 16533 16533 16533 16548 16532 16533 16533 16546 16533 16546 16546 16552 16533 16533 16533 16542 16533 16541 16541 16543 16533 16541 16541 16542 16541 16542 16542 16542 
Startup Time: 1
1027 1025 1026 1024 1026 1024 1025 943 1025 1023 1024 1022 1024 1023 1023 976 1025 1023 1024 1002 1024 1002 1003 988 1024 1002 1002 1001 1002 1002 1002 1001 1025 1024 1024 1023 1025 1024 1024 946 1025 1023 1023 946 1024 947 947 941 1025 1024 1025 996 1025 997 997 964 1025 997 997 995 997 996 996 995 
Velverlet: 20
20 20 20 20 20 20 20 20 20 20 20 20 20 20 20 20 20 20 20 20 20 20 20 20 20 20 20 20 20 20 20 20 20 20 20 20 20 20 20 20 20 20 20 20 20 20 20 20 20 20 20 20 20 20 20 20 20 20 20 20 20 20 20 20 
