LJMD version 1.0
Starting simulation with 78732 atoms for 20 steps, nPEs = 64, Thds = 1.
	NFI		TEMP		EKIN			EPOT			ETOT
       0          71.96990686       16890.05291324     -122097.78543733     -105207.73252409
       5          70.75285384       16604.43228639     -121809.07486244     -105204.64257605
      10          68.54614858       16086.55793729     -121291.84036390     -105205.28242661
      15          66.28981949       15557.03776251     -120761.98955692     -105204.95179440
      20          64.75450416       15196.72665073     -120405.58768951     -105208.86103879
Simulation Done.

- TIMING RESULTS -
Force: 20
17232 17735 17736 17737 17736 17738 17736 17742 17736 17737 17736 17746 17735 17747 17747 17748 17737 17735 17735 17739 17737 17737 17738 17739 17737 17736 17735 17738 17737 17737 17736 17755 17737 17737 17736 17742 17736 17742 17742 17745 17737 17741 17742 17749 17741 17749 17750 17750 17737 17741 17741 17742 17740 17741 17741 17745 17740 17741 17741 17745 17741 17744 17743 17747 
KineticEnergy: 20
0 0 0 0 0 0 0 0 0 0 0 0 0 0 0 0 0 0 0 0 0 0 0 0 0 0 0 0 0 0 0 0 0 0 0 0 0 0 0 0 0 0 0 0 0 0 0 0 0 0 0 0 0 0 0 0 0 0 0 0 0 0 0 0 
Propagate: 20
0 0 0 1 8 0 0 0 16 0 12 0 19 0 0 0 1 4 18 0 1 0 0 0 0 0 15 0 0 0 0 0 0 0 0 0 0 0 0 0 0 0 0 0 0 0 0 0 0 0 0 0 0 0 0 0 0 0 0 0 0 0 0 0 
RunTime: 1
17706 17809 17809 17810 17809 17809 17809 17815 17809 17809 17809 17818 17809 17818 17818 17819 17809 17809 17809 17810 17809 17810 17810 17811 17809 17809 17809 17810 17809 17810 17810 17825 17808 17808 17808 17815 17808 17814 17814 17815 17808 17814 17814 17821 17814 17821 17821 17821 17808 17813 17813 17814 17813 17814 17814 17818 17813 17813 17813 17817 17813 17817 17817 17817 
Startup Time: 1
1819 1817 1818 1815 1818 1816 1817 1746 1819 1816 1817 1748 1818 1748 1749 1746 1819 1817 1818 1815 1819 1816 1817 1813 1819 1816 1817 1814 1818 1815 1815 1797 1820 1818 1819 1793 1819 1793 1794 1791 1819 1794 1795 1756 1795 1757 1757 1756 1820 1795 1795 1792 1796 1793 1794 1764 1796 1794 1794 1765 1795 1766 1766 1753 
Velverlet: 20
20 20 20 20 20 20 20 20 20 20 20 20 20 20 20 20 20 20 20 20 20 20 20 20 20 20 20 20 20 20 20 20 20 20 20 20 20 20 20 20 20 20 20 20 20 20 20 20 20 20 20 20 20 20 20 20 20 20 20 20 20 20 20 20 
