LJMD version 1.0
Starting simulation with 78732 atoms for 20 steps, nPEs = 16, Thds = 1.
	NFI		TEMP		EKIN			EPOT			ETOT
       0          71.96990686       16890.05291324     -122097.78543733     -105207.73252410
       5          70.75285384       16604.43228639     -121809.07486244     -105204.64257605
      10          68.54614858       16086.55793729     -121291.84036390     -105205.28242661
      15          66.28981949       15557.03776251     -120761.98955692     -105204.95179440
      20          64.75450416       15196.72665073     -120405.58768951     -105208.86103878
Simulation Done.

- TIMING RESULTS -
Force: 20
57409 57888 57793 57929 57792 57889 57803 57928 57878 57888 57801 57956 57925 57956 57954 57955 
KineticEnergy: 20
0 0 0 0 0 0 0 0 0 0 0 0 0 0 0 0 
Propagate: 20
0 0 0 0 0 0 0 0 0 0 0 0 0 0 0 0 
RunTime: 1
57758 57953 57857 57991 57857 57953 57866 57991 57943 57951 57866 58019 57991 58019 58019 58019 
Startup Time: 1
3926 3842 3939 3804 3927 3843 3928 3804 3837 3792 3929 3752 3799 3752 3753 3752 
Velverlet: 20
20 20 20 20 20 20 20 20 20 20 20 20 20 20 20 20 
