LJMD version 1.0
Starting simulation with 78732 atoms for 20 steps, nPEs = 32, Thds = 1.
	NFI		TEMP		EKIN			EPOT			ETOT
       0          71.96990686       16890.05291324     -122097.78543733     -105207.73252409
       5          70.75285384       16604.43228639     -121809.07486244     -105204.64257605
      10          68.54614858       16086.55793729     -121291.84036390     -105205.28242661
      15          66.28981949       15557.03776251     -120761.98955692     -105204.95179440
      20          64.75450416       15196.72665073     -120405.58768951     -105208.86103878
Simulation Done.

- TIMING RESULTS -
Force: 20
31133 31547 31547 31548 31547 31547 31547 31549 31547 31547 31547 31548 31547 31548 31548 31549 31548 31548 31548 31548 31548 31548 31547 31551 31549 31547 31547 31547 31547 31548 31549 31551 
KineticEnergy: 20
0 0 0 0 0 0 0 0 0 0 0 0 0 0 0 0 0 0 0 0 0 0 0 0 0 0 0 0 0 0 0 0 
Propagate: 20
0 0 0 0 0 0 0 0 0 0 0 0 0 0 0 0 0 0 0 0 0 0 0 0 0 0 0 0 0 0 0 0 
RunTime: 1
31524 31613 31613 31614 31613 31613 31613 31615 31613 31613 31613 31614 31613 31614 31614 31615 31613 31613 31613 31614 31613 31614 31614 31615 31613 31614 31614 31613 31614 31613 31613 31615 
Startup Time: 1
1671 1671 1670 1669 1671 1670 1671 1642 1670 1671 1671 1670 1671 1670 1670 1669 1671 1658 1671 1642 1659 1643 1643 1579 1659 1643 1643 1553 1644 1554 1542 1551 
Velverlet: 20
20 20 20 20 20 20 20 20 20 20 20 20 20 20 20 20 20 20 20 20 20 20 20 20 20 20 20 20 20 20 20 20 
