LJMD version 1.0
Starting simulation with 78732 atoms for 20 steps, nPEs = 32, Thds = 1.
	NFI		TEMP		EKIN			EPOT			ETOT
       0          71.96990686       16890.05291324     -122097.78543733     -105207.73252409
       5          70.75285384       16604.43228639     -121809.07486244     -105204.64257605
      10          68.54614858       16086.55793729     -121291.84036390     -105205.28242661
      15          66.28981949       15557.03776251     -120761.98955692     -105204.95179440
      20          64.75450416       15196.72665073     -120405.58768951     -105208.86103878
Simulation Done.

- TIMING RESULTS -
Force: 20
29484 29905 29905 29905 29905 29904 29905 29903 29905 29904 29905 29905 29903 29904 29904 29907 29905 29906 29906 29905 29906 29905 29905 29924 29906 29907 29906 29921 29906 29920 29919 29922 
KineticEnergy: 20
0 0 0 0 0 0 0 0 0 0 0 0 0 0 0 0 0 0 0 0 0 0 0 0 0 0 0 0 0 0 0 0 
Propagate: 20
0 0 0 0 0 0 0 0 0 0 0 0 0 0 0 0 0 0 0 0 0 0 0 0 0 0 0 0 0 0 0 0 
RunTime: 1
29861 29969 29969 29969 29969 29969 29969 29969 29969 29969 29969 29969 29969 29969 29969 29972 29969 29969 29969 29970 29969 29969 29969 29987 29969 29969 29969 29986 29969 29986 29986 29986 
Startup Time: 1
2138 2137 2137 2130 2138 2137 2137 2136 2138 2137 2137 2136 2126 2136 2136 2080 2138 2137 2125 2135 2137 2124 2135 2065 2137 2136 2137 2099 2137 2100 2087 2099 
Velverlet: 20
20 20 20 20 20 20 20 20 20 20 20 20 20 20 20 20 20 20 20 20 20 20 20 20 20 20 20 20 20 20 20 20 
