LJMD version 1.0
Starting simulation with 78732 atoms for 20 steps, nPEs = 32, Thds = 1.
	NFI		TEMP		EKIN			EPOT			ETOT
       0          71.96990686       16890.05291324     -122097.78543733     -105207.73252409
       5          70.75285384       16604.43228639     -121809.07486244     -105204.64257605
      10          68.54614858       16086.55793729     -121291.84036390     -105205.28242661
      15          66.28981949       15557.03776251     -120761.98955692     -105204.95179440
      20          64.75450416       15196.72665073     -120405.58768951     -105208.86103878
Simulation Done.

- TIMING RESULTS -
Force: 20
32947 33450 33450 33454 33450 33452 33448 33484 33450 33449 33450 33452 33450 33451 33451 33491 33451 33452 33452 33483 33451 33480 33480 33474 33452 33479 33479 33489 33480 33487 33488 33470 
KineticEnergy: 20
0 0 0 0 0 0 0 0 0 0 0 0 0 0 0 0 0 0 0 0 0 0 0 0 0 0 0 0 0 0 0 0 
Propagate: 20
3 13 12 0 11 5 19 0 12 13 13 2 13 0 4 0 10 10 11 0 13 0 11 0 12 11 12 1 12 3 0 0 
RunTime: 1
33397 33529 33529 33530 33529 33530 33530 33558 33529 33529 33529 33529 33529 33528 33528 33563 33529 33530 33530 33559 33530 33558 33558 33546 33530 33558 33558 33565 33558 33564 33564 33544 
Startup Time: 1
4684 4683 4678 4681 4683 4681 4682 4651 4684 4682 4683 4681 4683 4681 4682 4644 4684 4682 4682 4652 4682 4653 4653 4645 4683 4653 4654 4646 4654 4647 4647 4644 
Velverlet: 20
20 20 20 20 20 20 20 20 20 20 20 20 20 20 20 20 20 20 20 20 20 20 20 20 20 20 21 20 20 20 20 20 
