LJMD version 1.0
Starting simulation with 78732 atoms for 20 steps, nPEs = 8, Thds = 2.
	NFI		TEMP		EKIN			EPOT			ETOT
       0          71.96990686       16890.05291324     -122097.78543733     -105207.73252410
       5          70.75285384       16604.43228639     -121809.07486244     -105204.64257605
      10          68.54614858       16086.55793729     -121291.84036390     -105205.28242661
      15          66.28981949       15557.03776251     -120761.98955692     -105204.95179440
      20          64.75450416       15196.72665073     -120405.58768951     -105208.86103878
Simulation Done.

- TIMING RESULTS -
Force: 20
59901 60327 60326 60328 60327 60327 60327 60329 
KineticEnergy: 20
0 0 0 0 0 0 0 0 
Propagate: 20
0 0 0 0 0 0 0 0 
RunTime: 1
60260 60369 60369 60369 60369 60369 60369 60369 
Startup Time: 1
3273 3273 3273 3272 3273 3272 3271 3271 
Velverlet: 20
0 0 0 0 0 0 0 0 
