LJMD version 1.0
Starting simulation with 78732 atoms for 20 steps, nPEs = 128, Thds = 2.
	NFI		TEMP		EKIN			EPOT			ETOT
       0          71.96990686       16890.05291324     -122097.78543733     -105207.73252409
       5          70.75285384       16604.43228639     -121809.07486244     -105204.64257605
      10          68.54614858       16086.55793729     -121291.84036390     -105205.28242661
      15          66.28981949       15557.03776251     -120761.98955692     -105204.95179440
      20          64.75450416       15196.72665073     -120405.58768951     -105208.86103878
Simulation Done.

- TIMING RESULTS -
Force: 20
4394 4908 4908 4908 4912 4907 4906 4921 4911 4907 4907 4922 4910 4920 4926 4926 4912 4910 4907 4920 4908 4926 4922 4924 4907 4921 4920 4922 4926 4922 4923 4922 4910 4906 4908 4910 4907 4908 4909 4924 4908 4909 4912 4916 4910 4911 4913 4914 4911 4909 4912 4904 4912 4902 4905 4899 4911 4907 4905 4915 4906 4915 4922 4920 4907 4912 4909 4904 4909 4907 4907 4908 4908 4905 4906 4909 4908 4904 4908 4912 4911 4911 4905 4907 4909 4907 4910 4922 4908 4906 4909 4914 4908 4916 4917 4938 4908 4908 4907 4909 4905 4908 4908 4914 4908 4906 4904 4916 4907 4915 4918 4918 4908 4909 4909 4911 4905 4911 4910 4916 4906 4908 4909 4910 4909 4910 4911 4934 
KineticEnergy: 20
0 0 0 0 0 0 0 0 0 0 0 0 0 0 0 0 0 0 0 0 0 0 0 0 0 0 0 0 0 0 0 0 0 0 0 0 0 0 0 0 0 0 0 0 0 0 0 0 0 0 0 0 0 0 0 0 0 0 0 0 0 0 0 0 0 0 0 0 0 0 0 0 0 0 0 0 0 0 0 0 0 0 0 0 0 0 0 0 0 0 0 0 0 0 0 0 0 0 0 0 0 0 0 0 0 0 0 0 0 0 0 0 0 0 0 0 0 0 0 0 0 0 0 0 0 0 0 0 
Propagate: 20
0 0 0 0 0 0 0 0 0 0 0 0 0 0 0 0 0 0 0 0 0 0 0 0 0 0 0 0 0 0 0 0 0 0 0 0 0 0 0 0 0 0 0 0 0 0 0 0 0 0 0 0 0 0 0 0 0 0 0 0 0 0 0 0 3 0 0 0 0 0 0 0 1 0 0 0 0 5 0 0 0 0 0 0 0 0 0 0 0 0 0 0 0 0 0 0 0 0 0 0 0 0 0 0 0 0 0 0 0 0 0 0 0 0 0 0 0 0 0 0 0 0 0 0 0 0 0 0 
RunTime: 1
4876 4956 4956 4957 4956 4957 4957 4971 4956 4956 4956 4970 4956 4970 4970 4970 4956 4957 4957 4970 4956 4969 4970 4965 4957 4970 4969 4970 4969 4970 4970 4971 4956 4956 4956 4959 4956 4958 4958 4972 4956 4958 4957 4961 4958 4961 4961 4962 4956 4957 4957 4954 4958 4953 4953 4944 4958 4953 4953 4967 4953 4967 4966 4973 4956 4956 4956 4956 4956 4956 4956 4957 4956 4955 4955 4956 4955 4956 4956 4958 4956 4955 4955 4957 4955 4956 4956 4969 4955 4956 4956 4965 4956 4964 4964 4984 4956 4955 4956 4956 4955 4956 4956 4960 4956 4956 4956 4962 4955 4962 4962 4963 4956 4955 4955 4960 4955 4959 4959 4960 4955 4959 4959 4961 4959 4960 4960 4984 
Startup Time: 1
477 476 476 474 477 475 475 455 477 475 476 456 476 457 457 445 476 474 475 455 475 456 456 448 475 456 457 454 457 455 455 454 477 475 475 467 475 467 468 446 475 468 468 461 469 461 462 461 476 469 469 467 469 468 468 466 469 468 469 454 469 455 455 448 477 475 476 474 476 474 475 473 476 475 475 474 476 474 474 451 476 476 476 474 476 475 475 459 476 475 475 463 475 464 464 442 476 475 475 474 476 474 475 453 476 475 475 450 475 451 451 450 476 475 476 458 476 458 459 455 476 459 459 457 459 458 458 434 
Velverlet: 20
0 0 0 0 1 0 0 0 1 0 0 0 0 0 0 0 0 0 0 1 0 0 0 0 0 1 0 0 0 0 0 0 0 0 0 0 0 1 0 0 0 0 0 0 0 0 0 0 0 1 0 1 0 1 0 0 0 0 1 0 0 1 0 0 2 1 0 1 0 0 1 0 0 1 0 0 0 0 0 1 0 0 0 0 0 0 0 0 0 0 0 0 0 0 0 0 0 1 0 0 0 0 0 0 0 0 0 0 1 1 0 0 0 0 0 0 0 0 0 1 0 0 0 0 0 0 1 0 
