LJMD version 1.0
Starting simulation with 108 atoms for 10000 steps, nPEs = 4, Thds = 2.
	NFI		TEMP		EKIN			EPOT			ETOT
       0          72.64160016          23.16879686        -160.48438434        -137.31558748
     100          65.43323663          20.86971328        -158.26635748        -137.39664420
     200          59.79291673          19.07075200        -156.47936252        -137.40861052
     300          57.64514280          18.38572665        -155.78652892        -137.40080228
     400          60.30123889          19.23287966        -156.54009116        -137.30721150
     500          61.72762728          19.68782150        -157.10161687        -137.41379537
     600          57.14347223          18.22572049        -155.66135485        -137.43563437
     700          59.33906643          18.92599796        -156.26728969        -137.34129173
     800          59.75647587          19.05912931        -156.36554426        -137.30641495
     900          54.35607344          17.33668891        -154.79957079        -137.46288188
    1000          58.38087656          18.62038648        -155.96230669        -137.34192021
    1100          59.80933564          19.07598876        -156.35932099        -137.28333224
    1200          59.35800355          18.93203789        -156.26587665        -137.33383876
    1300          62.28306286          19.86497583        -157.10909906        -137.24412324
    1400          56.93168792          18.15817258        -155.44501733        -137.28684474
    1500          58.26383349          18.58305599        -155.91700555        -137.33394956
    1600          57.40448498          18.30896964        -155.68941538        -137.38044574
    1700          62.93329516          20.07236526        -157.42260553        -137.35024027
    1800          53.45890134          17.05053885        -154.52525666        -137.47471781
    1900          59.48052540          18.97111582        -156.30527788        -137.33416206
    2000          62.75114394          20.01426874        -157.30132634        -137.28705761
    2100          57.86465886          18.45574056        -155.66814504        -137.21240447
    2200          60.48709291          19.29215718        -156.59447068        -137.30231349
    2300          53.81193894          17.16313902        -154.43944722        -137.27630821
    2400          59.52572193          18.98553111        -156.33952786        -137.35399675
    2500          58.92686586          18.79452796        -156.03041541        -137.23588745
    2600          61.65941060          19.66606401        -156.94491184        -137.27884783
    2700          58.81987813          18.76040457        -156.07031128        -137.30990671
    2800          53.15475433          16.95353217        -154.26693029        -137.31339812
    2900          54.95193290          17.52673630        -154.82877244        -137.30203614
    3000          55.99963482          17.86089735        -155.23428926        -137.37339192
    3100          56.97369977          18.17157212        -155.46229983        -137.29072770
    3200          54.82661077          17.48676523        -154.82426031        -137.33749509
    3300          58.17829413          18.55577349        -155.99088451        -137.43511101
    3400          57.28760572          18.27169138        -155.64131978        -137.36962839
    3500          55.43526902          17.68089475        -155.09613369        -137.41523894
    3600          55.08689892          17.56978327        -155.00142591        -137.43164264
    3700          56.84773013          18.13139453        -155.56340406        -137.43200953
    3800          51.62383877          16.46525175        -153.98189022        -137.51663847
    3900          52.18968717          16.64572721        -154.10776867        -137.46204146
    4000          52.04673449          16.60013293        -153.99314317        -137.39301024
    4100          56.74252599          18.09784002        -155.56871363        -137.47087361
    4200          51.99541463          16.58376463        -154.04191597        -137.45815134
    4300          51.52577153          16.43397352        -153.89638145        -137.46240793
    4400          53.09354684          16.93401025        -154.37730966        -137.44329941
    4500          55.28663225          17.63348755        -154.99462304        -137.36113549
    4600          50.52042868          16.11332276        -153.47768926        -137.36436650
    4700          54.84215941          17.49172441        -154.82853470        -137.33681028
    4800          51.59980590          16.45758654        -153.91195117        -137.45436463
    4900          44.17865768          14.09063599        -151.44563077        -137.35499478
    5000          51.70510721          16.49117204        -153.92254274        -137.43137070
    5100          52.02687378          16.59379842        -154.01293064        -137.41913222
    5200          52.12567814          16.62531174        -153.93083468        -137.30552294
    5300          55.19491018          17.60423310        -155.00033921        -137.39610611
    5400          50.89632445          16.23321347        -153.59383430        -137.36062083
    5500          48.50066774          15.46912673        -152.74781488        -137.27868816
    5600          50.27469698          16.03494746        -153.40760791        -137.37266046
    5700          51.94361532          16.56724341        -153.98323796        -137.41599455
    5800          48.42342614          15.44449077        -152.69589650        -137.25140573
    5900          50.48106165          16.10076678        -153.52157063        -137.42080385
    6000          54.79320412          17.47611029        -154.95929868        -137.48318840
    6100          51.35214492          16.37859590        -153.77912210        -137.40052620
    6200          59.90801245          19.10746140        -156.48484106        -137.37737966
    6300          52.42683662          16.72136524        -154.08632502        -137.36495978
    6400          53.84665469          17.17421149        -154.59044049        -137.41622899
    6500          51.48482838          16.42091484        -153.85202195        -137.43110711
    6600          52.94427080          16.88639915        -154.20810084        -137.32170169
    6700          52.18800813          16.64519169        -154.03298750        -137.38779582
    6800          48.11183083          15.34510849        -152.76466645        -137.41955796
    6900          55.61512467          17.73825911        -155.15822481        -137.41996569
    7000          51.83485503          16.53255468        -153.94098066        -137.40842598
    7100          54.90154636          17.51066568        -154.98552508        -137.47485940
    7200          55.38134601          17.66369619        -155.05605323        -137.39235705
    7300          52.80210848          16.84105695        -154.19416213        -137.35310518
    7400          50.67901671          16.16390389        -153.60280432        -137.43890043
    7500          56.37451324          17.98046357        -155.36936516        -137.38890158
    7600          52.23989852          16.66174195        -154.01121944        -137.34947749
    7700          54.79219931          17.47578980        -154.86017515        -137.38438535
    7800          50.36550140          16.06390922        -153.43735652        -137.37344729
    7900          50.04192658          15.96070611        -153.36064923        -137.39994312
    8000          51.69444461          16.48777124        -153.79367143        -137.30590018
    8100          51.83072930          16.53123879        -153.77107967        -137.23984087
    8200          54.26597652          17.30795280        -154.68772313        -137.37977033
    8300          52.82392557          16.84801544        -154.28264150        -137.43462606
    8400          52.52026635          16.75116434        -154.16243624        -137.41127190
    8500          58.45226973          18.64315710        -155.98017158        -137.33701448
    8600          49.29907001          15.72377448        -153.13901446        -137.41523999
    8700          57.74661596          18.41809117        -155.82662407        -137.40853289
    8800          52.58451215          16.77165533        -154.21024975        -137.43859443
    8900          50.93171798          16.24450212        -153.62777306        -137.38327094
    9000          51.84156711          16.53469548        -153.98904664        -137.45435116
    9100          53.51150428          17.06731638        -154.50221382        -137.43489743
    9200          49.30389331          15.72531285        -153.14403592        -137.41872307
    9300          50.40566284          16.07671858        -153.46465477        -137.38793618
    9400          52.96664361          16.89353488        -154.34468845        -137.45115357
    9500          47.32918811          15.09548720        -152.55648607        -137.46099888
    9600          54.02257670          17.23032123        -154.71630480        -137.48598357
    9700          48.76856544          15.55457181        -152.92352896        -137.36895715
    9800          48.59703041          15.49986128        -152.92689266        -137.42703138
    9900          58.26026530          18.58191792        -156.02544256        -137.44352463
   10000          50.42590828          16.08317580        -153.51867068        -137.43549488
Simulation Done.

- TIMING RESULTS -
Force: 10000
0 5 4 5 
KineticEnergy: 10000
0 0 0 0 
Propagate: 10000
0 0 0 0 
RunTime: 1
377 380 378 380 
Startup Time: 1
17 14 16 14 
Velverlet: 10000
0 0 0 0 
