LJMD version 1.0
Starting simulation with 78732 atoms for 20 steps, nPEs = 32, Thds = 4.
	NFI		TEMP		EKIN			EPOT			ETOT
       0          71.96990686       16890.05291324     -122097.78543733     -105207.73252409
       5          70.75285384       16604.43228639     -121809.07486244     -105204.64257605
      10          68.54614858       16086.55793729     -121291.84036390     -105205.28242661
      15          66.28981949       15557.03776251     -120761.98955692     -105204.95179440
      20          64.75450416       15196.72665073     -120405.58768951     -105208.86103878
Simulation Done.

- TIMING RESULTS -
Force: 20
13265 13734 13733 13733 13733 13736 13736 13720 13734 13734 13736 13716 13736 13716 13718 13723 13731 13734 13737 13733 13735 13735 13734 13734 13733 13738 13736 13736 13735 13734 13736 13721 
KineticEnergy: 20
0 0 0 0 0 0 0 0 0 0 0 0 0 0 0 0 0 0 0 0 0 0 0 0 0 0 0 0 0 0 0 0 
Propagate: 20
0 0 0 0 0 0 0 0 0 0 0 0 0 0 0 0 3 0 0 0 0 0 0 0 0 0 0 0 0 0 0 0 
RunTime: 1
13651 13770 13769 13769 13769 13770 13770 13754 13769 13769 13769 13751 13770 13752 13752 13758 13770 13770 13770 13770 13770 13770 13770 13773 13770 13770 13770 13770 13770 13770 13770 13753 
Startup Time: 1
896 895 896 895 896 894 895 620 896 895 895 648 895 648 648 642 896 895 896 895 896 895 895 632 896 895 896 895 896 895 895 611 
Velverlet: 20
0 0 0 0 0 0 0 0 0 0 0 0 0 0 0 0 0 0 0 0 0 0 0 0 0 0 0 0 0 0 0 0 
