LJMD version 1.0
Starting simulation with 78732 atoms for 20 steps, nPEs = 64, Thds = 2.
	NFI		TEMP		EKIN			EPOT			ETOT
       0          71.96990686       16890.05291324     -122097.78543733     -105207.73252409
       5          70.75285384       16604.43228639     -121809.07486244     -105204.64257605
      10          68.54614858       16086.55793729     -121291.84036390     -105205.28242661
      15          66.28981949       15557.03776251     -120761.98955692     -105204.95179440
      20          64.75450416       15196.72665073     -120405.58768951     -105208.86103878
Simulation Done.

- TIMING RESULTS -
Force: 20
8848 9264 9264 9265 9265 9264 9268 9255 9265 9264 9267 9252 9266 9255 9253 9251 9266 9268 9267 9268 9267 9264 9265 9265 9263 9263 9263 9248 9263 9249 9251 9252 9265 9266 9269 9260 9266 9259 9259 9261 9269 9261 9261 9263 9259 9265 9262 9263 9269 9258 9259 9251 9259 9251 9251 9242 9259 9251 9250 9240 9250 9240 9242 9241 
KineticEnergy: 20
0 0 0 0 0 0 0 0 0 0 0 0 0 0 0 0 0 0 0 0 0 0 0 1 0 0 0 0 0 0 0 0 0 0 0 0 0 0 0 0 0 0 0 0 0 0 0 0 0 0 0 0 0 0 0 0 0 0 0 0 0 0 0 0 
Propagate: 20
0 0 0 0 0 0 0 0 0 0 0 0 0 0 0 0 0 0 0 0 0 0 0 0 0 0 2 0 0 0 0 0 0 0 0 0 0 0 0 0 0 0 0 0 0 0 0 0 0 0 0 0 0 0 0 0 0 0 0 0 0 0 0 0 
RunTime: 1
9223 9313 9313 9314 9313 9313 9313 9302 9313 9313 9313 9299 9313 9299 9299 9300 9313 9313 9313 9314 9313 9313 9313 9314 9313 9313 9313 9296 9313 9296 9295 9298 9313 9313 9313 9306 9313 9306 9306 9305 9313 9305 9306 9310 9306 9310 9310 9311 9313 9305 9305 9299 9305 9298 9298 9287 9305 9298 9298 9287 9298 9286 9286 9286 
Startup Time: 1
660 659 659 657 659 658 658 624 660 658 659 631 659 632 632 631 659 658 658 657 658 657 658 657 659 658 658 638 659 638 638 634 659 658 658 649 658 649 649 641 658 650 650 645 650 645 645 643 658 650 651 649 651 649 650 647 651 650 650 648 650 649 649 648 
Velverlet: 20
0 1 0 0 0 0 0 1 0 0 0 1 0 1 0 1 0 1 1 0 1 0 1 0 0 0 0 0 1 0 1 0 0 0 0 1 0 1 1 0 0 0 0 0 0 0 0 0 0 0 0 0 0 0 1 0 1 0 1 0 1 1 1 0 
