LJMD version 1.0
Starting simulation with 108 atoms for 10000 steps, nPEs = 64, Thds = 4.
	NFI		TEMP		EKIN			EPOT			ETOT
       0          72.64160016          23.16879686        -160.48438434        -137.31558748
     100          65.43323663          20.86971328        -158.26635748        -137.39664420
     200          59.79291673          19.07075200        -156.47936252        -137.40861052
     300          57.64514280          18.38572665        -155.78652892        -137.40080228
     400          60.30123889          19.23287966        -156.54009116        -137.30721150
     500          61.72762728          19.68782150        -157.10161687        -137.41379537
     600          57.14347223          18.22572049        -155.66135485        -137.43563437
     700          59.33906643          18.92599796        -156.26728969        -137.34129173
     800          59.75647587          19.05912931        -156.36554426        -137.30641495
     900          54.35607344          17.33668891        -154.79957079        -137.46288188
    1000          58.38087656          18.62038648        -155.96230669        -137.34192021
    1100          59.80933564          19.07598876        -156.35932099        -137.28333224
    1200          59.35800355          18.93203789        -156.26587665        -137.33383876
    1300          62.28306286          19.86497583        -157.10909906        -137.24412324
    1400          56.93168792          18.15817258        -155.44501733        -137.28684474
    1500          58.26383349          18.58305599        -155.91700555        -137.33394956
    1600          57.40448498          18.30896964        -155.68941538        -137.38044574
    1700          62.93329516          20.07236526        -157.42260553        -137.35024027
    1800          53.45890134          17.05053885        -154.52525666        -137.47471781
    1900          59.48052540          18.97111582        -156.30527788        -137.33416206
    2000          62.75114395          20.01426874        -157.30132634        -137.28705761
    2100          57.86465886          18.45574056        -155.66814504        -137.21240447
    2200          60.48709290          19.29215718        -156.59447068        -137.30231349
    2300          53.81193894          17.16313902        -154.43944723        -137.27630821
    2400          59.52572193          18.98553111        -156.33952786        -137.35399675
    2500          58.92686582          18.79452794        -156.03041540        -137.23588745
    2600          61.65941060          19.66606401        -156.94491184        -137.27884783
    2700          58.81987810          18.76040456        -156.07031127        -137.30990671
    2800          53.15475447          16.95353222        -154.26693033        -137.31339812
    2900          54.95193280          17.52673627        -154.82877241        -137.30203614
    3000          55.99963571          17.86089763        -155.23428955        -137.37339192
    3100          56.97369995          18.17157218        -155.46229990        -137.29072772
    3200          54.82661066          17.48676519        -154.82426030        -137.33749511
    3300          58.17829049          18.55577233        -155.99088336        -137.43511103
    3400          57.28761597          18.27169465        -155.64132305        -137.36962839
    3500          55.43528203          17.68089890        -155.09613792        -137.41523902
    3600          55.08689168          17.56978096        -155.00142387        -137.43164291
    3700          56.84772574          18.13139313        -155.56340294        -137.43200981
    3800          51.62383726          16.46525126        -153.98190266        -137.51665140
    3900          52.18967074          16.64572197        -154.10777643        -137.46205446
    4000          52.04649002          16.60005496        -153.99308834        -137.39303339
    4100          56.74217338          18.09772755        -155.56866989        -137.47094233
    4200          51.99642353          16.58408642        -154.04230022        -137.45821380
    4300          51.52607932          16.43407169        -153.89660287        -137.46253118
    4400          53.08982605          16.93282351        -154.37627238        -137.44344886
    4500          55.28637440          17.63340531        -154.99849190        -137.36508659
    4600          50.52547735          16.11493302        -153.47943423        -137.36450121
    4700          54.84308896          17.49202089        -154.83692396        -137.34490307
    4800          51.56309324          16.44587716        -153.90062565        -137.45474849
    4900          44.22607248          14.10575878        -151.46146367        -137.35570489
    5000          51.64121106          16.47079258        -153.91069051        -137.43989793
    5100          52.24283549          16.66267869        -154.09039588        -137.42771719
    5200          52.22863694          16.65815011        -153.99942011        -137.34127000
    5300          55.36392318          17.65813923        -155.03884796        -137.38070873
    5400          51.98030906          16.57894676        -154.01052940        -137.43158264
    5500          48.28585834          15.40061398        -152.69929456        -137.29868057
    5600          52.95733833          16.89056700        -154.31013862        -137.41957163
    5700          50.17503803          16.00316156        -153.36474602        -137.36158445
    5800          55.58257496          17.72787749        -155.08153868        -137.35366119
    5900          53.18063504          16.96178674        -154.30380649        -137.34201975
    6000          52.96947859          16.89443909        -154.18936167        -137.29492258
    6100          47.16822949          15.04414998        -152.38586069        -137.34171071
    6200          51.52019255          16.43219413        -153.77439733        -137.34220320
    6300          53.49905016          17.06334418        -154.39334302        -137.32999884
    6400          54.57355168          17.40605287        -154.71744921        -137.31139634
    6500          49.69558015          15.85024007        -153.24286612        -137.39262605
    6600          53.57910606          17.08887775        -154.50138369        -137.41250594
    6700          56.50833026          18.02314406        -155.36926835        -137.34612429
    6800          50.96128673          16.25393297        -153.59189451        -137.33796154
    6900          52.83523111          16.85162131        -154.30004753        -137.44842623
    7000          51.46327254          16.41403968        -153.76812998        -137.35409030
    7100          55.26843904          17.62768488        -155.00188079        -137.37419591
    7200          51.97054436          16.57583234        -153.97696258        -137.40113024
    7300          55.16654366          17.59518569        -155.00826529        -137.41307960
    7400          49.68696421          15.84749204        -153.26468149        -137.41718945
    7500          55.67531982          17.75745816        -155.13659432        -137.37913616
    7600          50.96526425          16.25520159        -153.62873129        -137.37352970
    7700          56.28065957          17.95052926        -155.31366030        -137.36313104
    7800          54.55973530          17.40164618        -154.79897626        -137.39733007
    7900          58.32643216          18.60302162        -156.04039627        -137.43737465
    8000          52.75904282          16.82732130        -154.21707515        -137.38975385
    8100          50.30071513          16.04324586        -153.35387068        -137.31062482
    8200          56.37819350          17.98163738        -155.39971691        -137.41807953
    8300          54.82171842          17.48520483        -154.97681826        -137.49161343
    8400          56.06094279          17.88045132        -155.36809535        -137.48764404
    8500          53.67326115          17.11890820        -154.48507224        -137.36616404
    8600          57.67961555          18.39672162        -155.92027413        -137.52355251
    8700          50.47464842          16.09872130        -153.50753638        -137.40881508
    8800          54.10417806          17.25634772        -154.68803956        -137.43169185
    8900          49.10127319          15.66068784        -153.05756644        -137.39687860
    9000          48.73709752          15.54453522        -152.81948804        -137.27495282
    9100          55.96708030          17.85051419        -155.21222678        -137.36171259
    9200          54.38562482          17.34611422        -154.74981042        -137.40369620
    9300          53.30250354          17.00065629        -154.53567939        -137.53502310
    9400          47.01158799          14.99418969        -152.46438620        -137.47019650
    9500          54.21536357          17.29180996        -154.70072550        -137.40891553
    9600          54.72494055          17.45433785        -154.80472961        -137.35039177
    9700          50.38245160          16.06931543        -153.44276584        -137.37345040
    9800          51.02316318          16.27366826        -153.65903272        -137.38536446
    9900          54.40636398          17.35272891        -154.76202927        -137.40930036
   10000          51.24534207          16.34453148        -153.78540124        -137.44086976
Simulation Done.

- TIMING RESULTS -
Force: 10000
117 436 436 435 438 437 437 435 437 440 438 439 440 439 440 439 430 439 438 439 437 438 437 438 423 433 432 433 433 433 433 433 430 432 430 434 431 433 431 431 432 437 429 435 435 436 434 437 432 438 434 438 434 438 434 438 432 438 438 438 434 438 438 438 
KineticEnergy: 10000
0 0 0 0 0 0 0 0 0 0 0 0 0 0 0 0 0 0 0 0 0 0 0 0 0 0 0 0 0 0 0 0 0 0 0 0 0 0 0 0 0 0 0 0 0 0 0 0 0 0 0 0 0 0 0 0 0 0 0 0 0 0 0 0 
Propagate: 10000
0 0 0 0 0 0 0 0 0 0 0 0 0 0 0 0 0 0 0 0 0 0 0 0 4 0 0 0 0 0 0 0 2 0 4 0 0 0 0 0 1 0 4 0 0 0 0 0 0 0 0 0 0 0 0 0 0 0 0 0 0 0 0 0 
RunTime: 1
900 924 924 924 924 924 924 924 922 924 924 924 924 924 924 924 917 924 923 924 923 924 923 924 917 919 919 919 919 919 919 919 918 918 918 919 918 919 918 919 918 924 920 924 920 924 920 924 918 924 920 924 920 924 920 924 918 924 923 924 919 924 923 924 
Startup Time: 1
16 9 9 8 9 8 9 8 10 8 9 8 9 8 9 8 15 8 9 8 9 8 9 8 16 14 14 13 14 13 14 13 15 14 14 14 14 14 14 14 14 8 12 8 12 8 12 8 15 8 12 8 13 8 13 8 15 9 9 9 13 9 9 9 
Velverlet: 10000
0 0 0 0 0 0 0 0 0 0 1 0 0 0 0 0 0 0 0 0 0 0 0 0 2 0 1 0 0 0 0 0 3 0 0 0 0 0 0 0 0 0 0 0 0 0 0 0 0 0 0 0 0 0 0 0 0 0 0 0 0 0 0 0 
