LJMD version 1.0
Starting simulation with 108 atoms for 10000 steps, nPEs = 4, Thds = 16.
	NFI		TEMP		EKIN			EPOT			ETOT
       0          72.64160016          23.16879686        -160.48438434        -137.31558748
     100          65.43323663          20.86971328        -158.26635748        -137.39664420
     200          59.79291673          19.07075200        -156.47936252        -137.40861052
     300          57.64514280          18.38572665        -155.78652892        -137.40080228
     400          60.30123889          19.23287966        -156.54009116        -137.30721150
     500          61.72762728          19.68782150        -157.10161687        -137.41379537
     600          57.14347223          18.22572049        -155.66135485        -137.43563437
     700          59.33906643          18.92599796        -156.26728969        -137.34129173
     800          59.75647587          19.05912931        -156.36554426        -137.30641495
     900          54.35607344          17.33668891        -154.79957079        -137.46288188
    1000          58.38087656          18.62038648        -155.96230669        -137.34192021
    1100          59.80933564          19.07598876        -156.35932099        -137.28333224
    1200          59.35800355          18.93203789        -156.26587665        -137.33383876
    1300          62.28306286          19.86497583        -157.10909906        -137.24412324
    1400          56.93168792          18.15817258        -155.44501733        -137.28684474
    1500          58.26383349          18.58305599        -155.91700555        -137.33394956
    1600          57.40448498          18.30896964        -155.68941538        -137.38044574
    1700          62.93329516          20.07236526        -157.42260553        -137.35024027
    1800          53.45890134          17.05053885        -154.52525666        -137.47471781
    1900          59.48052540          18.97111582        -156.30527788        -137.33416206
    2000          62.75114394          20.01426874        -157.30132634        -137.28705761
    2100          57.86465886          18.45574056        -155.66814504        -137.21240447
    2200          60.48709290          19.29215718        -156.59447068        -137.30231349
    2300          53.81193894          17.16313902        -154.43944723        -137.27630821
    2400          59.52572192          18.98553111        -156.33952786        -137.35399675
    2500          58.92686584          18.79452795        -156.03041540        -137.23588745
    2600          61.65941060          19.66606401        -156.94491184        -137.27884783
    2700          58.81987810          18.76040456        -156.07031127        -137.30990671
    2800          53.15475426          16.95353215        -154.26693027        -137.31339812
    2900          54.95193271          17.52673624        -154.82877238        -137.30203614
    3000          55.99963497          17.86089740        -155.23428932        -137.37339192
    3100          56.97369946          18.17157203        -155.46229974        -137.29072772
    3200          54.82661097          17.48676529        -154.82426039        -137.33749510
    3300          58.17829005          18.55577219        -155.99088322        -137.43511103
    3400          57.28760937          18.27169255        -155.64132094        -137.36962839
    3500          55.43526965          17.68089495        -155.09613392        -137.41523897
    3600          55.08690549          17.56978536        -155.00142808        -137.43164272
    3700          56.84773030          18.13139458        -155.56340425        -137.43200967
    3800          51.62387208          16.46526237        -153.98190103        -137.51663866
    3900          52.18968340          16.64572601        -154.10776762        -137.46204161
    4000          52.04655955          16.60007713        -153.99308701        -137.39300988
    4100          56.74309694          18.09802212        -155.56889776        -137.47087564
    4200          51.99539921          16.58375971        -154.04194143        -137.45818172
    4300          51.52485630          16.43368161        -153.89613484        -137.46245322
    4400          53.09381144          16.93409464        -154.37740130        -137.44330666
    4500          55.28555827          17.63314500        -154.99821686        -137.36507186
    4600          50.51847272          16.11269892        -153.48111175        -137.36841283
    4700          54.85634988          17.49625042        -154.83341240        -137.33716198
    4800          51.58789198          16.45378663        -153.90831276        -137.45452613
    4900          44.14143870          14.07876512        -151.42592215        -137.34715703
    5000          51.70638295          16.49157894        -153.92690022        -137.43532129
    5100          52.17732918          16.64178567        -154.05736131        -137.41557564
    5200          51.85677169          16.53954492        -153.85311214        -137.31356721
    5300          54.60675417          17.41664269        -154.81636750        -137.39972481
    5400          50.03740094          15.95926267        -153.30770800        -137.34844533
    5500          45.92222916          14.64674231        -151.90103326        -137.25429095
    5600          51.76968613          16.51176927        -153.90322315        -137.39145387
    5700          49.84494276          15.89787878        -153.32100555        -137.42312678
    5800          53.39059100          17.02875150        -154.31493896        -137.28618746
    5900          47.78885457          15.24209628        -152.52421303        -137.28211674
    6000          53.18058075          16.96176942        -154.20502812        -137.24325869
    6100          51.09278175          16.29587287        -153.63288582        -137.33701295
    6200          50.99021098          16.26315827        -153.64293153        -137.37977326
    6300          52.41985629          16.71913889        -154.12396658        -137.40482769
    6400          52.55416430          16.76197598        -154.21721782        -137.45524184
    6500          51.44806583          16.40918955        -153.83363860        -137.42444905
    6600          52.23798795          16.66113258        -153.97569108        -137.31455850
    6700          53.67417489          17.11919963        -154.46140202        -137.34220239
    6800          52.39754081          16.71202144        -154.13235836        -137.42033692
    6900          50.66362279          16.15899405        -153.50511927        -137.34612522
    7000          48.96515455          15.61727325        -152.98260293        -137.36532968
    7100          51.01903039          16.27235012        -153.69684673        -137.42449660
    7200          50.84119485          16.21563007        -153.65595632        -137.44032625
    7300          52.74714233          16.82352568        -154.12613650        -137.30261082
    7400          45.35203542          14.46488092        -151.75199217        -137.28711125
    7500          50.86620296          16.22360632        -153.63635210        -137.41274578
    7600          49.14039852          15.67316673        -153.08506942        -137.41190268
    7700          51.24446986          16.34425329        -153.71762547        -137.37337218
    7800          48.25045222          15.38932132        -152.78162130        -137.39229998
    7900          52.68345780          16.80321371        -154.25590498        -137.45269127
    8000          51.15003060          16.31413220        -153.68008113        -137.36594892
    8100          51.03766948          16.27829500        -153.70698689        -137.42869189
    8200          48.58441457          15.49583750        -152.82248739        -137.32664988
    8300          50.58170529          16.13286673        -153.47045804        -137.33759130
    8400          51.31585325          16.36702079        -153.76360727        -137.39658649
    8500          53.58817886          17.09177149        -154.51623584        -137.42446435
    8600          53.80330608          17.16038560        -154.58949742        -137.42911183
    8700          51.48138272          16.41981586        -153.80174910        -137.38193324
    8800          58.74911742          18.73783568        -156.16676403        -137.42892834
    8900          53.77359727          17.15091007        -154.60744799        -137.45653792
    9000          55.12708928          17.58260185        -154.91452301        -137.33192117
    9100          53.01834360          16.91002442        -154.26844933        -137.35842490
    9200          53.58221117          17.08986811        -154.43206979        -137.34220168
    9300          55.85841627          17.81585616        -155.14670571        -137.33084955
    9400          54.84777493          17.49351546        -154.85641032        -137.36289486
    9500          55.67044699          17.75590398        -155.18845637        -137.43255239
    9600          56.29102440          17.95383508        -155.38591522        -137.43208014
    9700          55.70344865          17.76642975        -155.13637204        -137.36994229
    9800          52.65590580          16.79442609        -154.24229232        -137.44786622
    9900          55.21818299          17.61165588        -154.95826841        -137.34661253
   10000          54.64446771          17.42867130        -154.78264052        -137.35396921
Simulation Done.

- TIMING RESULTS -
Force: 10000
37 356 350 351 
KineticEnergy: 10000
0 0 0 0 
Propagate: 10000
7 0 0 0 
RunTime: 1
713 726 724 726 
Startup Time: 1
17 17 15 13 
Velverlet: 10000
6 0 0 0 
