LJMD version 1.0
Starting simulation with 108 atoms for 10000 steps, nPEs = 8, Thds = 16.
	NFI		TEMP		EKIN			EPOT			ETOT
       0          72.64160016          23.16879686        -160.48438434        -137.31558748
     100          65.43323663          20.86971328        -158.26635748        -137.39664420
     200          59.79291673          19.07075200        -156.47936252        -137.40861052
     300          57.64514280          18.38572665        -155.78652892        -137.40080228
     400          60.30123889          19.23287966        -156.54009116        -137.30721150
     500          61.72762728          19.68782150        -157.10161687        -137.41379537
     600          57.14347223          18.22572049        -155.66135485        -137.43563437
     700          59.33906643          18.92599796        -156.26728969        -137.34129173
     800          59.75647587          19.05912931        -156.36554426        -137.30641495
     900          54.35607344          17.33668891        -154.79957079        -137.46288188
    1000          58.38087656          18.62038648        -155.96230669        -137.34192021
    1100          59.80933564          19.07598876        -156.35932099        -137.28333224
    1200          59.35800355          18.93203789        -156.26587665        -137.33383876
    1300          62.28306286          19.86497583        -157.10909906        -137.24412324
    1400          56.93168792          18.15817258        -155.44501733        -137.28684474
    1500          58.26383349          18.58305599        -155.91700555        -137.33394956
    1600          57.40448498          18.30896964        -155.68941538        -137.38044574
    1700          62.93329516          20.07236526        -157.42260553        -137.35024027
    1800          53.45890134          17.05053885        -154.52525666        -137.47471781
    1900          59.48052540          18.97111582        -156.30527788        -137.33416206
    2000          62.75114394          20.01426874        -157.30132634        -137.28705761
    2100          57.86465886          18.45574056        -155.66814504        -137.21240447
    2200          60.48709290          19.29215718        -156.59447068        -137.30231349
    2300          53.81193894          17.16313902        -154.43944722        -137.27630821
    2400          59.52572193          18.98553111        -156.33952786        -137.35399675
    2500          58.92686582          18.79452794        -156.03041540        -137.23588745
    2600          61.65941059          19.66606401        -156.94491184        -137.27884783
    2700          58.81987813          18.76040457        -156.07031128        -137.30990671
    2800          53.15475438          16.95353219        -154.26693031        -137.31339812
    2900          54.95193261          17.52673621        -154.82877235        -137.30203614
    3000          55.99963496          17.86089739        -155.23428932        -137.37339192
    3100          56.97369979          18.17157213        -155.46229985        -137.29072772
    3200          54.82660992          17.48676495        -154.82426007        -137.33749511
    3300          58.17829320          18.55577319        -155.99088423        -137.43511103
    3400          57.28761514          18.27169439        -155.64132281        -137.36962842
    3500          55.43528205          17.68089891        -155.09613794        -137.41523903
    3600          55.08689557          17.56978220        -155.00142513        -137.43164293
    3700          56.84772351          18.13139241        -155.56340240        -137.43200998
    3800          51.62384105          16.46525247        -153.98189142        -137.51663895
    3900          52.18965949          16.64571838        -154.10776079        -137.46204241
    4000          52.04658547          16.60008540        -153.99309786        -137.39301246
    4100          56.74277602          18.09791976        -155.56883811        -137.47091835
    4200          51.99584579          16.58390215        -154.04212467        -137.45822252
    4300          51.52442276          16.43354334        -153.89610939        -137.46256605
    4400          53.09218002          16.93357430        -154.37700886        -137.44343456
    4500          55.28568265          17.63318468        -154.99837070        -137.36518603
    4600          50.52178395          16.11375502        -153.47834042        -137.36458540
    4700          54.84838816          17.49371105        -154.83479219        -137.34108114
    4800          51.58486092          16.45281989        -153.90732212        -137.45450223
    4900          44.18025141          14.09114430        -151.43830164        -137.34715734
    5000          51.73180581          16.49968747        -153.93091909        -137.43123162
    5100          52.25182949          16.66554730        -154.06914194        -137.40359464
    5200          51.47721373          16.41848617        -153.73174017        -137.31325400
    5300          54.09304030          17.25279536        -154.66407452        -137.41127916
    5400          48.39123391          15.43422317        -152.84850146        -137.41427829
    5500          46.32243285          14.77438595        -152.07942779        -137.30504184
    5600          48.45804399          15.45553202        -152.75271699        -137.29718497
    5700          57.62945555          18.38072325        -155.82410351        -137.44338026
    5800          49.14405625          15.67433336        -153.00377065        -137.32943730
    5900          51.37524717          16.38596428        -153.66837600        -137.28241173
    6000          51.20933297          16.33304650        -153.67469074        -137.34164424
    6100          55.17094733          17.59659023        -154.89531335        -137.29872312
    6200          48.16819073          15.36308429        -152.67331160        -137.31022731
    6300          55.32109488          17.64447929        -154.98556467        -137.34108538
    6400          43.26143123          13.79808966        -151.12259017        -137.32450051
    6500          48.64235977          15.51431893        -152.84708002        -137.33276108
    6600          49.67139168          15.84252523        -153.15551135        -137.31298612
    6700          50.74303410          16.18432202        -153.51732786        -137.33300584
    6800          54.11390499          17.25945009        -154.58571788        -137.32626780
    6900          53.90745472          17.19360346        -154.52802139        -137.33441793
    7000          47.87515301          15.26962089        -152.62915597        -137.35953508
    7100          48.82203538          15.57162587        -152.94406994        -137.37244407
    7200          55.83158036          17.80729694        -155.23432812        -137.42703119
    7300          57.81234908          18.43905653        -155.76083405        -137.32177751
    7400          50.39611667          16.07367386        -153.47312713        -137.39945327
    7500          50.07804732          15.97222670        -153.36804691        -137.39582021
    7600          47.77569318          15.23789850        -152.66873901        -137.43084051
    7700          53.18317549          16.96259701        -154.39846835        -137.43587135
    7800          54.08271893          17.24950340        -154.61431505        -137.36481166
    7900          46.42422907          14.80685352        -152.08480301        -137.27794949
    8000          49.70339795          15.85273353        -153.16567646        -137.31294294
    8100          51.03258888          16.27667456        -153.54439842        -137.26772386
    8200          50.71686337          16.17597496        -153.63486281        -137.45888785
    8300          49.09765761          15.65953466        -153.08252132        -137.42298665
    8400          59.36687355          18.93486694        -156.35808511        -137.42321817
    8500          53.86677261          17.18062803        -154.58348799        -137.40285995
    8600          59.12038949          18.85625167        -156.30695573        -137.45070406
    8700          48.48431811          15.46391207        -152.81981576        -137.35590369
    8800          51.20978193          16.33318969        -153.70864571        -137.37545602
    8900          53.02809597          16.91313491        -154.26528493        -137.35215002
    9000          55.79612341          17.79598806        -155.17219131        -137.37620326
    9100          50.20581983          16.01297932        -153.33376813        -137.32078881
    9200          55.01012362          17.54529604        -154.94899208        -137.40369604
    9300          51.40924955          16.39680923        -153.80359963        -137.40679040
    9400          56.03913772          17.87349667        -155.28890628        -137.41540962
    9500          53.59869434          17.09512536        -154.43203890        -137.33691353
    9600          51.91810556          16.55910716        -153.92611087        -137.36700371
    9700          53.28282684          16.99438048        -154.48326770        -137.48888722
    9800          56.19666476          17.92373939        -155.35412262        -137.43038322
    9900          47.72824244          15.22276425        -152.55416141        -137.33139717
   10000          57.12878308          18.22103543        -155.70527324        -137.48423781
Simulation Done.

- TIMING RESULTS -
Force: 10000
6 66 77 77 81 82 77 76 
KineticEnergy: 10000
0 0 0 0 0 0 0 0 
Propagate: 10000
1 0 0 0 0 0 0 0 
RunTime: 1
680 683 691 690 696 695 691 690 
Startup Time: 1
37 37 27 31 24 25 28 31 
Velverlet: 10000
0 3 0 0 0 0 0 0 
