LJMD version 1.0
Starting simulation with 108 atoms for 10000 steps, nPEs = 4, Thds = 4.
	NFI		TEMP		EKIN			EPOT			ETOT
       0          72.64160016          23.16879686        -160.48438434        -137.31558748
     100          65.43323663          20.86971328        -158.26635748        -137.39664420
     200          59.79291673          19.07075200        -156.47936252        -137.40861052
     300          57.64514280          18.38572665        -155.78652892        -137.40080228
     400          60.30123889          19.23287966        -156.54009116        -137.30721150
     500          61.72762728          19.68782150        -157.10161687        -137.41379537
     600          57.14347223          18.22572049        -155.66135485        -137.43563437
     700          59.33906643          18.92599796        -156.26728969        -137.34129173
     800          59.75647587          19.05912931        -156.36554426        -137.30641495
     900          54.35607344          17.33668891        -154.79957079        -137.46288188
    1000          58.38087656          18.62038648        -155.96230669        -137.34192021
    1100          59.80933564          19.07598876        -156.35932099        -137.28333224
    1200          59.35800355          18.93203789        -156.26587665        -137.33383876
    1300          62.28306286          19.86497583        -157.10909906        -137.24412324
    1400          56.93168792          18.15817258        -155.44501733        -137.28684474
    1500          58.26383349          18.58305599        -155.91700555        -137.33394956
    1600          57.40448498          18.30896964        -155.68941538        -137.38044574
    1700          62.93329516          20.07236526        -157.42260553        -137.35024027
    1800          53.45890134          17.05053885        -154.52525666        -137.47471781
    1900          59.48052540          18.97111582        -156.30527788        -137.33416206
    2000          62.75114394          20.01426874        -157.30132634        -137.28705761
    2100          57.86465886          18.45574057        -155.66814504        -137.21240447
    2200          60.48709290          19.29215718        -156.59447068        -137.30231349
    2300          53.81193894          17.16313902        -154.43944723        -137.27630821
    2400          59.52572193          18.98553111        -156.33952786        -137.35399675
    2500          58.92686583          18.79452795        -156.03041540        -137.23588746
    2600          61.65941058          19.66606401        -156.94491184        -137.27884783
    2700          58.81987819          18.76040459        -156.07031130        -137.30990671
    2800          53.15475440          16.95353220        -154.26693031        -137.31339812
    2900          54.95193270          17.52673624        -154.82877238        -137.30203614
    3000          55.99963466          17.86089730        -155.23428922        -137.37339192
    3100          56.97369964          18.17157208        -155.46229979        -137.29072771
    3200          54.82660744          17.48676416        -154.82425926        -137.33749510
    3300          58.17829363          18.55577333        -155.99088436        -137.43511103
    3400          57.28760890          18.27169240        -155.64132082        -137.36962842
    3500          55.43526548          17.68089362        -155.09613262        -137.41523900
    3600          55.08690822          17.56978623        -155.00142900        -137.43164276
    3700          56.84783228          18.13142711        -155.56343115        -137.43200405
    3800          51.62374256          16.46522106        -153.98185047        -137.51662941
    3900          52.18979090          16.64576030        -154.10779460        -137.46203431
    4000          52.04631086          16.59999781        -153.99298438        -137.39298657
    4100          56.74128913          18.09744552        -155.56829656        -137.47085103
    4200          51.99586748          16.58390906        -154.04203648        -137.45812741
    4300          51.52563861          16.43393113        -153.89628566        -137.46235453
    4400          53.08885824          16.93251483        -154.37589162        -137.44337679
    4500          55.29188309          17.63516229        -154.99614966        -137.36098737
    4600          50.51651042          16.11207305        -153.48012602        -137.36805297
    4700          54.82057375          17.48483974        -154.82126460        -137.33642486
    4800          51.57765910          16.45052289        -153.91618255        -137.46565965
    4900          44.24605798          14.11213309        -151.45092275        -137.33878966
    5000          51.38058976          16.38766828        -153.82272358        -137.43505530
    5100          51.40325801          16.39489824        -153.81766159        -137.42276335
    5200          52.00059658          16.58541740        -153.87477010        -137.28935270
    5300          55.84182757          17.81056525        -155.20177936        -137.39121411
    5400          51.62264751          16.46487180        -153.83618140        -137.37130961
    5500          52.52061206          16.75127460        -154.19007199        -137.43879739
    5600          52.06123546          16.60475796        -154.08603757        -137.48127961
    5700          48.89118436          15.59368070        -153.08675944        -137.49307873
    5800          50.02545870          15.95545373        -153.29597825        -137.34052451
    5900          57.00895872          18.18281785        -155.55127388        -137.36845603
    6000          49.19612510          15.69094054        -153.12915254        -137.43821200
    6100          53.23678241          16.97969476        -154.43783891        -137.45814415
    6200          50.78435864          16.19750235        -153.52640093        -137.32889858
    6300          55.69538647          17.76385835        -155.14433820        -137.38047986
    6400          55.78528627          17.79253159        -155.22810562        -137.43557403
    6500          49.65034704          15.83581312        -153.27488987        -137.43907675
    6600          53.45301830          17.04866247        -154.48804082        -137.43937835
    6700          50.23403674          16.02197901        -153.45232249        -137.43034348
    6800          50.51867037          16.11276196        -153.52029438        -137.40753242
    6900          52.81240933          16.84434237        -154.27919486        -137.43485249
    7000          54.55183468          17.39912630        -154.75208473        -137.35295842
    7100          49.93033426          15.92511411        -153.32503314        -137.39991903
    7200          52.84621600          16.85512490        -154.25037045        -137.39524555
    7300          51.65068210          16.47381334        -153.88158514        -137.40777180
    7400          55.40393149          17.67089975        -155.01600354        -137.34510379
    7500          48.56696089          15.49027071        -152.82334703        -137.33307632
    7600          50.37172472          16.06589413        -153.41496650        -137.34907237
    7700          54.82919220          17.48758856        -154.92220792        -137.43461935
    7800          52.02182648          16.59218860        -153.88181482        -137.28962622
    7900          49.22197950          15.69918671        -152.96209893        -137.26291221
    8000          50.04899447          15.96296039        -153.28778108        -137.32482069
    8100          52.80106866          16.84072530        -154.30273478        -137.46200947
    8200          50.52152139          16.11367128        -153.45825688        -137.34458560
    8300          51.93755382          16.56531012        -153.93342306        -137.36811294
    8400          48.76045455          15.55198487        -153.01026250        -137.45827763
    8500          53.64307042          17.10927897        -154.46092771        -137.35164874
    8600          50.27222238          16.03415819        -153.48722456        -137.45306637
    8700          49.18300042          15.68675447        -153.05396618        -137.36721171
    8800          53.03605417          16.91567315        -154.25883184        -137.34315869
    8900          50.97017016          16.25676631        -153.63961935        -137.38285304
    9000          51.00172890          16.26683187        -153.59469049        -137.32785862
    9100          54.27818499          17.31184665        -154.67932236        -137.36747571
    9200          55.66528211          17.75425666        -155.16983285        -137.41557619
    9300          50.55732599          16.12509104        -153.45022652        -137.32513548
    9400          52.32763853          16.68972634        -154.05690397        -137.36717763
    9500          51.65134806          16.47402574        -153.83794280        -137.36391706
    9600          50.87271116          16.22568209        -153.53417599        -137.30849390
    9700          53.44687770          17.04670395        -154.44091639        -137.39421244
    9800          51.03226866          16.27657242        -153.74154692        -137.46497449
    9900          49.57514558          15.81182786        -153.23739542        -137.42556756
   10000          54.78234551          17.47264697        -154.96840841        -137.49576144
Simulation Done.

- TIMING RESULTS -
Force: 10000
6 41 50 41 
KineticEnergy: 10000
0 0 0 0 
Propagate: 10000
0 0 0 0 
RunTime: 1
330 332 340 332 
Startup Time: 1
16 15 7 16 
Velverlet: 10000
0 0 0 0 
