LJMD version 1.0
Starting simulation with 78732 atoms for 20 steps, nPEs = 32, Thds = 2.
	NFI		TEMP		EKIN			EPOT			ETOT
       0          71.96990686       16890.05291324     -122097.78543733     -105207.73252409
       5          70.75285384       16604.43228639     -121809.07486244     -105204.64257605
      10          68.54614858       16086.55793729     -121291.84036390     -105205.28242661
      15          66.28981949       15557.03776251     -120761.98955692     -105204.95179440
      20          64.75450416       15196.72665073     -120405.58768951     -105208.86103879
Simulation Done.

- TIMING RESULTS -
Force: 20
16228 16796 16797 16797 16797 16798 16796 16795 16797 16796 16797 16798 16797 16797 16798 16773 16798 16795 16796 16795 16796 16795 16792 16808 16792 16796 16796 16795 16798 16797 16795 16795 
KineticEnergy: 20
0 0 0 0 0 0 0 0 0 0 0 0 0 0 0 0 0 0 0 0 0 0 0 0 0 0 0 0 0 0 0 0 
Propagate: 20
4 0 0 0 0 0 0 0 0 0 0 0 0 0 0 0 0 0 0 0 0 0 0 0 4 0 0 0 0 0 0 0 
RunTime: 1
16656 16841 16841 16841 16841 16841 16841 16837 16841 16841 16841 16842 16841 16842 16842 16816 16841 16842 16841 16842 16841 16842 16842 16852 16841 16841 16841 16841 16842 16841 16841 16841 
Startup Time: 1
1057 1056 1057 1056 1057 1056 1056 990 1057 1056 1056 1024 1056 1024 1024 1019 1057 1056 1057 1056 1057 1055 1057 996 1057 1056 1057 1056 1056 1056 1056 1055 
Velverlet: 20
0 0 0 0 0 0 0 0 0 0 0 0 0 1 0 0 0 0 0 0 0 1 0 0 0 0 1 1 0 0 1 1 
