LJMD version 1.0
Starting simulation with 78732 atoms for 20 steps, nPEs = 16, Thds = 8.
	NFI		TEMP		EKIN			EPOT			ETOT
       0          71.96990686       16890.05291324     -122097.78543733     -105207.73252409
       5          70.75285384       16604.43228639     -121809.07486244     -105204.64257605
      10          68.54614858       16086.55793729     -121291.84036390     -105205.28242661
      15          66.28981949       15557.03776251     -120761.98955692     -105204.95179440
      20          64.75450416       15196.72665073     -120405.58768951     -105208.86103878
Simulation Done.

- TIMING RESULTS -
Force: 20
8118 8624 8619 8629 8615 8621 8630 8631 8622 8623 8622 8627 8628 8627 8627 8629 
KineticEnergy: 20
0 0 0 0 0 0 0 0 0 0 0 0 0 0 0 0 
Propagate: 20
4 0 0 0 3 0 0 0 0 0 0 0 0 0 0 0 
RunTime: 1
8569 8656 8653 8661 8653 8656 8656 8661 8657 8655 8656 8656 8661 8657 8657 8654 
Startup Time: 1
659 655 659 650 659 655 655 650 656 657 656 651 651 651 651 644 
Velverlet: 20
0 0 0 0 0 0 0 0 0 0 0 0 0 0 0 0 
