LJMD version 1.0
Starting simulation with 108 atoms for 10000 steps, nPEs = 8, Thds = 8.
	NFI		TEMP		EKIN			EPOT			ETOT
       0          72.64160016          23.16879686        -160.48438434        -137.31558748
     100          65.43323663          20.86971328        -158.26635748        -137.39664420
     200          59.79291673          19.07075200        -156.47936252        -137.40861052
     300          57.64514280          18.38572665        -155.78652892        -137.40080228
     400          60.30123889          19.23287966        -156.54009116        -137.30721150
     500          61.72762728          19.68782150        -157.10161687        -137.41379537
     600          57.14347223          18.22572049        -155.66135485        -137.43563437
     700          59.33906643          18.92599796        -156.26728969        -137.34129173
     800          59.75647587          19.05912931        -156.36554426        -137.30641495
     900          54.35607344          17.33668891        -154.79957079        -137.46288188
    1000          58.38087656          18.62038648        -155.96230669        -137.34192021
    1100          59.80933564          19.07598876        -156.35932099        -137.28333224
    1200          59.35800355          18.93203789        -156.26587665        -137.33383876
    1300          62.28306286          19.86497583        -157.10909906        -137.24412324
    1400          56.93168792          18.15817258        -155.44501733        -137.28684474
    1500          58.26383349          18.58305599        -155.91700555        -137.33394956
    1600          57.40448498          18.30896964        -155.68941538        -137.38044574
    1700          62.93329516          20.07236526        -157.42260553        -137.35024027
    1800          53.45890134          17.05053885        -154.52525666        -137.47471781
    1900          59.48052540          18.97111582        -156.30527788        -137.33416206
    2000          62.75114395          20.01426874        -157.30132634        -137.28705761
    2100          57.86465886          18.45574056        -155.66814504        -137.21240447
    2200          60.48709291          19.29215718        -156.59447068        -137.30231349
    2300          53.81193894          17.16313902        -154.43944722        -137.27630821
    2400          59.52572193          18.98553111        -156.33952786        -137.35399675
    2500          58.92686584          18.79452795        -156.03041540        -137.23588745
    2600          61.65941061          19.66606402        -156.94491184        -137.27884783
    2700          58.81987810          18.76040457        -156.07031128        -137.30990671
    2800          53.15475435          16.95353218        -154.26693030        -137.31339812
    2900          54.95193301          17.52673634        -154.82877247        -137.30203614
    3000          55.99963535          17.86089752        -155.23428944        -137.37339192
    3100          56.97369993          18.17157218        -155.46229989        -137.29072771
    3200          54.82661109          17.48676533        -154.82426042        -137.33749510
    3300          58.17829196          18.55577280        -155.99088381        -137.43511102
    3400          57.28760752          18.27169196        -155.64132036        -137.36962840
    3500          55.43527505          17.68089668        -155.09613562        -137.41523894
    3600          55.08688376          17.56977843        -155.00142114        -137.43164271
    3700          56.84773723          18.13139679        -155.56340632        -137.43200953
    3800          51.62384172          16.46525269        -153.98190379        -137.51665111
    3900          52.18971103          16.64573482        -154.10776973        -137.46203491
    4000          52.04659237          16.60008760        -153.99309246        -137.39300486
    4100          56.74175178          18.09759308        -155.56850627        -137.47091319
    4200          51.99736875          16.58438789        -154.04257282        -137.45818493
    4300          51.52439768          16.43353534        -153.89608697        -137.46255163
    4400          53.08792638          16.93221762        -154.37561478        -137.44339716
    4500          55.28241028          17.63214096        -154.99719145        -137.36505049
    4600          50.51682916          16.11217471        -153.47659141        -137.36441670
    4700          54.84830743          17.49368530        -154.83448465        -137.34079935
    4800          51.58135056          16.45170027        -153.90209541        -137.45039513
    4900          44.23104112          14.10734351        -151.45817498        -137.35083147
    5000          51.64144736          16.47086795        -153.91800920        -137.44714126
    5100          52.06478841          16.60589117        -154.03693566        -137.43104449
    5200          52.27895923          16.67420024        -153.99535399        -137.32115376
    5300          55.09492790          17.57234408        -154.97608866        -137.40374458
    5400          52.48095633          16.73862654        -154.13414089        -137.39551435
    5500          47.59194934          15.17929401        -152.46515823        -137.28586422
    5600          52.72343145          16.81596317        -154.23868580        -137.42272262
    5700          52.20362564          16.65017284        -154.02989713        -137.37972429
    5800          48.95142952          15.61289570        -152.92974835        -137.31685265
    5900          53.51676272          17.06899355        -154.47693765        -137.40794411
    6000          55.47508697          17.69359455        -155.10935423        -137.41575968
    6100          49.13753990          15.67225499        -153.10662027        -137.43436528
    6200          55.09365909          17.57193940        -154.98363581        -137.41169641
    6300          48.21714433          15.37869788        -152.83266044        -137.45396256
    6400          50.25284837          16.02797891        -153.49739733        -137.46941841
    6500          54.00348581          17.22423226        -154.58156150        -137.35732924
    6600          57.83166717          18.44521797        -155.90041474        -137.45519677
    6700          49.50046985          15.78801029        -153.23933233        -137.45132204
    6800          55.26492023          17.62656257        -155.12475249        -137.49818992
    6900          50.05971571          15.96637989        -153.34580036        -137.37942047
    7000          53.51269872          17.06769735        -154.53805392        -137.47035657
    7100          51.92284556          16.56061897        -153.91705967        -137.35644071
    7200          52.25893182          16.66781256        -154.19225157        -137.52443901
    7300          54.26669102          17.30818068        -154.77046679        -137.46228611
    7400          50.04818036          15.96270073        -153.37296822        -137.41026749
    7500          55.79190910          17.79464392        -155.22899888        -137.43435496
    7600          57.02121297          18.18672630        -155.75490361        -137.56817730
    7700          52.29246613          16.67850822        -154.10859767        -137.43008945
    7800          54.00122819          17.22351220        -154.63000627        -137.40649408
    7900          55.40617669          17.67161585        -155.14100145        -137.46938561
    8000          55.29595417          17.63646074        -155.08218040        -137.44571965
    8100          59.74128297          19.05428359        -156.45824718        -137.40396359
    8200          52.69190381          16.80590754        -154.18241346        -137.37650592
    8300          52.89002855          16.86909876        -154.30421777        -137.43511901
    8400          55.16309864          17.59408691        -154.93099917        -137.33691225
    8500          53.58378252          17.09036929        -154.41985324        -137.32948395
    8600          53.28240918          16.99424726        -154.37862527        -137.38437800
    8700          59.47721007          18.97005841        -156.36307063        -137.39301222
    8800          56.34938601          17.97244933        -155.32587457        -137.35342524
    8900          55.33733212          17.64965810        -154.94784365        -137.29818555
    9000          56.93765407          18.16007547        -155.54058724        -137.38051177
    9100          54.23971741          17.29957754        -154.62995743        -137.33037989
    9200          54.60184104          17.41507567        -154.74106164        -137.32598598
    9300          53.53087540          17.07349474        -154.45343029        -137.37993555
    9400          52.70250863          16.80928991        -154.07681428        -137.26752437
    9500          54.92012107          17.51659003        -154.84700338        -137.33041336
    9600          51.82659517          16.52992022        -153.89508338        -137.36516316
    9700          52.69977470          16.80841793        -154.25961076        -137.45119283
    9800          48.74816947          15.54806658        -152.98728306        -137.43921648
    9900          51.08618723          16.29376957        -153.68988338        -137.39611380
   10000          49.43165998          15.76606361        -153.15538592        -137.38932231
Simulation Done.

- TIMING RESULTS -
Force: 10000
3 18 17 17 21 20 22 18 
KineticEnergy: 10000
0 0 0 0 0 0 0 0 
Propagate: 10000
0 0 0 1 0 0 0 0 
RunTime: 1
458 461 460 461 464 462 464 461 
Startup Time: 1
25 23 24 23 20 22 20 23 
Velverlet: 10000
0 0 0 0 0 0 0 0 
