LJMD version 1.0
Starting simulation with 108 atoms for 10000 steps, nPEs = 128, Thds = 2.
	NFI		TEMP		EKIN			EPOT			ETOT
       0          72.64160016          23.16879686        -160.48438434        -137.31558748
     100          65.43323663          20.86971328        -158.26635748        -137.39664420
     200          59.79291673          19.07075200        -156.47936252        -137.40861052
     300          57.64514280          18.38572665        -155.78652892        -137.40080228
     400          60.30123889          19.23287966        -156.54009116        -137.30721150
     500          61.72762728          19.68782150        -157.10161687        -137.41379537
     600          57.14347223          18.22572049        -155.66135485        -137.43563437
     700          59.33906643          18.92599796        -156.26728969        -137.34129173
     800          59.75647587          19.05912931        -156.36554426        -137.30641495
     900          54.35607344          17.33668891        -154.79957079        -137.46288188
    1000          58.38087656          18.62038648        -155.96230669        -137.34192021
    1100          59.80933564          19.07598876        -156.35932099        -137.28333224
    1200          59.35800355          18.93203789        -156.26587665        -137.33383876
    1300          62.28306286          19.86497583        -157.10909906        -137.24412324
    1400          56.93168792          18.15817258        -155.44501733        -137.28684474
    1500          58.26383349          18.58305599        -155.91700555        -137.33394956
    1600          57.40448498          18.30896964        -155.68941538        -137.38044574
    1700          62.93329516          20.07236526        -157.42260553        -137.35024027
    1800          53.45890134          17.05053885        -154.52525666        -137.47471781
    1900          59.48052540          18.97111582        -156.30527788        -137.33416206
    2000          62.75114395          20.01426874        -157.30132634        -137.28705761
    2100          57.86465886          18.45574056        -155.66814504        -137.21240447
    2200          60.48709290          19.29215718        -156.59447068        -137.30231349
    2300          53.81193894          17.16313902        -154.43944723        -137.27630821
    2400          59.52572193          18.98553111        -156.33952786        -137.35399675
    2500          58.92686583          18.79452794        -156.03041540        -137.23588745
    2600          61.65941060          19.66606401        -156.94491184        -137.27884783
    2700          58.81987810          18.76040457        -156.07031128        -137.30990671
    2800          53.15475446          16.95353221        -154.26693033        -137.31339812
    2900          54.95193264          17.52673622        -154.82877236        -137.30203614
    3000          55.99963569          17.86089762        -155.23428955        -137.37339192
    3100          56.97369980          18.17157214        -155.46229985        -137.29072772
    3200          54.82661121          17.48676537        -154.82426047        -137.33749511
    3300          58.17828839          18.55577166        -155.99088269        -137.43511103
    3400          57.28761294          18.27169368        -155.64132206        -137.36962838
    3500          55.43527936          17.68089805        -155.09613702        -137.41523898
    3600          55.08689123          17.56978081        -155.00142362        -137.43164281
    3700          56.84772589          18.13139317        -155.56340288        -137.43200971
    3800          51.62384899          16.46525501        -153.98190633        -137.51665133
    3900          52.18963760          16.64571140        -154.10776573        -137.46205433
    4000          52.04641541          16.60003116        -153.99305651        -137.39302535
    4100          56.74223797          18.09774815        -155.56867747        -137.47092932
    4200          51.99642737          16.58408764        -154.04228669        -137.45819905
    4300          51.52589985          16.43401445        -153.89657802        -137.46256357
    4400          53.08932452          16.93266355        -154.37616356        -137.44350001
    4500          55.28636270          17.63340157        -154.99853995        -137.36513837
    4600          50.52301360          16.11414722        -153.47868577        -137.36453855
    4700          54.83969765          17.49093924        -154.82806986        -137.33713062
    4800          51.57016843          16.44813377        -153.89915967        -137.45102590
    4900          44.24086153          14.11047570        -151.46220183        -137.35172614
    5000          51.60419062          16.45898503        -153.89501203        -137.43602700
    5100          52.15207688          16.63373153        -154.06539001        -137.43165848
    5200          52.32893416          16.69013957        -154.03125624        -137.34111667
    5300          55.46353581          17.68991035        -155.07024594        -137.38033559
    5400          52.36124435          16.70044480        -154.11979632        -137.41935152
    5500          49.79499177          15.88194707        -153.19997425        -137.31802717
    5600          53.76134246          17.14700144        -154.63385022        -137.48684878
    5700          50.51964840          16.11307390        -153.49032432        -137.37725043
    5800          52.54776078          16.75993360        -154.13997286        -137.38003927
    5900          51.79713751          16.52052480        -153.84662484        -137.32610004
    6000          55.06114101          17.56156787        -154.93505639        -137.37348852
    6100          54.33243468          17.32914941        -154.82747218        -137.49832278
    6200          50.43844669          16.08717488        -153.50291364        -137.41573876
    6300          52.98972710          16.90089729        -154.34101634        -137.44011905
    6400          51.92681178          16.56188398        -153.92689255        -137.36500857
    6500          52.37941557          16.70624045        -154.09476892        -137.38852847
    6600          49.51886213          15.79387644        -153.15064677        -137.35677033
    6700          53.13865853          16.94839847        -154.38348328        -137.43508481
    6800          51.55805704          16.44427088        -153.80215296        -137.35788208
    6900          48.50170374          15.46945716        -152.83429110        -137.36483394
    7000          53.24951812          16.98375677        -154.39903081        -137.41527404
    7100          47.75004009          15.22971653        -152.63855314        -137.40883660
    7200          53.35116013          17.01617515        -154.45131657        -137.43514142
    7300          56.24246141          17.93834608        -155.44841415        -137.51006807
    7400          50.39077802          16.07197112        -153.39768223        -137.32571111
    7500          53.89981396          17.19116646        -154.49766515        -137.30649869
    7600          49.11789128          15.66598812        -153.02314594        -137.35715782
    7700          56.17693840          17.91744773        -155.24302491        -137.32557718
    7800          55.04191087          17.55543448        -154.86571274        -137.31027826
    7900          55.45432199          17.68697163        -155.09186747        -137.40489584
    8000          53.74790292          17.14271494        -154.55540613        -137.41269118
    8100          54.61999949          17.42086724        -154.78665377        -137.36578653
    8200          53.68934471          17.12403800        -154.43095325        -137.30691526
    8300          51.88315667          16.54796033        -153.93592483        -137.38796451
    8400          47.64582133          15.19647631        -152.54574750        -137.34927120
    8500          51.60858402          16.46038629        -153.82567226        -137.36528597
    8600          53.50965611          17.06672691        -154.33432048        -137.26759357
    8700          50.15859683          15.99791770        -153.33594206        -137.33802436
    8800          51.65156024          16.47409341        -153.88681960        -137.41272619
    8900          56.20385418          17.92603243        -155.20912751        -137.28309507
    9000          57.15737092          18.23015343        -155.53706710        -137.30691367
    9100          53.66353554          17.11580625        -154.41876452        -137.30295827
    9200          53.95039321          17.20729855        -154.59675546        -137.38945691
    9300          44.22969676          14.10691473        -151.42890999        -137.32199526
    9400          49.48980483          15.78460871        -153.14596504        -137.36135632
    9500          54.45512865          17.36828224        -154.73349909        -137.36521685
    9600          51.07540822          16.29033164        -153.67879433        -137.38846268
    9700          52.84057525          16.85332580        -154.17964896        -137.32632316
    9800          50.59585296          16.13737909        -153.58443028        -137.44705119
    9900          49.82447477          15.89135058        -153.33810673        -137.44675615
   10000          54.42463911          17.35855770        -154.73511848        -137.37656078
Simulation Done.

- TIMING RESULTS -
Force: 10000
109 323 325 323 321 325 323 325 323 325 323 323 320 321 323 324 324 324 324 325 324 325 323 323 323 324 323 322 324 324 325 325 318 327 325 325 324 325 324 323 321 326 320 321 325 326 324 326 321 322 322 323 321 324 321 322 321 322 321 321 321 320 323 323 327 326 323 323 323 326 324 324 326 325 322 327 326 328 325 325 318 323 322 321 320 321 322 324 321 321 323 323 322 324 322 324 323 323 323 323 325 323 326 324 324 324 325 326 325 326 325 325 320 325 322 324 321 326 320 325 329 327 325 325 328 329 326 326 
KineticEnergy: 10000
0 0 0 0 0 0 0 0 0 0 0 0 0 0 0 0 0 0 0 0 0 0 0 0 0 0 0 0 0 0 0 0 0 0 0 0 0 0 0 0 0 0 0 0 0 0 0 0 0 0 0 0 0 0 0 0 0 0 0 0 0 0 0 0 0 0 0 0 0 0 0 0 0 0 0 0 0 0 0 0 0 0 0 0 0 0 0 0 0 0 0 0 0 0 0 0 0 0 0 0 0 0 0 0 0 0 0 0 0 0 0 0 0 0 0 0 0 0 0 0 0 0 0 0 0 0 0 0 
Propagate: 10000
0 0 0 0 0 0 0 0 2 0 0 0 4 0 0 0 0 0 0 0 0 0 0 0 0 0 0 0 0 0 0 0 0 0 0 0 0 0 0 0 0 0 0 0 0 0 0 0 0 0 0 0 0 0 0 0 0 0 0 0 0 0 0 0 0 0 0 0 0 0 0 0 0 0 0 0 0 0 0 0 0 0 0 0 1 0 0 0 0 0 0 0 0 0 0 0 0 0 0 0 0 0 0 0 0 0 0 0 0 0 0 0 4 0 0 0 0 0 0 0 0 0 0 0 0 0 0 0 
RunTime: 1
913 945 944 945 944 945 944 945 944 945 944 945 944 945 944 945 944 945 944 945 944 945 944 945 944 945 944 945 944 945 944 945 941 945 944 945 944 945 944 945 941 945 941 941 944 945 944 945 944 944 944 944 944 944 944 944 944 944 944 944 944 944 944 944 938 945 943 945 943 945 943 945 943 945 943 945 943 945 943 945 939 945 944 945 941 945 941 945 944 945 944 945 944 945 944 945 938 944 944 944 944 944 944 944 944 944 944 944 944 944 944 944 941 945 945 945 941 945 941 945 945 945 945 945 945 945 945 945 
Startup Time: 1
18 12 12 12 12 12 12 12 12 12 12 12 12 12 12 12 14 13 14 13 14 13 14 13 14 13 14 13 14 13 14 13 16 12 12 12 12 12 12 12 16 12 16 16 12 12 12 12 14 13 14 13 14 13 14 13 14 13 14 13 14 13 14 13 18 11 13 11 13 11 13 11 13 11 13 11 13 11 13 11 17 12 12 12 15 12 15 12 12 12 12 12 12 12 12 12 18 12 12 12 12 12 12 12 12 12 12 12 12 12 12 12 16 12 13 12 16 12 16 12 13 12 13 12 13 12 13 12 
Velverlet: 10000
0 0 0 0 0 0 0 0 0 0 0 0 0 0 0 0 0 0 0 0 0 0 0 0 0 0 0 0 0 0 0 0 0 0 0 0 0 0 0 0 0 0 0 0 0 0 0 0 0 0 0 0 0 0 0 0 0 0 0 0 0 0 0 0 0 0 0 0 0 0 0 0 0 0 0 0 0 0 0 0 0 0 0 0 0 0 0 0 0 0 0 0 0 0 0 0 0 0 0 0 0 0 0 0 0 0 0 0 0 0 0 0 0 0 0 0 0 0 0 0 0 0 0 0 0 0 0 0 
