LJMD version 1.0
Starting simulation with 78732 atoms for 20 steps, nPEs = 8, Thds = 8.
	NFI		TEMP		EKIN			EPOT			ETOT
       0          71.96990686       16890.05291324     -122097.78543733     -105207.73252409
       5          70.75285384       16604.43228639     -121809.07486244     -105204.64257605
      10          68.54614858       16086.55793729     -121291.84036390     -105205.28242661
      15          66.28981949       15557.03776251     -120761.98955692     -105204.95179440
      20          64.75450416       15196.72665073     -120405.58768951     -105208.86103879
Simulation Done.

- TIMING RESULTS -
Force: 20
16254 16687 16685 16687 16681 16686 16686 16686 
KineticEnergy: 20
1 0 0 0 0 0 0 0 
Propagate: 20
0 0 0 0 0 0 0 0 
RunTime: 1
16620 16714 16714 16714 16714 16714 16714 16714 
Startup Time: 1
1040 1040 1040 1039 1039 1039 1039 1038 
Velverlet: 20
0 0 0 0 3 0 0 0 
