LJMD version 1.0
Starting simulation with 108 atoms for 10000 steps, nPEs = 2, Thds = 32.
	NFI		TEMP		EKIN			EPOT			ETOT
       0          72.64160016          23.16879686        -160.48438434        -137.31558748
     100          65.43323663          20.86971328        -158.26635748        -137.39664420
     200          59.79291673          19.07075200        -156.47936252        -137.40861052
     300          57.64514280          18.38572665        -155.78652892        -137.40080228
     400          60.30123889          19.23287966        -156.54009116        -137.30721150
     500          61.72762728          19.68782150        -157.10161687        -137.41379537
     600          57.14347223          18.22572049        -155.66135485        -137.43563437
     700          59.33906643          18.92599796        -156.26728969        -137.34129173
     800          59.75647587          19.05912931        -156.36554426        -137.30641495
     900          54.35607344          17.33668891        -154.79957079        -137.46288188
    1000          58.38087656          18.62038648        -155.96230669        -137.34192021
    1100          59.80933564          19.07598876        -156.35932099        -137.28333224
    1200          59.35800355          18.93203789        -156.26587665        -137.33383876
    1300          62.28306286          19.86497583        -157.10909906        -137.24412324
    1400          56.93168792          18.15817258        -155.44501733        -137.28684474
    1500          58.26383349          18.58305599        -155.91700555        -137.33394956
    1600          57.40448498          18.30896964        -155.68941538        -137.38044574
    1700          62.93329516          20.07236526        -157.42260553        -137.35024027
    1800          53.45890134          17.05053885        -154.52525666        -137.47471781
    1900          59.48052540          18.97111582        -156.30527788        -137.33416206
    2000          62.75114394          20.01426874        -157.30132634        -137.28705761
    2100          57.86465886          18.45574056        -155.66814504        -137.21240447
    2200          60.48709290          19.29215718        -156.59447068        -137.30231349
    2300          53.81193894          17.16313902        -154.43944723        -137.27630821
    2400          59.52572193          18.98553111        -156.33952786        -137.35399675
    2500          58.92686581          18.79452794        -156.03041539        -137.23588746
    2600          61.65941059          19.66606401        -156.94491184        -137.27884783
    2700          58.81987814          18.76040458        -156.07031129        -137.30990671
    2800          53.15475446          16.95353221        -154.26693033        -137.31339812
    2900          54.95193277          17.52673626        -154.82877240        -137.30203614
    3000          55.99963523          17.86089748        -155.23428940        -137.37339193
    3100          56.97369925          18.17157196        -155.46229968        -137.29072772
    3200          54.82660718          17.48676408        -154.82425919        -137.33749511
    3300          58.17829132          18.55577259        -155.99088363        -137.43511104
    3400          57.28761508          18.27169437        -155.64132279        -137.36962842
    3500          55.43527159          17.68089557        -155.09613462        -137.41523905
    3600          55.08691328          17.56978785        -155.00143078        -137.43164293
    3700          56.84784781          18.13143206        -155.56343622        -137.43200416
    3800          51.62375246          16.46522422        -153.98185853        -137.51663432
    3900          52.18988509          16.64579034        -154.10782945        -137.46203911
    4000          52.04644676          16.60004116        -153.99305971        -137.39301855
    4100          56.74138975          18.09747762        -155.56833923        -137.47086162
    4200          51.99616192          16.58400297        -154.04215891        -137.45815594
    4300          51.52672207          16.43427670        -153.89667414        -137.46239745
    4400          53.08949749          16.93271872        -154.37612829        -137.44340956
    4500          55.29233772          17.63530729        -154.99634696        -137.36103968
    4600          50.52174281          16.11374190        -153.48201978        -137.36827788
    4700          54.83627653          17.48984809        -154.83032681        -137.34047872
    4800          51.59021447          16.45452739        -153.91629942        -137.46177203
    4900          44.23194477          14.10763173        -151.44647829        -137.33884656
    5000          51.37928450          16.38725197        -153.82220499        -137.43495301
    5100          51.48081453          16.41963464        -153.85416744        -137.43453280
    5200          52.12629649          16.62550896        -153.92270317        -137.29719421
    5300          55.68476273          17.76046994        -155.13227940        -137.37180947
    5400          51.93479997          16.56443179        -153.90867283        -137.34424104
    5500          51.07118082          16.28898333        -153.66131536        -137.37233203
    5600          50.53093518          16.11667378        -153.53238830        -137.41571453
    5700          50.87510742          16.22644637        -153.67744155        -137.45099518
    5800          55.95725477          17.84738037        -155.21225772        -137.36487735
    5900          54.80110454          17.47863010        -154.84696320        -137.36833310
    6000          50.55126162          16.12315683        -153.55047317        -137.42731634
    6100          54.39006474          17.34753032        -154.82952804        -137.48199772
    6200          50.36015287          16.06220333        -153.50802914        -137.44582581
    6300          53.45778166          17.05018173        -154.46106782        -137.41088609
    6400          49.84349612          15.89741737        -153.19807689        -137.30065952
    6500          53.23284076          16.97843758        -154.44850815        -137.47007057
    6600          52.20045421          16.64916132        -154.03259057        -137.38342925
    6700          53.80502718          17.16093454        -154.59502785        -137.43409332
    6800          56.26944409          17.94695212        -155.43274544        -137.48579333
    6900          48.48053397          15.46270513        -152.95923096        -137.49652584
    7000          49.76088175          15.87106780        -153.29702883        -137.42596104
    7100          51.57607274          16.45001693        -153.86832112        -137.41830419
    7200          53.73409923          17.13831230        -154.52563373        -137.38732143
    7300          52.67691739          16.80112767        -154.22031001        -137.41918234
    7400          53.44451641          17.04595082        -154.31579768        -137.26984686
    7500          51.04756573          16.28145137        -153.58209973        -137.30064835
    7600          50.67098472          16.16134211        -153.59579007        -137.43444796
    7700          52.68462856          16.80358712        -154.13221500        -137.32862788
    7800          46.51722139          14.83651311        -152.22744514        -137.39093203
    7900          51.23005669          16.33965626        -153.67633002        -137.33667376
    8000          48.96850075          15.61834051        -153.04474581        -137.42640530
    8100          50.09029484          15.97613301        -153.40256988        -137.42643687
    8200          55.35225755          17.65441852        -155.09805447        -137.44363595
    8300          52.04688175          16.60017990        -153.97695571        -137.37677581
    8400          53.31264322          17.00389031        -154.35596109        -137.35207078
    8500          53.69235645          17.12499858        -154.48600551        -137.36100693
    8600          52.99302272          16.90194841        -154.29443953        -137.39249112
    8700          54.16649836          17.27622457        -154.71946851        -137.44324394
    8800          50.54532152          16.12126225        -153.47375107        -137.35248882
    8900          54.26748565          17.30843413        -154.74335521        -137.43492108
    9000          53.85832908          17.17793500        -154.52311287        -137.34517786
    9100          51.64413357          16.47172470        -153.88307751        -137.41135281
    9200          48.08648970          15.33702602        -152.81083107        -137.47380505
    9300          53.33430052          17.01079783        -154.45316786        -137.44237003
    9400          52.26799197          16.67070227        -154.13311195        -137.46240969
    9500          49.00678308          15.63055053        -153.03739116        -137.40684062
    9600          50.79014593          16.19934818        -153.56654478        -137.36719660
    9700          48.24281028          15.38688395        -152.78919647        -137.40231252
    9800          51.80832827          16.52409406        -153.90327918        -137.37918512
    9900          54.49698867          17.38163335        -154.71763073        -137.33599738
   10000          53.63680089          17.10727932        -154.48609468        -137.37881535
Simulation Done.

- TIMING RESULTS -
Force: 10000
4 157 
KineticEnergy: 10000
0 0 
Propagate: 10000
0 1 
RunTime: 1
673 679 
Startup Time: 1
16 13 
Velverlet: 10000
12 0 
