LJMD version 1.0
Starting simulation with 78732 atoms for 20 steps, nPEs = 32, Thds = 4.
	NFI		TEMP		EKIN			EPOT			ETOT
       0          71.96990686       16890.05291324     -122097.78543733     -105207.73252409
       5          70.75285384       16604.43228639     -121809.07486244     -105204.64257605
      10          68.54614858       16086.55793729     -121291.84036390     -105205.28242661
      15          66.28981949       15557.03776251     -120761.98955692     -105204.95179440
      20          64.75450416       15196.72665073     -120405.58768951     -105208.86103878
Simulation Done.

- TIMING RESULTS -
Force: 20
9067 9578 9578 9579 9576 9578 9578 9574 9576 9577 9575 9576 9574 9580 9578 9579 9577 9578 9578 9568 9577 9568 9569 9586 9578 9570 9570 9600 9569 9599 9599 9586 
KineticEnergy: 20
0 0 0 0 0 0 0 0 0 0 0 0 3 0 0 0 0 0 0 0 0 0 0 0 0 0 0 0 0 0 0 0 
Propagate: 20
0 0 0 0 2 0 0 0 0 0 1 0 0 0 0 0 0 0 0 0 0 0 0 0 0 0 0 0 0 0 0 0 
RunTime: 1
9509 9614 9614 9614 9614 9614 9614 9607 9614 9614 9614 9614 9614 9613 9613 9614 9614 9614 9614 9605 9614 9605 9605 9619 9614 9605 9605 9636 9605 9636 9636 9622 
Startup Time: 1
703 702 702 701 703 701 702 685 703 702 702 701 702 702 702 700 703 702 702 688 702 689 689 667 701 687 688 653 688 653 654 650 
Velverlet: 20
0 0 0 0 0 0 0 0 0 0 0 0 0 0 0 0 0 0 0 0 0 0 0 0 0 0 0 0 0 0 0 0 
