LJMD version 1.0
Starting simulation with 78732 atoms for 20 steps, nPEs = 16, Thds = 2.
	NFI		TEMP		EKIN			EPOT			ETOT
       0          71.96990686       16890.05291324     -122097.78543733     -105207.73252409
       5          70.75285384       16604.43228639     -121809.07486244     -105204.64257605
      10          68.54614858       16086.55793729     -121291.84036390     -105205.28242661
      15          66.28981949       15557.03776251     -120761.98955692     -105204.95179440
      20          64.75450416       15196.72665073     -120405.58768951     -105208.86103878
Simulation Done.

- TIMING RESULTS -
Force: 20
30049 30452 30450 30456 30453 30452 30449 30457 30450 30450 30454 30468 30460 30468 30470 30471 
KineticEnergy: 20
0 0 0 0 0 0 0 0 0 0 0 0 0 0 0 0 
Propagate: 20
0 0 0 0 0 0 0 0 0 0 0 0 0 0 0 0 
RunTime: 1
30397 30495 30496 30501 30495 30495 30496 30501 30494 30494 30495 30513 30501 30513 30513 30514 
Startup Time: 1
1742 1743 1743 1736 1742 1742 1742 1736 1743 1741 1741 1703 1735 1704 1704 1703 
Velverlet: 20
0 0 0 0 0 0 0 0 0 0 0 0 0 0 0 0 
