LJMD version 1.0
Starting simulation with 78732 atoms for 20 steps, nPEs = 8, Thds = 4.
	NFI		TEMP		EKIN			EPOT			ETOT
       0          71.96990686       16890.05291324     -122097.78543733     -105207.73252409
       5          70.75285384       16604.43228639     -121809.07486244     -105204.64257605
      10          68.54614858       16086.55793729     -121291.84036390     -105205.28242661
      15          66.28981949       15557.03776251     -120761.98955692     -105204.95179440
      20          64.75450416       15196.72665073     -120405.58768951     -105208.86103878
Simulation Done.

- TIMING RESULTS -
Force: 20
34437 34836 34836 34837 34834 34837 34832 34837 
KineticEnergy: 20
0 0 0 0 0 0 0 0 
Propagate: 20
0 0 0 0 4 0 0 0 
RunTime: 1
34794 34871 34871 34872 34871 34871 34871 34872 
Startup Time: 1
1905 1904 1905 1903 1905 1904 1904 1903 
Velverlet: 20
0 0 0 0 0 0 3 0 
