LJMD version 1.0
Starting simulation with 108 atoms for 10000 steps, nPEs = 4, Thds = 8.
	NFI		TEMP		EKIN			EPOT			ETOT
       0          72.64160016          23.16879686        -160.48438434        -137.31558748
     100          65.43323663          20.86971328        -158.26635748        -137.39664420
     200          59.79291673          19.07075200        -156.47936252        -137.40861052
     300          57.64514280          18.38572665        -155.78652892        -137.40080228
     400          60.30123889          19.23287966        -156.54009116        -137.30721150
     500          61.72762728          19.68782150        -157.10161687        -137.41379537
     600          57.14347223          18.22572049        -155.66135485        -137.43563437
     700          59.33906643          18.92599796        -156.26728969        -137.34129173
     800          59.75647587          19.05912931        -156.36554426        -137.30641495
     900          54.35607344          17.33668891        -154.79957079        -137.46288188
    1000          58.38087656          18.62038648        -155.96230669        -137.34192021
    1100          59.80933564          19.07598876        -156.35932099        -137.28333224
    1200          59.35800355          18.93203789        -156.26587665        -137.33383876
    1300          62.28306286          19.86497583        -157.10909906        -137.24412324
    1400          56.93168792          18.15817258        -155.44501733        -137.28684474
    1500          58.26383349          18.58305599        -155.91700555        -137.33394956
    1600          57.40448498          18.30896964        -155.68941538        -137.38044574
    1700          62.93329516          20.07236526        -157.42260553        -137.35024027
    1800          53.45890134          17.05053885        -154.52525666        -137.47471781
    1900          59.48052540          18.97111582        -156.30527788        -137.33416206
    2000          62.75114395          20.01426874        -157.30132634        -137.28705761
    2100          57.86465886          18.45574056        -155.66814504        -137.21240447
    2200          60.48709290          19.29215718        -156.59447068        -137.30231349
    2300          53.81193894          17.16313902        -154.43944723        -137.27630821
    2400          59.52572193          18.98553111        -156.33952786        -137.35399675
    2500          58.92686585          18.79452795        -156.03041541        -137.23588745
    2600          61.65941060          19.66606402        -156.94491184        -137.27884783
    2700          58.81987811          18.76040457        -156.07031128        -137.30990671
    2800          53.15475433          16.95353217        -154.26693029        -137.31339812
    2900          54.95193276          17.52673626        -154.82877240        -137.30203614
    3000          55.99963518          17.86089746        -155.23428938        -137.37339192
    3100          56.97369981          18.17157214        -155.46229985        -137.29072771
    3200          54.82661085          17.48676525        -154.82426035        -137.33749510
    3300          58.17829058          18.55577236        -155.99088338        -137.43511103
    3400          57.28761011          18.27169278        -155.64132119        -137.36962841
    3500          55.43527074          17.68089530        -155.09613426        -137.41523897
    3600          55.08690159          17.56978412        -155.00142683        -137.43164271
    3700          56.84772425          18.13139265        -155.56340227        -137.43200962
    3800          51.62386369          16.46525969        -153.98189820        -137.51663851
    3900          52.18963009          16.64570901        -154.10775043        -137.46204143
    4000          52.04656432          16.60007865        -153.99308800        -137.39300935
    4100          56.74289698          18.09795834        -155.56887202        -137.47091368
    4200          51.99562036          16.58383025        -154.04204336        -137.45821311
    4300          51.52478134          16.43365771        -153.89618597        -137.46252826
    4400          53.09302789          16.93384473        -154.37725493        -137.44341020
    4500          55.28601874          17.63329187        -154.99849572        -137.36520385
    4600          50.51809694          16.11257906        -153.48108912        -137.36851006
    4700          54.84886471          17.49386305        -154.83117828        -137.33731523
    4800          51.59337503          16.45553544        -153.91038038        -137.45484494
    4900          44.15321187          14.08252013        -151.42626021        -137.34374008
    5000          51.69459620          16.48781959        -153.92391026        -137.43609067
    5100          52.11506571          16.62192694        -154.03792669        -137.41599975
    5200          51.92133770          16.56013804        -153.88974027        -137.32960223
    5300          54.61697535          17.41990271        -154.83185401        -137.41195131
    5400          50.32707807          16.05165423        -153.41619421        -137.36453998
    5500          47.28150345          15.08027833        -152.37500981        -137.29473148
    5600          51.51002531          16.42895132        -153.82902048        -137.40006916
    5700          48.32014706          15.41155026        -152.85508122        -137.44353097
    5800          49.83401648          15.89439388        -153.27927889        -137.38488501
    5900          52.63307073          16.78714292        -154.03115479        -137.24401186
    6000          47.96331958          15.29774132        -152.65881077        -137.36106945
    6100          50.95507903          16.25195305        -153.62570292        -137.37374987
    6200          57.99097200          18.49602772        -155.87012570        -137.37409799
    6300          53.52709742          17.07228976        -154.51603172        -137.44374196
    6400          53.88487969          17.18640323        -154.63812065        -137.45171742
    6500          49.61782521          15.82544039        -153.20653912        -137.38109873
    6600          48.37561637          15.42924201        -152.77067709        -137.34143508
    6700          51.91910819          16.55942694        -153.87335351        -137.31392657
    6800          51.74950869          16.50533375        -153.88627443        -137.38094068
    6900          55.04402610          17.55610912        -154.83456770        -137.27845858
    7000          51.06402347          16.28670052        -153.63999684        -137.35329632
    7100          52.56967346          16.76692258        -154.16295371        -137.39603113
    7200          52.78349125          16.83511905        -154.23944326        -137.40432422
    7300          52.74169318          16.82178769        -154.18265022        -137.36086252
    7400          53.60217291          17.09623484        -154.50885020        -137.41261535
    7500          57.38747106          18.30354310        -155.70459776        -137.40105466
    7600          56.03823263          17.87320799        -155.25822366        -137.38501566
    7700          53.48679187          17.05943444        -154.39237624        -137.33294180
    7800          56.63768307          18.06440071        -155.46876316        -137.40436244
    7900          49.14088047          15.67332045        -153.02597379        -137.35265334
    8000          57.35132724          18.29201515        -155.65381629        -137.36180114
    8100          55.74594672          17.77998437        -155.12936394        -137.34937957
    8200          49.30332908          15.72513290        -153.13585828        -137.41072539
    8300          46.66428572          14.88341879        -152.30579146        -137.42237267
    8400          50.31381716          16.04742471        -153.36064103        -137.31321633
    8500          54.26639016          17.30808472        -154.64457178        -137.33648706
    8600          54.13407751          17.26588405        -154.57553089        -137.30964684
    8700          53.53664454          17.07533479        -154.51767943        -137.44234464
    8800          51.23791472          16.34216255        -153.75288695        -137.41072440
    8900          54.76530713          17.46721263        -154.89061608        -137.42340345
    9000          55.82911110          17.80650937        -155.12415611        -137.31764674
    9100          52.72553488          16.81663406        -154.19338032        -137.37674626
    9200          50.16650236          16.00043914        -153.44722849        -137.44678935
    9300          50.69315695          16.16841387        -153.60318255        -137.43476868
    9400          48.93577592          15.60790303        -153.02745650        -137.41955347
    9500          52.54527659          16.75914127        -154.17453348        -137.41539221
    9600          52.43139578          16.72281937        -154.02373472        -137.30091535
    9700          47.80556848          15.24742713        -152.56026957        -137.31284244
    9800          50.09251724          15.97684183        -153.25082679        -137.27398495
    9900          51.31786363          16.36766199        -153.72388791        -137.35622592
   10000          51.49631982          16.42458000        -153.86682321        -137.44224321
Simulation Done.

- TIMING RESULTS -
Force: 10000
5 206 222 224 
KineticEnergy: 10000
0 0 0 0 
Propagate: 10000
4 0 0 0 
RunTime: 1
509 511 527 528 
Startup Time: 1
33 32 16 14 
Velverlet: 10000
0 0 0 0 
