LJMD version 1.0
Starting simulation with 78732 atoms for 20 steps, nPEs = 16, Thds = 16.
	NFI		TEMP		EKIN			EPOT			ETOT
       0          71.96990686       16890.05291324     -122097.78543733     -105207.73252409
       5          70.75285384       16604.43228639     -121809.07486244     -105204.64257605
      10          68.54614858       16086.55793729     -121291.84036390     -105205.28242661
      15          66.28981949       15557.03776251     -120761.98955692     -105204.95179440
      20          64.75450416       15196.72665073     -120405.58768951     -105208.86103878
Simulation Done.

- TIMING RESULTS -
Force: 20
4415 4921 4914 4926 4919 4921 4919 4926 4922 4919 4919 4926 4925 4926 4921 4925 
KineticEnergy: 20
0 0 0 0 0 0 0 0 0 0 0 0 0 0 0 0 
Propagate: 20
4 0 4 0 0 0 0 0 0 0 0 0 0 0 5 0 
RunTime: 1
4854 4948 4945 4952 4945 4948 4946 4952 4948 4946 4945 4952 4952 4952 4952 4952 
Startup Time: 1
459 455 459 451 459 456 457 450 455 457 458 451 452 451 451 450 
Velverlet: 20
0 0 0 0 0 0 0 0 0 0 0 0 0 0 0 0 
