LJMD version 1.0
Starting simulation with 108 atoms for 10000 steps, nPEs = 2, Thds = 8.
	NFI		TEMP		EKIN			EPOT			ETOT
       0          72.64160016          23.16879686        -160.48438434        -137.31558748
     100          65.43323663          20.86971328        -158.26635748        -137.39664420
     200          59.79291673          19.07075200        -156.47936252        -137.40861052
     300          57.64514280          18.38572665        -155.78652892        -137.40080228
     400          60.30123889          19.23287966        -156.54009116        -137.30721150
     500          61.72762728          19.68782150        -157.10161687        -137.41379537
     600          57.14347223          18.22572049        -155.66135485        -137.43563437
     700          59.33906643          18.92599796        -156.26728969        -137.34129173
     800          59.75647587          19.05912931        -156.36554426        -137.30641495
     900          54.35607344          17.33668891        -154.79957079        -137.46288188
    1000          58.38087656          18.62038648        -155.96230669        -137.34192021
    1100          59.80933564          19.07598876        -156.35932099        -137.28333224
    1200          59.35800355          18.93203789        -156.26587665        -137.33383876
    1300          62.28306286          19.86497583        -157.10909906        -137.24412324
    1400          56.93168792          18.15817258        -155.44501733        -137.28684474
    1500          58.26383349          18.58305599        -155.91700555        -137.33394956
    1600          57.40448498          18.30896964        -155.68941538        -137.38044574
    1700          62.93329516          20.07236526        -157.42260553        -137.35024027
    1800          53.45890134          17.05053885        -154.52525666        -137.47471781
    1900          59.48052540          18.97111582        -156.30527788        -137.33416206
    2000          62.75114394          20.01426874        -157.30132634        -137.28705761
    2100          57.86465886          18.45574056        -155.66814504        -137.21240447
    2200          60.48709290          19.29215718        -156.59447068        -137.30231349
    2300          53.81193894          17.16313902        -154.43944723        -137.27630821
    2400          59.52572193          18.98553111        -156.33952786        -137.35399675
    2500          58.92686583          18.79452795        -156.03041540        -137.23588745
    2600          61.65941059          19.66606401        -156.94491184        -137.27884783
    2700          58.81987813          18.76040457        -156.07031128        -137.30990671
    2800          53.15475427          16.95353216        -154.26693027        -137.31339812
    2900          54.95193294          17.52673631        -154.82877245        -137.30203614
    3000          55.99963474          17.86089732        -155.23428924        -137.37339192
    3100          56.97370008          18.17157222        -155.46229994        -137.29072771
    3200          54.82660997          17.48676497        -154.82426007        -137.33749510
    3300          58.17829206          18.55577283        -155.99088384        -137.43511101
    3400          57.28761186          18.27169334        -155.64132173        -137.36962839
    3500          55.43526487          17.68089343        -155.09613239        -137.41523896
    3600          55.08691488          17.56978836        -155.00143108        -137.43164272
    3700          56.84772142          18.13139175        -155.56340143        -137.43200968
    3800          51.62386041          16.46525865        -153.98189723        -137.51663858
    3900          52.18967402          16.64572301        -154.10776474        -137.46204172
    4000          52.04659426          16.60008820        -153.99309822        -137.39301002
    4100          56.74280938          18.09793040        -155.56884501        -137.47091461
    4200          51.99549458          16.58379013        -154.04200982        -137.45821969
    4300          51.52469909          16.43363147        -153.89619074        -137.46255927
    4400          53.09342042          16.93396993        -154.37734683        -137.44337690
    4500          55.28605834          17.63330450        -154.99848174        -137.36517723
    4600          50.52145214          16.11364919        -153.48208343        -137.36843424
    4700          54.84969235          17.49412702        -154.83130638        -137.33717936
    4800          51.58145040          16.45173212        -153.90633043        -137.45459832
    4900          44.14865357          14.08106628        -151.42828240        -137.34721612
    5000          51.69785120          16.48885776        -153.92467276        -137.43581499
    5100          52.21448918          16.65363773        -154.06158450        -137.40794677
    5200          51.63645358          16.46927520        -153.81428928        -137.34501408
    5300          54.41736345          17.35623715        -154.74417148        -137.38793432
    5400          49.45964046          15.77498789        -153.13921480        -137.36422692
    5500          46.31998082          14.77360388        -152.04404105        -137.27043717
    5600          48.91646383          15.60174351        -152.93855129        -137.33680779
    5700          50.22429530          16.01887201        -153.43447624        -137.41560423
    5800          49.41030940          15.75925391        -153.13193651        -137.37268260
    5900          52.90282298          16.87317951        -154.12935736        -137.25617786
    6000          57.06195745          18.19972162        -155.56563699        -137.36591537
    6100          52.96115291          16.89178364        -154.16322357        -137.27143992
    6200          48.20854539          15.37595528        -152.80738255        -137.43142728
    6300          50.68275285          16.16509552        -153.57319998        -137.40810446
    6400          50.64468861          16.15295506        -153.69065326        -137.53769820
    6500          49.14000210          15.67304030        -153.17517785        -137.50213755
    6600          52.27386192          16.67257447        -154.05650541        -137.38393095
    6700          55.72600022          17.77362250        -155.21390107        -137.44027857
    6800          57.64399063          18.38535917        -155.79505068        -137.40969152
    6900          51.13040005          16.30787110        -153.72768979        -137.41981869
    7000          54.35339241          17.33583380        -154.73636697        -137.40053316
    7100          53.00320926          16.90519738        -154.24742943        -137.34223205
    7200          50.66820471          16.16045544        -153.56485648        -137.40440105
    7300          49.90136144          15.91587333        -153.33211129        -137.41623796
    7400          50.70480224          16.17212810        -153.52126179        -137.34913369
    7500          48.89101991          15.59362825        -152.99011052        -137.39648226
    7600          48.85837704          15.58321692        -152.95978688        -137.37656996
    7700          52.27393930          16.67259915        -154.08463997        -137.41204082
    7800          50.88814645          16.23060512        -153.58331076        -137.35270564
    7900          52.91404895          16.87675999        -154.24159100        -137.36483101
    8000          53.76086862          17.14685031        -154.58680559        -137.43995528
    8100          50.77109571          16.19327218        -153.52349486        -137.33022268
    8200          50.04752353          15.96249124        -153.20252842        -137.24003718
    8300          49.29596949          15.72278558        -153.02514889        -137.30236331
    8400          56.45684329          18.00672247        -155.37646450        -137.36974203
    8500          50.04839435          15.96276899        -153.36761742        -137.40484843
    8600          51.68226619          16.48388698        -153.97966767        -137.49578069
    8700          53.25893463          16.98676013        -154.38820369        -137.40144355
    8800          46.72686482          14.90337818        -152.26856186        -137.36518367
    8900          51.79711874          16.52051882        -153.88230171        -137.36178289
    9000          53.03418768          16.91507784        -154.30789813        -137.39282029
    9100          52.69194534          16.80592078        -154.20635950        -137.40043872
    9200          54.20002810          17.28691877        -154.62157579        -137.33465702
    9300          53.88255310          17.18566117        -154.45313400        -137.26747283
    9400          53.92737142          17.19995582        -154.62440095        -137.42444513
    9500          55.91915716          17.83522926        -155.23657809        -137.40134883
    9600          54.14832526          17.27042832        -154.60890749        -137.33847917
    9700          49.84891208          15.89914478        -153.26857607        -137.36943129
    9800          50.44279985          16.08856331        -153.38396322        -137.29539991
    9900          51.23024056          16.33971490        -153.70865289        -137.36893799
   10000          53.19223141          16.96548536        -154.28841865        -137.32293329
Simulation Done.

- TIMING RESULTS -
Force: 10000
0 162 
KineticEnergy: 10000
0 0 
Propagate: 10000
0 0 
RunTime: 1
480 484 
Startup Time: 1
9 6 
Velverlet: 10000
0 0 
