LJMD version 1.0
Starting simulation with 108 atoms for 10000 steps, nPEs = 8, Thds = 2.
	NFI		TEMP		EKIN			EPOT			ETOT
       0          72.64160016          23.16879686        -160.48438434        -137.31558748
     100          65.43323663          20.86971328        -158.26635748        -137.39664420
     200          59.79291673          19.07075200        -156.47936252        -137.40861052
     300          57.64514280          18.38572665        -155.78652892        -137.40080228
     400          60.30123889          19.23287966        -156.54009116        -137.30721150
     500          61.72762728          19.68782150        -157.10161687        -137.41379537
     600          57.14347223          18.22572049        -155.66135485        -137.43563437
     700          59.33906643          18.92599796        -156.26728969        -137.34129173
     800          59.75647587          19.05912931        -156.36554426        -137.30641495
     900          54.35607344          17.33668891        -154.79957079        -137.46288188
    1000          58.38087656          18.62038648        -155.96230669        -137.34192021
    1100          59.80933564          19.07598876        -156.35932099        -137.28333224
    1200          59.35800355          18.93203789        -156.26587665        -137.33383876
    1300          62.28306286          19.86497583        -157.10909906        -137.24412324
    1400          56.93168792          18.15817258        -155.44501733        -137.28684474
    1500          58.26383349          18.58305599        -155.91700555        -137.33394956
    1600          57.40448498          18.30896964        -155.68941538        -137.38044574
    1700          62.93329516          20.07236526        -157.42260553        -137.35024027
    1800          53.45890134          17.05053885        -154.52525666        -137.47471781
    1900          59.48052540          18.97111582        -156.30527788        -137.33416206
    2000          62.75114394          20.01426874        -157.30132634        -137.28705761
    2100          57.86465886          18.45574056        -155.66814504        -137.21240447
    2200          60.48709291          19.29215718        -156.59447068        -137.30231349
    2300          53.81193894          17.16313902        -154.43944722        -137.27630821
    2400          59.52572193          18.98553111        -156.33952786        -137.35399675
    2500          58.92686585          18.79452795        -156.03041541        -137.23588745
    2600          61.65941060          19.66606401        -156.94491184        -137.27884783
    2700          58.81987816          18.76040458        -156.07031129        -137.30990671
    2800          53.15475437          16.95353218        -154.26693030        -137.31339812
    2900          54.95193303          17.52673634        -154.82877248        -137.30203614
    3000          55.99963509          17.86089743        -155.23428935        -137.37339192
    3100          56.97369987          18.17157216        -155.46229986        -137.29072771
    3200          54.82661028          17.48676507        -154.82426016        -137.33749509
    3300          58.17829182          18.55577275        -155.99088377        -137.43511102
    3400          57.28760632          18.27169157        -155.64131997        -137.36962839
    3500          55.43526526          17.68089355        -155.09613247        -137.41523892
    3600          55.08690111          17.56978396        -155.00142658        -137.43164262
    3700          56.84773394          18.13139574        -155.56340519        -137.43200945
    3800          51.62384011          16.46525217        -153.98189058        -137.51663841
    3900          52.18967470          16.64572323        -154.10776464        -137.46204140
    4000          52.04676078          16.60014131        -153.99315064        -137.39300933
    4100          56.74257642          18.09785610        -155.56872413        -137.47086803
    4200          51.99545723          16.58377822        -154.04192313        -137.45814492
    4300          51.52597431          16.43403820        -153.89645161        -137.46241341
    4400          53.09317249          16.93389085        -154.37721226        -137.44332141
    4500          55.28644461          17.63342770        -154.99845195        -137.36502425
    4600          50.51933744          16.11297472        -153.48129258        -137.36831786
    4700          54.84658347          17.49313545        -154.83000748        -137.33687203
    4800          51.58033406          16.45137606        -153.90206036        -137.45068430
    4900          44.17212567          14.08855263        -151.43203511        -137.34348248
    5000          51.63769719          16.46967184        -153.89726234        -137.42759049
    5100          51.92613711          16.56166880        -153.98477622        -137.42310742
    5200          52.31954356          16.68714448        -154.00830049        -137.32115602
    5300          55.42857769          17.67876057        -155.05894061        -137.38018004
    5400          51.57719836          16.45037594        -153.79535420        -137.34497826
    5500          48.60332569          15.50186914        -152.85071114        -137.34884200
    5600          47.73321889          15.22435147        -152.64334582        -137.41899435
    5700          49.92249682          15.92261438        -153.34971822        -137.42710384
    5800          51.89714523          16.55242193        -153.88940699        -137.33698506
    5900          55.29347195          17.63566905        -155.09050859        -137.45483954
    6000          51.76419634          16.51001832        -154.05462933        -137.54461101
    6100          44.98666322          14.34834667        -151.71546113        -137.36711446
    6200          54.44682460          17.36563369        -154.79276441        -137.42713072
    6300          52.49806003          16.74408171        -154.17859410        -137.43451239
    6400          59.64530052          19.02367030        -156.45818594        -137.43451564
    6500          50.55893303          16.12560360        -153.44245046        -137.31684686
    6600          47.62127687          15.18864793        -152.54149865        -137.35285072
    6700          46.33068645          14.77701841        -151.97298519        -137.19596678
    6800          48.40890171          15.43985826        -152.71514023        -137.27528197
    6900          48.07725123          15.33407944        -152.62773783        -137.29365839
    7000          54.43922282          17.36320913        -154.60207803        -137.23886890
    7100          54.50939067          17.38558893        -154.74257768        -137.35698875
    7200          54.91452646          17.51480564        -154.94290503        -137.42809938
    7300          50.99257582          16.26391252        -153.65974675        -137.39583423
    7400          54.68743229          17.44237471        -154.83100453        -137.38862981
    7500          50.34330951          16.05683119        -153.46901033        -137.41217914
    7600          52.98961976          16.90086305        -154.35965961        -137.45879656
    7700          54.65297259          17.43138390        -154.92906775        -137.49768385
    7800          54.84247368          17.49182465        -155.01397615        -137.52215150
    7900          50.62926954          16.14803720        -153.53601754        -137.38798035
    8000          48.83992939          15.57733310        -152.90211305        -137.32477995
    8100          48.61772942          15.50646316        -152.84818295        -137.34171979
    8200          51.98791227          16.58137178        -154.04400735        -137.46263557
    8300          48.69255519          15.53032859        -152.95692551        -137.42659691
    8400          49.73178549          15.86178764        -153.19105260        -137.32926496
    8500          48.43706917          15.44884217        -152.79380816        -137.34496599
    8600          47.65320333          15.19883077        -152.52109839        -137.32226762
    8700          52.13794548          16.62922437        -153.86112091        -137.23189654
    8800          49.99194607          15.94476499        -153.31031411        -137.36554911
    8900          59.92193311          19.11190135        -156.41085666        -137.29895531
    9000          51.03070293          16.27607304        -153.58200669        -137.30593365
    9100          54.69804560          17.44575979        -154.82755233        -137.38179253
    9200          54.98982371          17.53882145        -154.94460174        -137.40578029
    9300          54.70732253          17.44871864        -154.82975153        -137.38103289
    9400          54.22806512          17.29586108        -154.61925510        -137.32339402
    9500          56.21944958          17.93100653        -155.39006201        -137.45905547
    9600          51.88972030          16.55005377        -153.96244147        -137.41238769
    9700          54.35158288          17.33525666        -154.62286449        -137.28760783
    9800          58.81007928          18.75727926        -156.20139934        -137.44412008
    9900          52.66960731          16.79879615        -154.14873581        -137.34993967
   10000          50.85558056          16.22021834        -153.48789630        -137.26767795
Simulation Done.

- TIMING RESULTS -
Force: 10000
12 11 21 19 25 24 19 19 
KineticEnergy: 10000
0 0 0 0 0 0 0 0 
Propagate: 10000
0 4 0 0 0 0 0 0 
RunTime: 1
299 301 306 306 310 310 306 306 
Startup Time: 1
10 10 5 6 1 1 6 6 
Velverlet: 10000
0 0 0 0 0 0 0 0 
