LJMD version 1.0
Starting simulation with 108 atoms for 10000 steps, nPEs = 2, Thds = 4.
	NFI		TEMP		EKIN			EPOT			ETOT
       0          72.64160016          23.16879686        -160.48438434        -137.31558748
     100          65.43323663          20.86971328        -158.26635748        -137.39664420
     200          59.79291673          19.07075200        -156.47936252        -137.40861052
     300          57.64514280          18.38572665        -155.78652892        -137.40080228
     400          60.30123889          19.23287966        -156.54009116        -137.30721150
     500          61.72762728          19.68782150        -157.10161687        -137.41379537
     600          57.14347223          18.22572049        -155.66135485        -137.43563437
     700          59.33906643          18.92599796        -156.26728969        -137.34129173
     800          59.75647587          19.05912931        -156.36554426        -137.30641495
     900          54.35607344          17.33668891        -154.79957079        -137.46288188
    1000          58.38087656          18.62038648        -155.96230669        -137.34192021
    1100          59.80933564          19.07598876        -156.35932099        -137.28333224
    1200          59.35800355          18.93203789        -156.26587665        -137.33383876
    1300          62.28306286          19.86497583        -157.10909906        -137.24412324
    1400          56.93168792          18.15817258        -155.44501733        -137.28684474
    1500          58.26383349          18.58305599        -155.91700555        -137.33394956
    1600          57.40448498          18.30896964        -155.68941538        -137.38044574
    1700          62.93329516          20.07236526        -157.42260553        -137.35024027
    1800          53.45890134          17.05053885        -154.52525666        -137.47471781
    1900          59.48052540          18.97111582        -156.30527788        -137.33416206
    2000          62.75114395          20.01426874        -157.30132634        -137.28705761
    2100          57.86465886          18.45574056        -155.66814504        -137.21240447
    2200          60.48709290          19.29215718        -156.59447068        -137.30231349
    2300          53.81193893          17.16313902        -154.43944722        -137.27630821
    2400          59.52572194          18.98553111        -156.33952786        -137.35399675
    2500          58.92686584          18.79452795        -156.03041540        -137.23588745
    2600          61.65941060          19.66606401        -156.94491184        -137.27884783
    2700          58.81987817          18.76040459        -156.07031130        -137.30990671
    2800          53.15475426          16.95353215        -154.26693027        -137.31339812
    2900          54.95193300          17.52673633        -154.82877247        -137.30203614
    3000          55.99963493          17.86089738        -155.23428930        -137.37339192
    3100          56.97370009          18.17157223        -155.46229994        -137.29072771
    3200          54.82661159          17.48676549        -154.82426058        -137.33749509
    3300          58.17829138          18.55577261        -155.99088364        -137.43511102
    3400          57.28760590          18.27169144        -155.64131985        -137.36962841
    3500          55.43526338          17.68089295        -155.09613184        -137.41523888
    3600          55.08690829          17.56978625        -155.00142877        -137.43164251
    3700          56.84772720          18.13139359        -155.56340296        -137.43200937
    3800          51.62387853          16.46526443        -153.98190277        -137.51663834
    3900          52.18965644          16.64571741        -154.10775852        -137.46204111
    4000          52.04668604          16.60011748        -153.99312612        -137.39300864
    4100          56.74300667          18.09799333        -155.56886303        -137.47086971
    4200          51.99533582          16.58373949        -154.04191586        -137.45817637
    4300          51.52469828          16.43363121        -153.89612261        -137.46249139
    4400          53.09163422          16.93340022        -154.37674305        -137.44334283
    4500          55.28337080          17.63244732        -154.99758408        -137.36513676
    4600          50.51605429          16.11192757        -153.48043603        -137.36850846
    4700          54.85168343          17.49476207        -154.83201510        -137.33725303
    4800          51.59702604          16.45669991        -153.91141898        -137.45471906
    4900          44.12763391          14.07436213        -151.41797419        -137.34361206
    5000          51.70718715          16.49183543        -153.92777282        -137.43593739
    5100          52.06901239          16.60723839        -154.02701483        -137.41977644
    5200          51.85739471          16.53974364        -153.85754499        -137.31780135
    5300          54.47160204          17.37353637        -154.78547664        -137.41194027
    5400          50.44820249          16.09028646        -153.45086883        -137.36058237
    5500          46.64742180          14.87804010        -152.19190550        -137.31386541
    5600          51.87458907          16.54522772        -153.94934216        -137.40411444
    5700          45.83846181          14.62002500        -152.03930938        -137.41928438
    5800          48.99722903          15.62750330        -152.89471935        -137.26721605
    5900          55.43279131          17.68010449        -154.92814720        -137.24804271
    6000          49.20215824          15.69286479        -152.91690616        -137.22404137
    6100          58.90321221          18.78698370        -156.15257808        -137.36559438
    6200          52.79138476          16.83763666        -154.25389612        -137.41625947
    6300          54.62065945          17.42107774        -154.75565838        -137.33458064
    6400          55.18024464          17.59955557        -155.04769060        -137.44813502
    6500          56.76169054          18.10395248        -155.46228621        -137.35833373
    6600          54.81812894          17.48405997        -154.93196992        -137.44790995
    6700          51.79304948          16.51922094        -153.86531442        -137.34609348
    6800          52.32649798          16.68936256        -154.08311947        -137.39375690
    6900          49.71997303          15.85802010        -153.18808997        -137.33006988
    7000          45.76429891          14.59637099        -151.96506113        -137.36869014
    7100          49.93021971          15.92507757        -153.25508268        -137.33000510
    7200          50.33769085          16.05503914        -153.42387409        -137.36883495
    7300          55.63343945          17.74410055        -155.08232161        -137.33822105
    7400          53.59980171          17.09547855        -154.47299521        -137.37751666
    7500          51.14629553          16.31294092        -153.66250302        -137.34956210
    7600          54.34546874          17.33330658        -154.67160433        -137.33829775
    7700          49.53250894          15.79822905        -153.23394092        -137.43571187
    7800          51.67446312          16.48139821        -153.94472301        -137.46332480
    7900          52.07297693          16.60850287        -153.92368318        -137.31518031
    8000          52.13257068          16.62751009        -153.98926505        -137.36175495
    8100          57.02706599          18.18859310        -155.57015664        -137.38156354
    8200          55.44511119          17.68403388        -155.03437138        -137.35033751
    8300          53.40401582          17.03303330        -154.48187473        -137.44884144
    8400          53.33669862          17.01156270        -154.43209560        -137.42053291
    8500          53.20366071          16.96913070        -154.42899116        -137.45986046
    8600          60.37644234          19.25686555        -156.66228909        -137.40542354
    8700          57.11676403          18.21720200        -155.76320150        -137.54599950
    8800          57.22543373          18.25186183        -155.69296583        -137.44110399
    8900          57.29391706          18.27370437        -155.66338169        -137.38967733
    9000          58.83784717          18.76613574        -156.16729959        -137.40116385
    9100          52.16263009          16.63709745        -153.98804086        -137.35094342
    9200          54.26173875          17.30660117        -154.70437673        -137.39777556
    9300          56.56449563          18.04105782        -155.43466178        -137.39360396
    9400          52.94745356          16.88741428        -154.23430514        -137.34689086
    9500          52.91613832          16.87742639        -154.31383534        -137.43640894
    9600          51.92349861          16.56082726        -153.96288499        -137.40205773
    9700          45.89291092          14.63739136        -152.01853813        -137.38114677
    9800          52.15784405          16.63557095        -154.04881868        -137.41324772
    9900          50.14688918          15.99418358        -153.28156275        -137.28737916
   10000          53.81111992          17.16287779        -154.57949923        -137.41662144
Simulation Done.

- TIMING RESULTS -
Force: 10000
0 176 
KineticEnergy: 10000
0 0 
Propagate: 10000
0 0 
RunTime: 1
534 539 
Startup Time: 1
2 1 
Velverlet: 10000
0 0 
