LJMD version 1.0
Starting simulation with 78732 atoms for 20 steps, nPEs = 32, Thds = 8.
	NFI		TEMP		EKIN			EPOT			ETOT
       0          71.96990686       16890.05291324     -122097.78543733     -105207.73252409
       5          70.75285384       16604.43228639     -121809.07486244     -105204.64257605
      10          68.54614858       16086.55793729     -121291.84036390     -105205.28242661
      15          66.28981949       15557.03776251     -120761.98955692     -105204.95179440
      20          64.75450416       15196.72665073     -120405.58768951     -105208.86103878
Simulation Done.

- TIMING RESULTS -
Force: 20
4149 4582 4582 4584 4576 4582 4581 4609 4582 4581 4576 4603 4577 4606 4607 4607 4576 4585 4579 4581 4575 4582 4583 4598 4580 4581 4582 4580 4582 4579 4580 4597 
KineticEnergy: 20
0 0 0 0 0 0 0 0 0 0 0 0 0 0 0 0 0 0 0 0 0 0 0 0 0 0 0 0 0 0 0 0 
Propagate: 20
0 0 0 0 4 0 0 0 0 0 4 0 4 0 0 0 4 0 2 0 4 0 0 0 1 0 0 0 0 0 0 0 
RunTime: 1
4537 4612 4612 4612 4611 4612 4612 4637 4612 4612 4612 4635 4612 4635 4635 4635 4612 4612 4612 4612 4612 4612 4613 4629 4612 4612 4612 4611 4612 4612 4612 4626 
Startup Time: 1
472 471 472 470 472 470 471 442 472 471 471 444 471 445 445 444 472 471 471 471 471 470 470 453 471 471 471 470 471 471 471 451 
Velverlet: 20
0 0 0 0 0 0 0 0 0 0 0 0 0 0 0 0 0 0 0 0 0 0 0 0 0 0 0 0 0 0 0 0 
