LJMD version 1.0
Starting simulation with 78732 atoms for 20 steps, nPEs = 64, Thds = 2.
	NFI		TEMP		EKIN			EPOT			ETOT
       0          71.96990686       16890.05291324     -122097.78543733     -105207.73252409
       5          70.75285384       16604.43228639     -121809.07486244     -105204.64257605
      10          68.54614858       16086.55793729     -121291.84036390     -105205.28242661
      15          66.28981949       15557.03776251     -120761.98955692     -105204.95179440
      20          64.75450416       15196.72665073     -120405.58768951     -105208.86103878
Simulation Done.

- TIMING RESULTS -
Force: 20
8692 9207 9206 9209 9207 9207 9207 9287 9212 9209 9209 9276 9211 9275 9277 9267 9208 9209 9209 9242 9211 9244 9244 9263 9206 9242 9242 9242 9242 9242 9243 9244 9210 9207 9207 9207 9208 9209 9207 9256 9212 9203 9209 9229 9209 9228 9229 9208 9213 9213 9209 9208 9209 9208 9207 9253 9212 9210 9206 9198 9210 9198 9198 9177 
KineticEnergy: 20
0 0 0 0 0 0 0 0 0 0 0 0 0 0 0 0 0 0 0 0 0 0 0 0 0 0 0 0 0 0 0 0 0 0 0 0 0 0 0 0 0 0 0 0 0 0 0 0 0 0 0 0 0 0 0 0 0 0 0 0 0 0 0 0 
Propagate: 20
0 0 0 0 0 0 0 0 0 0 0 0 0 0 0 0 0 0 0 0 0 0 0 0 0 0 0 0 0 0 0 0 0 0 0 0 0 0 0 0 0 0 0 0 0 0 0 0 0 0 0 0 0 0 0 0 0 0 0 0 0 0 0 0 
RunTime: 1
9160 9255 9255 9256 9255 9255 9255 9334 9255 9255 9255 9324 9255 9324 9323 9315 9255 9254 9254 9288 9254 9288 9288 9305 9254 9288 9288 9289 9289 9289 9289 9289 9255 9256 9256 9255 9256 9254 9255 9301 9255 9255 9255 9279 9255 9279 9279 9255 9256 9256 9256 9256 9256 9256 9256 9297 9256 9256 9256 9247 9256 9246 9247 9224 
Startup Time: 1
641 640 641 638 641 639 639 506 641 639 639 524 639 524 525 522 641 638 640 576 640 577 577 548 639 576 576 575 577 575 576 574 640 638 639 637 639 638 638 591 639 638 638 613 639 613 614 612 639 638 638 637 639 637 638 585 639 638 638 636 638 637 637 635 
Velverlet: 20
0 0 0 0 0 0 0 0 0 0 0 0 0 0 0 0 0 0 0 0 0 0 0 0 0 1 0 0 1 0 0 0 0 0 0 0 0 0 0 1 0 1 0 0 0 0 0 0 0 0 0 1 0 0 0 0 0 0 0 0 0 0 0 0 
