LJMD version 1.0
Starting simulation with 78732 atoms for 20 steps, nPEs = 16, Thds = 8.
	NFI		TEMP		EKIN			EPOT			ETOT
       0          71.96990686       16890.05291324     -122097.78543733     -105207.73252409
       5          70.75285384       16604.43228639     -121809.07486244     -105204.64257605
      10          68.54614858       16086.55793729     -121291.84036390     -105205.28242661
      15          66.28981949       15557.03776251     -120761.98955692     -105204.95179440
      20          64.75450416       15196.72665073     -120405.58768951     -105208.86103878
Simulation Done.

- TIMING RESULTS -
Force: 20
7885 8479 8472 8482 8470 8477 8475 8482 8474 8477 8474 8481 8482 8482 8482 8469 
KineticEnergy: 20
0 0 0 0 0 0 0 0 0 0 0 0 0 0 0 0 
Propagate: 20
0 0 0 0 0 0 0 0 0 0 0 0 0 0 0 0 
RunTime: 1
8384 8506 8503 8510 8503 8506 8506 8511 8507 8506 8506 8511 8510 8510 8510 8498 
Startup Time: 1
805 801 805 797 805 802 802 797 802 802 802 797 798 797 797 797 
Velverlet: 20
0 0 0 0 0 0 0 0 0 0 0 0 0 0 0 0 
